[Sun, 22 Apr 18 08:03:29 +0700][ERROR] [2]: ImgController handler class cannot be loaded

[Sun, 22 Apr 18 08:03:30 +0700][ERROR] [2]: ImagesController handler class cannot be loaded

[Sun, 22 Apr 18 08:03:30 +0700][ERROR] [2]: ImagesController handler class cannot be loaded

[Sun, 22 Apr 18 08:03:53 +0700][ERROR] [2]: ImgController handler class cannot be loaded

[Sun, 22 Apr 18 08:03:53 +0700][ERROR] [2]: ImagesController handler class cannot be loaded

[Sun, 22 Apr 18 08:03:54 +0700][ERROR] [2]: ImagesController handler class cannot be loaded

[Sun, 22 Apr 18 08:04:12 +0700][ERROR] [5]: Action 'public' was not found on handler 'event'

[Sun, 22 Apr 18 08:04:12 +0700][ERROR] [5]: Action 'js' was not found on handler 'event'

[Sun, 22 Apr 18 08:04:13 +0700][ERROR] [5]: Action 'public' was not found on handler 'event'

[Sun, 22 Apr 18 08:04:13 +0700][ERROR] [5]: Action 'js' was not found on handler 'event'

[Sun, 22 Apr 18 08:04:35 +0700][ERROR] [5]: Action 'public' was not found on handler 'event'

[Sun, 22 Apr 18 08:04:35 +0700][ERROR] [5]: Action 'js' was not found on handler 'event'

[Sun, 22 Apr 18 08:04:35 +0700][ERROR] [5]: Action 'js' was not found on handler 'event'

[Sun, 22 Apr 18 08:04:35 +0700][ERROR] [5]: Action 'public' was not found on handler 'event'

[Sun, 22 Apr 18 08:04:35 +0700][ERROR] [5]: Action 'js' was not found on handler 'event'

[Sun, 22 Apr 18 08:04:35 +0700][ERROR] [5]: Action 'js' was not found on handler 'event'

[Sun, 22 Apr 18 08:56:34 +0700][ERROR] [2]: ImgController handler class cannot be loaded

[Sun, 22 Apr 18 08:56:34 +0700][ERROR] [2]: ImagesController handler class cannot be loaded

[Sun, 22 Apr 18 08:56:34 +0700][ERROR] [2]: ImagesController handler class cannot be loaded

[Sun, 22 Apr 18 22:12:47 +0700][ERROR] [2]: ImgController handler class cannot be loaded

[Sun, 22 Apr 18 22:12:47 +0700][ERROR] [2]: ImagesController handler class cannot be loaded

[Sun, 22 Apr 18 22:12:47 +0700][ERROR] [2]: ImagesController handler class cannot be loaded

[Sun, 22 Apr 18 22:13:00 +0700][ERROR] [2]: ImgController handler class cannot be loaded

[Sun, 22 Apr 18 22:13:00 +0700][ERROR] [2]: ImagesController handler class cannot be loaded

[Sun, 22 Apr 18 22:13:00 +0700][ERROR] [2]: ImagesController handler class cannot be loaded

[Sun, 22 Apr 18 22:17:01 +0700][ERROR] [5]: Action 'edit' was not found on handler 'event'

[Sun, 22 Apr 18 22:17:01 +0700][ERROR] [5]: Action 'js' was not found on handler 'event'

[Sun, 22 Apr 18 22:17:01 +0700][ERROR] [5]: Action 'js' was not found on handler 'event'

[Sun, 22 Apr 18 22:17:01 +0700][ERROR] [5]: Action 'js' was not found on handler 'event'

[Sun, 22 Apr 18 22:17:01 +0700][ERROR] [2]: ImgController handler class cannot be loaded

[Sun, 22 Apr 18 22:17:01 +0700][ERROR] [5]: Action 'js' was not found on handler 'event'

[Sun, 22 Apr 18 22:17:01 +0700][ERROR] [5]: Action 'js' was not found on handler 'event'

[Sun, 22 Apr 18 22:17:02 +0700][ERROR] [5]: Action 'event' was not found on handler 'event'

[Sun, 22 Apr 18 22:17:03 +0700][ERROR] [5]: Action 'js' was not found on handler 'event'

[Sun, 22 Apr 18 22:17:03 +0700][ERROR] [5]: Action 'js' was not found on handler 'event'

[Sun, 22 Apr 18 22:17:03 +0700][ERROR] [5]: Action 'js' was not found on handler 'event'

[Sun, 22 Apr 18 22:17:03 +0700][ERROR] [2]: ImgController handler class cannot be loaded

[Sun, 22 Apr 18 22:17:03 +0700][ERROR] [5]: Action 'js' was not found on handler 'event'

[Sun, 22 Apr 18 22:17:03 +0700][ERROR] [5]: Action 'js' was not found on handler 'event'

[Sun, 22 Apr 18 22:17:03 +0700][ERROR] [5]: Action 'js' was not found on handler 'event'

[Sun, 22 Apr 18 22:17:09 +0700][ERROR] [2]: ImgController handler class cannot be loaded

[Sun, 22 Apr 18 22:17:10 +0700][ERROR] [2]: ImagesController handler class cannot be loaded

[Sun, 22 Apr 18 22:17:10 +0700][ERROR] [2]: ImagesController handler class cannot be loaded

[Sun, 22 Apr 18 22:17:15 +0700][ERROR] [5]: Action 'edit' was not found on handler 'event'

[Sun, 22 Apr 18 22:17:15 +0700][ERROR] [5]: Action 'js' was not found on handler 'event'

[Sun, 22 Apr 18 22:17:15 +0700][ERROR] [5]: Action 'js' was not found on handler 'event'

[Sun, 22 Apr 18 22:17:15 +0700][ERROR] [2]: ImgController handler class cannot be loaded

[Sun, 22 Apr 18 22:17:15 +0700][ERROR] [5]: Action 'js' was not found on handler 'event'

[Sun, 22 Apr 18 22:26:14 +0700][ERROR] [5]: Action 'edit' was not found on handler 'event'

[Sun, 22 Apr 18 22:26:14 +0700][ERROR] [5]: Action 'js' was not found on handler 'event'

[Sun, 22 Apr 18 22:26:14 +0700][ERROR] [5]: Action 'js' was not found on handler 'event'

[Sun, 22 Apr 18 22:26:14 +0700][ERROR] [5]: Action 'js' was not found on handler 'event'

[Sun, 22 Apr 18 22:26:14 +0700][ERROR] [2]: ImgController handler class cannot be loaded

[Sun, 22 Apr 18 22:26:14 +0700][ERROR] [5]: Action 'img' was not found on handler 'event'

[Sun, 22 Apr 18 22:26:14 +0700][ERROR] [5]: Action 'js' was not found on handler 'event'

[Sun, 22 Apr 18 22:26:20 +0700][ERROR] [2]: ImgController handler class cannot be loaded

[Sun, 22 Apr 18 22:26:20 +0700][ERROR] [2]: ImagesController handler class cannot be loaded

[Sun, 22 Apr 18 22:26:20 +0700][ERROR] [2]: ImagesController handler class cannot be loaded

[Sun, 22 Apr 18 22:26:25 +0700][ERROR] [5]: Action 'edit' was not found on handler 'event'

[Sun, 22 Apr 18 22:26:25 +0700][ERROR] [5]: Action 'js' was not found on handler 'event'

[Sun, 22 Apr 18 22:26:25 +0700][ERROR] [5]: Action 'js' was not found on handler 'event'

[Sun, 22 Apr 18 22:26:25 +0700][ERROR] [5]: Action 'js' was not found on handler 'event'

[Sun, 22 Apr 18 22:26:25 +0700][ERROR] [2]: ImgController handler class cannot be loaded

[Sun, 22 Apr 18 22:26:25 +0700][ERROR] [5]: Action 'js' was not found on handler 'event'

[Sun, 22 Apr 18 22:26:25 +0700][ERROR] [5]: Action 'js' was not found on handler 'event'

[Sun, 22 Apr 18 22:35:08 +0700][ERROR] [2]: ImgController handler class cannot be loaded

[Sun, 22 Apr 18 22:35:08 +0700][ERROR] [2]: ImagesController handler class cannot be loaded

[Sun, 22 Apr 18 22:35:08 +0700][ERROR] [2]: ImagesController handler class cannot be loaded

[Sun, 22 Apr 18 22:35:16 +0700][ERROR] [5]: Action 'edit' was not found on handler 'event'

[Sun, 22 Apr 18 22:35:16 +0700][ERROR] [5]: Action 'js' was not found on handler 'event'

[Sun, 22 Apr 18 22:35:16 +0700][ERROR] [5]: Action 'js' was not found on handler 'event'

[Sun, 22 Apr 18 22:35:16 +0700][ERROR] [5]: Action 'js' was not found on handler 'event'

[Sun, 22 Apr 18 22:35:16 +0700][ERROR] [2]: ImgController handler class cannot be loaded

[Sun, 22 Apr 18 22:35:16 +0700][ERROR] [5]: Action 'js' was not found on handler 'event'

[Sun, 22 Apr 18 22:35:16 +0700][ERROR] [5]: Action 'js' was not found on handler 'event'

[Sun, 22 Apr 18 22:35:16 +0700][ERROR] [5]: Action 'js' was not found on handler 'event'

[Sun, 22 Apr 18 22:35:51 +0700][ERROR] [5]: Action 'edit' was not found on handler 'event'

[Sun, 22 Apr 18 22:35:51 +0700][ERROR] [5]: Action 'js' was not found on handler 'event'

[Sun, 22 Apr 18 22:35:51 +0700][ERROR] [5]: Action 'js' was not found on handler 'event'

[Sun, 22 Apr 18 22:35:51 +0700][ERROR] [5]: Action 'js' was not found on handler 'event'

[Sun, 22 Apr 18 22:35:51 +0700][ERROR] [2]: ImgController handler class cannot be loaded

[Sun, 22 Apr 18 22:35:51 +0700][ERROR] [5]: Action 'js' was not found on handler 'event'

[Sun, 22 Apr 18 22:35:51 +0700][ERROR] [5]: Action 'js' was not found on handler 'event'

[Sun, 22 Apr 18 22:36:43 +0700][ERROR] [5]: Action 'edit' was not found on handler 'event'

[Sun, 22 Apr 18 22:36:43 +0700][ERROR] [5]: Action 'js' was not found on handler 'event'

[Sun, 22 Apr 18 22:36:43 +0700][ERROR] [5]: Action 'js' was not found on handler 'event'

[Sun, 22 Apr 18 22:36:43 +0700][ERROR] [5]: Action 'js' was not found on handler 'event'

[Sun, 22 Apr 18 22:36:43 +0700][ERROR] [2]: ImgController handler class cannot be loaded

[Sun, 22 Apr 18 22:36:43 +0700][ERROR] [5]: Action 'js' was not found on handler 'event'

[Sun, 22 Apr 18 22:36:43 +0700][ERROR] [5]: Action 'js' was not found on handler 'event'

[Sun, 22 Apr 18 22:36:43 +0700][ERROR] [5]: Action 'js' was not found on handler 'event'

[Sun, 22 Apr 18 22:36:49 +0700][ERROR] [2]: ImgController handler class cannot be loaded

[Sun, 22 Apr 18 22:36:49 +0700][ERROR] [2]: ImagesController handler class cannot be loaded

[Sun, 22 Apr 18 22:36:49 +0700][ERROR] [2]: ImagesController handler class cannot be loaded

[Sun, 22 Apr 18 22:36:53 +0700][ERROR] [5]: Action 'edit' was not found on handler 'event'

[Sun, 22 Apr 18 22:36:53 +0700][ERROR] [5]: Action 'edit' was not found on handler 'event'

[Sun, 22 Apr 18 22:36:53 +0700][ERROR] [5]: Action 'edit' was not found on handler 'event'

[Sun, 22 Apr 18 22:36:53 +0700][ERROR] [2]: ImgController handler class cannot be loaded

[Sun, 22 Apr 18 22:36:54 +0700][ERROR] [5]: Action 'edit' was not found on handler 'event'

[Sun, 22 Apr 18 22:43:58 +0700][ERROR] [2]: ImgController handler class cannot be loaded

[Sun, 22 Apr 18 22:43:59 +0700][ERROR] [2]: ImagesController handler class cannot be loaded

[Sun, 22 Apr 18 22:43:59 +0700][ERROR] [2]: ImagesController handler class cannot be loaded

[Sun, 22 Apr 18 23:27:23 +0700][ERROR] [2]: ImgController handler class cannot be loaded

[Sun, 22 Apr 18 23:27:23 +0700][ERROR] [2]: ImagesController handler class cannot be loaded

[Sun, 22 Apr 18 23:27:23 +0700][ERROR] [2]: ImagesController handler class cannot be loaded

