[Mon, 23 Apr 18 00:00:21 +0700][ERROR] [2]: ImgController handler class cannot be loaded

[Mon, 23 Apr 18 00:00:21 +0700][ERROR] [2]: ImagesController handler class cannot be loaded

[Mon, 23 Apr 18 00:00:21 +0700][ERROR] [2]: ImagesController handler class cannot be loaded

[Mon, 23 Apr 18 00:30:10 +0700][ERROR] [2]: ImgController handler class cannot be loaded

[Mon, 23 Apr 18 00:30:11 +0700][ERROR] [2]: ImagesController handler class cannot be loaded

[Mon, 23 Apr 18 00:30:11 +0700][ERROR] [2]: ImagesController handler class cannot be loaded

[Mon, 23 Apr 18 00:30:25 +0700][ERROR] [2]: ImgController handler class cannot be loaded

[Mon, 23 Apr 18 00:30:25 +0700][ERROR] [2]: ImagesController handler class cannot be loaded

[Mon, 23 Apr 18 00:30:25 +0700][ERROR] [2]: ImagesController handler class cannot be loaded

[Mon, 23 Apr 18 00:40:00 +0700][ERROR] [5]: Action 'public' was not found on handler 'event'

[Mon, 23 Apr 18 00:40:00 +0700][ERROR] [5]: Action 'js' was not found on handler 'event'

[Mon, 23 Apr 18 00:40:00 +0700][ERROR] [5]: Action 'public' was not found on handler 'event'

[Mon, 23 Apr 18 00:40:00 +0700][ERROR] [5]: Action 'js' was not found on handler 'event'

[Mon, 23 Apr 18 00:40:07 +0700][ERROR] [5]: Action 'event' was not found on handler 'event'

[Mon, 23 Apr 18 00:40:07 +0700][ERROR] [5]: Action 'event' was not found on handler 'event'

[Mon, 23 Apr 18 00:40:07 +0700][ERROR] [5]: Action 'event' was not found on handler 'event'

[Mon, 23 Apr 18 00:40:07 +0700][ERROR] [5]: Action 'event' was not found on handler 'event'

[Mon, 23 Apr 18 00:40:07 +0700][ERROR] [2]: ImgController handler class cannot be loaded

[Mon, 23 Apr 18 00:40:07 +0700][ERROR] [5]: Action 'event' was not found on handler 'event'

[Mon, 23 Apr 18 00:40:07 +0700][ERROR] [5]: Action 'event' was not found on handler 'event'

[Mon, 23 Apr 18 00:40:10 +0700][ERROR] [5]: Action 'public' was not found on handler 'event'

[Mon, 23 Apr 18 00:40:12 +0700][ERROR] [5]: Action 'event' was not found on handler 'event'

[Mon, 23 Apr 18 00:40:12 +0700][ERROR] [5]: Action 'event' was not found on handler 'event'

[Mon, 23 Apr 18 00:40:12 +0700][ERROR] [5]: Action 'event' was not found on handler 'event'

[Mon, 23 Apr 18 00:40:12 +0700][ERROR] [5]: Action 'event' was not found on handler 'event'

[Mon, 23 Apr 18 00:40:12 +0700][ERROR] [5]: Action 'event' was not found on handler 'event'

[Mon, 23 Apr 18 00:40:12 +0700][ERROR] [5]: Action 'event' was not found on handler 'event'

[Mon, 23 Apr 18 00:40:12 +0700][ERROR] [5]: Action 'event' was not found on handler 'event'

[Mon, 23 Apr 18 00:40:14 +0700][ERROR] [5]: Action 'public' was not found on handler 'event'

[Mon, 23 Apr 18 00:40:14 +0700][ERROR] [5]: Action 'public' was not found on handler 'event'

[Mon, 23 Apr 18 00:40:23 +0700][ERROR] [5]: Action 'event' was not found on handler 'event'

[Mon, 23 Apr 18 00:40:23 +0700][ERROR] [5]: Action 'event' was not found on handler 'event'

[Mon, 23 Apr 18 00:40:23 +0700][ERROR] [5]: Action 'event' was not found on handler 'event'

[Mon, 23 Apr 18 00:40:24 +0700][ERROR] [5]: Action 'event' was not found on handler 'event'

[Mon, 23 Apr 18 00:40:24 +0700][ERROR] [2]: ImgController handler class cannot be loaded

[Mon, 23 Apr 18 00:40:24 +0700][ERROR] [5]: Action 'event' was not found on handler 'event'

[Mon, 23 Apr 18 00:40:24 +0700][ERROR] [5]: Action 'event' was not found on handler 'event'

[Mon, 23 Apr 18 00:40:27 +0700][ERROR] [5]: Action 'public' was not found on handler 'event'

[Mon, 23 Apr 18 00:40:30 +0700][ERROR] [5]: Action 'event' was not found on handler 'event'

[Mon, 23 Apr 18 00:40:30 +0700][ERROR] [5]: Action 'event' was not found on handler 'event'

[Mon, 23 Apr 18 00:40:30 +0700][ERROR] [5]: Action 'event' was not found on handler 'event'

[Mon, 23 Apr 18 00:40:30 +0700][ERROR] [2]: ImgController handler class cannot be loaded

[Mon, 23 Apr 18 00:40:31 +0700][ERROR] [5]: Action 'event' was not found on handler 'event'

[Mon, 23 Apr 18 00:42:09 +0700][ERROR] [5]: Action 'event' was not found on handler 'event'

[Mon, 23 Apr 18 00:42:10 +0700][ERROR] [5]: Action 'event' was not found on handler 'event'

[Mon, 23 Apr 18 00:42:10 +0700][ERROR] [5]: Action 'event' was not found on handler 'event'

[Mon, 23 Apr 18 00:42:10 +0700][ERROR] [5]: Action 'event' was not found on handler 'event'

[Mon, 23 Apr 18 00:42:10 +0700][ERROR] [5]: Action 'event' was not found on handler 'event'

[Mon, 23 Apr 18 00:42:10 +0700][ERROR] [5]: Action 'event' was not found on handler 'event'

[Mon, 23 Apr 18 00:42:10 +0700][ERROR] [5]: Action 'event' was not found on handler 'event'

[Mon, 23 Apr 18 00:42:14 +0700][ERROR] [5]: Action 'public' was not found on handler 'event'

[Mon, 23 Apr 18 00:42:14 +0700][ERROR] [5]: Action 'js' was not found on handler 'event'

[Mon, 23 Apr 18 00:42:14 +0700][ERROR] [5]: Action 'js' was not found on handler 'event'

[Mon, 23 Apr 18 00:42:21 +0700][ERROR] [5]: Action 'event' was not found on handler 'event'

[Mon, 23 Apr 18 00:42:21 +0700][ERROR] [5]: Action 'js' was not found on handler 'event'

[Mon, 23 Apr 18 00:42:21 +0700][ERROR] [5]: Action 'js' was not found on handler 'event'

[Mon, 23 Apr 18 00:42:21 +0700][ERROR] [5]: Action 'js' was not found on handler 'event'

[Mon, 23 Apr 18 00:42:21 +0700][ERROR] [2]: ImgController handler class cannot be loaded

[Mon, 23 Apr 18 00:42:22 +0700][ERROR] [5]: Action 'img' was not found on handler 'event'

[Mon, 23 Apr 18 00:42:22 +0700][ERROR] [5]: Action 'js' was not found on handler 'event'

[Mon, 23 Apr 18 00:42:22 +0700][ERROR] [5]: Action 'js' was not found on handler 'event'

[Mon, 23 Apr 18 00:42:31 +0700][ERROR] [5]: Action 'public' was not found on handler 'event'

[Mon, 23 Apr 18 00:42:31 +0700][ERROR] [5]: Action 'js' was not found on handler 'event'

[Mon, 23 Apr 18 00:42:31 +0700][ERROR] [5]: Action 'public' was not found on handler 'event'

[Mon, 23 Apr 18 00:42:31 +0700][ERROR] [5]: Action 'js' was not found on handler 'event'

[Mon, 23 Apr 18 00:42:50 +0700][ERROR] [5]: Action 'public' was not found on handler 'event'

[Mon, 23 Apr 18 00:42:50 +0700][ERROR] [5]: Action 'js' was not found on handler 'event'

[Mon, 23 Apr 18 00:42:50 +0700][ERROR] [5]: Action 'public' was not found on handler 'event'

[Mon, 23 Apr 18 00:42:50 +0700][ERROR] [5]: Action 'js' was not found on handler 'event'

[Mon, 23 Apr 18 00:50:12 +0700][ERROR] [2]: ImgController handler class cannot be loaded

[Mon, 23 Apr 18 00:50:12 +0700][ERROR] [2]: ImagesController handler class cannot be loaded

[Mon, 23 Apr 18 00:50:12 +0700][ERROR] [2]: ImagesController handler class cannot be loaded

[Mon, 23 Apr 18 01:01:32 +0700][ERROR] [5]: Action 'public' was not found on handler 'event'

[Mon, 23 Apr 18 01:01:32 +0700][ERROR] [5]: Action 'js' was not found on handler 'event'

[Mon, 23 Apr 18 01:01:32 +0700][ERROR] [5]: Action 'js' was not found on handler 'event'

[Mon, 23 Apr 18 01:01:32 +0700][ERROR] [5]: Action 'public' was not found on handler 'event'

[Mon, 23 Apr 18 01:01:32 +0700][ERROR] [5]: Action 'js' was not found on handler 'event'

[Mon, 23 Apr 18 01:01:32 +0700][ERROR] [5]: Action 'js' was not found on handler 'event'

[Mon, 23 Apr 18 01:10:14 +0700][ERROR] [5]: Action 'public' was not found on handler 'event'

[Mon, 23 Apr 18 01:10:14 +0700][ERROR] [5]: Action 'js' was not found on handler 'event'

[Mon, 23 Apr 18 01:10:14 +0700][ERROR] [5]: Action 'public' was not found on handler 'event'

[Mon, 23 Apr 18 01:10:14 +0700][ERROR] [5]: Action 'js' was not found on handler 'event'

[Mon, 23 Apr 18 12:51:45 +0700][ERROR] [2]: ImgController handler class cannot be loaded

[Mon, 23 Apr 18 12:51:46 +0700][ERROR] [2]: ImagesController handler class cannot be loaded

[Mon, 23 Apr 18 12:51:46 +0700][ERROR] [2]: ImagesController handler class cannot be loaded

[Mon, 23 Apr 18 12:51:56 +0700][ERROR] [2]: ImgController handler class cannot be loaded

[Mon, 23 Apr 18 12:51:56 +0700][ERROR] [2]: ImagesController handler class cannot be loaded

[Mon, 23 Apr 18 12:51:56 +0700][ERROR] [2]: ImagesController handler class cannot be loaded

[Mon, 23 Apr 18 13:08:17 +0700][ERROR] [5]: Action 'public' was not found on handler 'event'

[Mon, 23 Apr 18 13:08:17 +0700][ERROR] [5]: Action 'js' was not found on handler 'event'

[Mon, 23 Apr 18 13:08:17 +0700][ERROR] [5]: Action 'js' was not found on handler 'event'

[Mon, 23 Apr 18 13:08:17 +0700][ERROR] [5]: Action 'public' was not found on handler 'event'

[Mon, 23 Apr 18 13:08:17 +0700][ERROR] [5]: Action 'js' was not found on handler 'event'

[Mon, 23 Apr 18 13:08:17 +0700][ERROR] [5]: Action 'js' was not found on handler 'event'

[Mon, 23 Apr 18 13:34:16 +0700][ERROR] [2]: EditController handler class cannot be loaded

[Mon, 23 Apr 18 13:34:16 +0700][ERROR] [2]: EditController handler class cannot be loaded

[Mon, 23 Apr 18 13:34:16 +0700][ERROR] [2]: EditController handler class cannot be loaded

[Mon, 23 Apr 18 13:34:16 +0700][ERROR] [2]: EditController handler class cannot be loaded

[Mon, 23 Apr 18 13:34:16 +0700][ERROR] [2]: ImgController handler class cannot be loaded

[Mon, 23 Apr 18 13:34:16 +0700][ERROR] [2]: EditController handler class cannot be loaded

[Mon, 23 Apr 18 13:34:16 +0700][ERROR] [2]: EditController handler class cannot be loaded

[Mon, 23 Apr 18 13:34:16 +0700][ERROR] [2]: EditController handler class cannot be loaded

