[Sun, 15 Apr 18 22:05:10 +0700][ERROR] [2]: ImgController handler class cannot be loaded

[Sun, 15 Apr 18 22:05:12 +0700][ERROR] [2]: ImagesController handler class cannot be loaded

[Sun, 15 Apr 18 22:05:13 +0700][ERROR] [2]: ImagesController handler class cannot be loaded

[Sun, 15 Apr 18 22:10:46 +0700][ERROR] [2]: ImgController handler class cannot be loaded

[Sun, 15 Apr 18 22:10:47 +0700][ERROR] [2]: ImagesController handler class cannot be loaded

[Sun, 15 Apr 18 22:10:47 +0700][ERROR] [2]: ImagesController handler class cannot be loaded

[Sun, 15 Apr 18 22:10:56 +0700][ERROR] [2]: ImgController handler class cannot be loaded

[Sun, 15 Apr 18 22:10:56 +0700][ERROR] [2]: ImagesController handler class cannot be loaded

[Sun, 15 Apr 18 22:10:56 +0700][ERROR] [2]: ImagesController handler class cannot be loaded

[Sun, 15 Apr 18 22:16:53 +0700][ERROR] [2]: ImgController handler class cannot be loaded

[Sun, 15 Apr 18 22:16:53 +0700][ERROR] [2]: ImagesController handler class cannot be loaded

[Sun, 15 Apr 18 22:16:53 +0700][ERROR] [2]: ImagesController handler class cannot be loaded

[Sun, 15 Apr 18 22:20:01 +0700][ERROR] [5]: Action 'public' was not found on handler 'event'

[Sun, 15 Apr 18 22:20:01 +0700][ERROR] [5]: Action 'js' was not found on handler 'event'

[Sun, 15 Apr 18 22:20:01 +0700][ERROR] [5]: Action 'public' was not found on handler 'event'

[Sun, 15 Apr 18 22:20:01 +0700][ERROR] [5]: Action 'js' was not found on handler 'event'

[Sun, 15 Apr 18 22:20:47 +0700][ERROR] [5]: Action 'js' was not found on handler 'event'

[Sun, 15 Apr 18 22:20:47 +0700][ERROR] [5]: Action 'js' was not found on handler 'event'

[Sun, 15 Apr 18 22:20:47 +0700][ERROR] [5]: Action 'js' was not found on handler 'event'

[Sun, 15 Apr 18 22:20:47 +0700][ERROR] [5]: Action 'js' was not found on handler 'event'

[Sun, 15 Apr 18 22:22:33 +0700][ERROR] [5]: Action 'public' was not found on handler 'event'

[Sun, 15 Apr 18 22:22:33 +0700][ERROR] [5]: Action 'js' was not found on handler 'event'

[Sun, 15 Apr 18 22:22:33 +0700][ERROR] [5]: Action 'public' was not found on handler 'event'

[Sun, 15 Apr 18 22:23:39 +0700][ERROR] [5]: Action 'public' was not found on handler 'event'

[Sun, 15 Apr 18 22:23:39 +0700][ERROR] [5]: Action 'js' was not found on handler 'event'

[Sun, 15 Apr 18 22:23:39 +0700][ERROR] [5]: Action 'public' was not found on handler 'event'

[Sun, 15 Apr 18 22:23:39 +0700][ERROR] [5]: Action 'js' was not found on handler 'event'

[Sun, 15 Apr 18 22:25:13 +0700][ERROR] [5]: Action 'public' was not found on handler 'event'

[Sun, 15 Apr 18 22:25:13 +0700][ERROR] [5]: Action 'js' was not found on handler 'event'

[Sun, 15 Apr 18 22:25:13 +0700][ERROR] [5]: Action 'public' was not found on handler 'event'

[Sun, 15 Apr 18 22:25:34 +0700][ERROR] [5]: Action 'public' was not found on handler 'event'

[Sun, 15 Apr 18 22:25:34 +0700][ERROR] [5]: Action 'js' was not found on handler 'event'

[Sun, 15 Apr 18 22:25:34 +0700][ERROR] [5]: Action 'public' was not found on handler 'event'

[Sun, 15 Apr 18 22:25:34 +0700][ERROR] [5]: Action 'js' was not found on handler 'event'

[Sun, 15 Apr 18 22:30:32 +0700][ERROR] [5]: Action 'public' was not found on handler 'event'

[Sun, 15 Apr 18 22:30:33 +0700][ERROR] [5]: Action 'js' was not found on handler 'event'

[Sun, 15 Apr 18 22:30:33 +0700][ERROR] [5]: Action 'public' was not found on handler 'event'

[Sun, 15 Apr 18 22:30:33 +0700][ERROR] [5]: Action 'js' was not found on handler 'event'

[Sun, 15 Apr 18 22:36:27 +0700][ERROR] [2]: ImgController handler class cannot be loaded

[Sun, 15 Apr 18 22:36:28 +0700][ERROR] [2]: ImagesController handler class cannot be loaded

[Sun, 15 Apr 18 22:36:28 +0700][ERROR] [2]: ImagesController handler class cannot be loaded

[Sun, 15 Apr 18 22:50:36 +0700][ERROR] [5]: Action 'js' was not found on handler 'event'

[Sun, 15 Apr 18 22:50:36 +0700][ERROR] [5]: Action 'js' was not found on handler 'event'

[Sun, 15 Apr 18 22:50:36 +0700][ERROR] [5]: Action 'js' was not found on handler 'event'

[Sun, 15 Apr 18 22:50:36 +0700][ERROR] [5]: Action 'js' was not found on handler 'event'

[Sun, 15 Apr 18 22:51:41 +0700][ERROR] [5]: Action 'public' was not found on handler 'event'

[Sun, 15 Apr 18 22:51:41 +0700][ERROR] [5]: Action 'js' was not found on handler 'event'

[Sun, 15 Apr 18 22:51:41 +0700][ERROR] [5]: Action 'public' was not found on handler 'event'

[Sun, 15 Apr 18 22:51:41 +0700][ERROR] [5]: Action 'js' was not found on handler 'event'

[Sun, 15 Apr 18 22:52:05 +0700][ERROR] [5]: Action 'public' was not found on handler 'event'

[Sun, 15 Apr 18 22:52:05 +0700][ERROR] [5]: Action 'js' was not found on handler 'event'

[Sun, 15 Apr 18 22:52:15 +0700][ERROR] [5]: Action 'public' was not found on handler 'event'

[Sun, 15 Apr 18 22:52:15 +0700][ERROR] [5]: Action 'js' was not found on handler 'event'

[Sun, 15 Apr 18 22:52:15 +0700][ERROR] [5]: Action 'public' was not found on handler 'event'

[Sun, 15 Apr 18 22:52:15 +0700][ERROR] [5]: Action 'js' was not found on handler 'event'

[Sun, 15 Apr 18 22:52:34 +0700][ERROR] [5]: Action 'public' was not found on handler 'event'

[Sun, 15 Apr 18 22:52:34 +0700][ERROR] [5]: Action 'js' was not found on handler 'event'

[Sun, 15 Apr 18 22:52:34 +0700][ERROR] [5]: Action 'public' was not found on handler 'event'

[Sun, 15 Apr 18 22:52:34 +0700][ERROR] [5]: Action 'js' was not found on handler 'event'

[Sun, 15 Apr 18 22:55:51 +0700][ERROR] [5]: Action 'public' was not found on handler 'event'

[Sun, 15 Apr 18 22:55:51 +0700][ERROR] [5]: Action 'js' was not found on handler 'event'

[Sun, 15 Apr 18 22:55:51 +0700][ERROR] [5]: Action 'public' was not found on handler 'event'

[Sun, 15 Apr 18 22:55:51 +0700][ERROR] [5]: Action 'js' was not found on handler 'event'

[Sun, 15 Apr 18 22:56:08 +0700][ERROR] [5]: Action 'public' was not found on handler 'event'

[Sun, 15 Apr 18 22:56:08 +0700][ERROR] [5]: Action 'js' was not found on handler 'event'

[Sun, 15 Apr 18 22:56:08 +0700][ERROR] [5]: Action 'public' was not found on handler 'event'

[Sun, 15 Apr 18 22:56:08 +0700][ERROR] [5]: Action 'js' was not found on handler 'event'

[Sun, 15 Apr 18 22:56:24 +0700][ERROR] [5]: Action 'public' was not found on handler 'event'

[Sun, 15 Apr 18 22:56:24 +0700][ERROR] [5]: Action 'js' was not found on handler 'event'

[Sun, 15 Apr 18 22:56:24 +0700][ERROR] [5]: Action 'public' was not found on handler 'event'

[Sun, 15 Apr 18 22:56:24 +0700][ERROR] [5]: Action 'js' was not found on handler 'event'

[Sun, 15 Apr 18 23:07:09 +0700][ERROR] [5]: Action 'js' was not found on handler 'event'

[Sun, 15 Apr 18 23:07:09 +0700][ERROR] [5]: Action 'js' was not found on handler 'event'

[Sun, 15 Apr 18 23:07:10 +0700][ERROR] [5]: Action 'js' was not found on handler 'event'

[Sun, 15 Apr 18 23:07:10 +0700][ERROR] [5]: Action 'js' was not found on handler 'event'

[Sun, 15 Apr 18 23:07:15 +0700][ERROR] [5]: Action 'event' was not found on handler 'event'

[Sun, 15 Apr 18 23:07:15 +0700][ERROR] [5]: Action 'event' was not found on handler 'event'

[Sun, 15 Apr 18 23:07:15 +0700][ERROR] [5]: Action 'event' was not found on handler 'event'

[Sun, 15 Apr 18 23:07:15 +0700][ERROR] [5]: Action 'event' was not found on handler 'event'

[Sun, 15 Apr 18 23:07:15 +0700][ERROR] [2]: ImgController handler class cannot be loaded

[Sun, 15 Apr 18 23:07:15 +0700][ERROR] [5]: Action 'event' was not found on handler 'event'

[Sun, 15 Apr 18 23:07:15 +0700][ERROR] [5]: Action 'event' was not found on handler 'event'

[Sun, 15 Apr 18 23:07:22 +0700][ERROR] [5]: Action 'event' was not found on handler 'event'

[Sun, 15 Apr 18 23:07:22 +0700][ERROR] [5]: Action 'event' was not found on handler 'event'

[Sun, 15 Apr 18 23:07:22 +0700][ERROR] [5]: Action 'event' was not found on handler 'event'

[Sun, 15 Apr 18 23:07:22 +0700][ERROR] [5]: Action 'event' was not found on handler 'event'

[Sun, 15 Apr 18 23:07:22 +0700][ERROR] [2]: ImgController handler class cannot be loaded

[Sun, 15 Apr 18 23:07:22 +0700][ERROR] [5]: Action 'event' was not found on handler 'event'

[Sun, 15 Apr 18 23:07:22 +0700][ERROR] [5]: Action 'event' was not found on handler 'event'

[Sun, 15 Apr 18 23:08:07 +0700][ERROR] [2]: ImgController handler class cannot be loaded

[Sun, 15 Apr 18 23:08:07 +0700][ERROR] [2]: ImagesController handler class cannot be loaded

[Sun, 15 Apr 18 23:08:07 +0700][ERROR] [2]: ImagesController handler class cannot be loaded

