[Sun, 08 Apr 18 00:11:12 +0700][ERROR] [2]: AssetsController handler class cannot be loaded

[Sun, 08 Apr 18 00:11:12 +0700][ERROR] [2]: AssetsController handler class cannot be loaded

[Sun, 08 Apr 18 00:11:12 +0700][ERROR] [2]: AssetsController handler class cannot be loaded

[Sun, 08 Apr 18 00:11:12 +0700][ERROR] [2]: ImagesController handler class cannot be loaded

[Sun, 08 Apr 18 00:11:12 +0700][ERROR] [2]: AssetsController handler class cannot be loaded

[Sun, 08 Apr 18 00:11:13 +0700][ERROR] [2]: ImagesController handler class cannot be loaded

[Sun, 08 Apr 18 00:11:13 +0700][ERROR] [2]: AssetsController handler class cannot be loaded

[Sun, 08 Apr 18 00:11:13 +0700][ERROR] [2]: AssetsController handler class cannot be loaded

[Sun, 08 Apr 18 00:13:29 +0700][ERROR] [2]: AssetsController handler class cannot be loaded

[Sun, 08 Apr 18 00:13:30 +0700][ERROR] [2]: AssetsController handler class cannot be loaded

[Sun, 08 Apr 18 00:14:15 +0700][ERROR] [2]: AssetsController handler class cannot be loaded

[Sun, 08 Apr 18 00:14:15 +0700][ERROR] [2]: AssetsController handler class cannot be loaded

[Sun, 08 Apr 18 00:14:15 +0700][ERROR] [2]: AssetsController handler class cannot be loaded

[Sun, 08 Apr 18 00:14:15 +0700][ERROR] [2]: AssetsController handler class cannot be loaded

[Sun, 08 Apr 18 00:14:40 +0700][ERROR] [2]: AssetsController handler class cannot be loaded

[Sun, 08 Apr 18 00:14:40 +0700][ERROR] [2]: AssetsController handler class cannot be loaded

[Sun, 08 Apr 18 00:14:40 +0700][ERROR] [2]: AssetsController handler class cannot be loaded

[Sun, 08 Apr 18 00:14:41 +0700][ERROR] [2]: AssetsController handler class cannot be loaded

[Sun, 08 Apr 18 00:14:41 +0700][ERROR] [2]: AssetsController handler class cannot be loaded

[Sun, 08 Apr 18 00:14:41 +0700][ERROR] [2]: AssetsController handler class cannot be loaded

[Sun, 08 Apr 18 00:15:35 +0700][ERROR] [2]: AssetsController handler class cannot be loaded

[Sun, 08 Apr 18 00:15:35 +0700][ERROR] [2]: AssetsController handler class cannot be loaded

[Sun, 08 Apr 18 00:15:36 +0700][ERROR] [2]: AssetsController handler class cannot be loaded

[Sun, 08 Apr 18 00:15:36 +0700][ERROR] [2]: AssetsController handler class cannot be loaded

[Sun, 08 Apr 18 00:15:36 +0700][ERROR] [2]: AssetsController handler class cannot be loaded

[Sun, 08 Apr 18 00:15:36 +0700][ERROR] [2]: AssetsController handler class cannot be loaded

[Sun, 08 Apr 18 00:15:36 +0700][ERROR] [2]: AssetsController handler class cannot be loaded

[Sun, 08 Apr 18 00:15:36 +0700][ERROR] [2]: AssetsController handler class cannot be loaded

[Sun, 08 Apr 18 00:20:11 +0700][ERROR] [2]: AssetsController handler class cannot be loaded

[Sun, 08 Apr 18 00:20:11 +0700][ERROR] [2]: AssetsController handler class cannot be loaded

[Sun, 08 Apr 18 00:20:11 +0700][ERROR] [2]: AssetsController handler class cannot be loaded

[Sun, 08 Apr 18 00:20:12 +0700][ERROR] [2]: AssetsController handler class cannot be loaded

[Sun, 08 Apr 18 00:20:12 +0700][ERROR] [2]: AssetsController handler class cannot be loaded

[Sun, 08 Apr 18 00:20:12 +0700][ERROR] [2]: AssetsController handler class cannot be loaded

[Sun, 08 Apr 18 00:20:36 +0700][ERROR] [2]: AssetsController handler class cannot be loaded

[Sun, 08 Apr 18 00:20:36 +0700][ERROR] [2]: AssetsController handler class cannot be loaded

[Sun, 08 Apr 18 00:20:36 +0700][ERROR] [2]: AssetsController handler class cannot be loaded

[Sun, 08 Apr 18 00:20:36 +0700][ERROR] [2]: AssetsController handler class cannot be loaded

[Sun, 08 Apr 18 00:20:36 +0700][ERROR] [2]: AssetsController handler class cannot be loaded

[Sun, 08 Apr 18 00:20:36 +0700][ERROR] [2]: AssetsController handler class cannot be loaded

[Sun, 08 Apr 18 00:20:39 +0700][ERROR] [2]: ImgController handler class cannot be loaded

[Sun, 08 Apr 18 00:20:40 +0700][ERROR] [2]: ImagesController handler class cannot be loaded

[Sun, 08 Apr 18 00:20:40 +0700][ERROR] [2]: ImagesController handler class cannot be loaded

[Sun, 08 Apr 18 00:21:18 +0700][ERROR] [2]: AssetsController handler class cannot be loaded

[Sun, 08 Apr 18 00:21:18 +0700][ERROR] [2]: AssetsController handler class cannot be loaded

[Sun, 08 Apr 18 00:21:19 +0700][ERROR] [2]: AssetsController handler class cannot be loaded

[Sun, 08 Apr 18 00:21:19 +0700][ERROR] [2]: AssetsController handler class cannot be loaded

[Sun, 08 Apr 18 00:21:22 +0700][ERROR] [2]: AssetsController handler class cannot be loaded

[Sun, 08 Apr 18 00:21:22 +0700][ERROR] [2]: AssetsController handler class cannot be loaded

[Sun, 08 Apr 18 00:21:26 +0700][ERROR] [2]: AssetsController handler class cannot be loaded

[Sun, 08 Apr 18 00:21:27 +0700][ERROR] [2]: AssetsController handler class cannot be loaded

[Sun, 08 Apr 18 00:21:41 +0700][ERROR] [2]: AssetsController handler class cannot be loaded

[Sun, 08 Apr 18 00:21:41 +0700][ERROR] [2]: AssetsController handler class cannot be loaded

[Sun, 08 Apr 18 00:21:41 +0700][ERROR] [2]: AssetsController handler class cannot be loaded

[Sun, 08 Apr 18 00:21:41 +0700][ERROR] [2]: AssetsController handler class cannot be loaded

[Sun, 08 Apr 18 00:21:42 +0700][ERROR] [2]: AssetsController handler class cannot be loaded

[Sun, 08 Apr 18 00:21:42 +0700][ERROR] [2]: AssetsController handler class cannot be loaded

[Sun, 08 Apr 18 00:21:42 +0700][ERROR] [2]: AssetsController handler class cannot be loaded

[Sun, 08 Apr 18 00:21:43 +0700][ERROR] [2]: PhalconController handler class cannot be loaded

[Sun, 08 Apr 18 00:21:44 +0700][ERROR] [2]: ImgController handler class cannot be loaded

[Sun, 08 Apr 18 00:21:44 +0700][ERROR] [2]: ImagesController handler class cannot be loaded

[Sun, 08 Apr 18 00:21:44 +0700][ERROR] [2]: ImagesController handler class cannot be loaded

[Sun, 08 Apr 18 00:21:57 +0700][ERROR] [2]: ImgController handler class cannot be loaded

[Sun, 08 Apr 18 00:21:58 +0700][ERROR] [2]: ImagesController handler class cannot be loaded

[Sun, 08 Apr 18 00:21:58 +0700][ERROR] [2]: ImagesController handler class cannot be loaded

[Sun, 08 Apr 18 00:22:09 +0700][ERROR] [2]: AssetsController handler class cannot be loaded

[Sun, 08 Apr 18 00:22:09 +0700][ERROR] [2]: AssetsController handler class cannot be loaded

[Sun, 08 Apr 18 00:22:09 +0700][ERROR] [2]: AssetsController handler class cannot be loaded

[Sun, 08 Apr 18 00:22:09 +0700][ERROR] [2]: AssetsController handler class cannot be loaded

[Sun, 08 Apr 18 00:22:09 +0700][ERROR] [2]: AssetsController handler class cannot be loaded

[Sun, 08 Apr 18 00:22:09 +0700][ERROR] [2]: AssetsController handler class cannot be loaded

[Sun, 08 Apr 18 00:22:29 +0700][ERROR] [2]: PhalconController handler class cannot be loaded

[Sun, 08 Apr 18 00:22:30 +0700][ERROR] [2]: ImgController handler class cannot be loaded

[Sun, 08 Apr 18 00:22:30 +0700][ERROR] [2]: ImagesController handler class cannot be loaded

[Sun, 08 Apr 18 00:22:30 +0700][ERROR] [2]: ImagesController handler class cannot be loaded

[Sun, 08 Apr 18 00:22:44 +0700][ERROR] [2]: PhalconController handler class cannot be loaded

[Sun, 08 Apr 18 00:22:44 +0700][ERROR] [2]: ImgController handler class cannot be loaded

[Sun, 08 Apr 18 00:22:45 +0700][ERROR] [2]: ImagesController handler class cannot be loaded

[Sun, 08 Apr 18 00:22:45 +0700][ERROR] [2]: ImagesController handler class cannot be loaded

[Sun, 08 Apr 18 00:22:48 +0700][ERROR] [2]: ImgController handler class cannot be loaded

[Sun, 08 Apr 18 00:22:48 +0700][ERROR] [2]: ImagesController handler class cannot be loaded

[Sun, 08 Apr 18 00:22:48 +0700][ERROR] [2]: ImagesController handler class cannot be loaded

[Sun, 08 Apr 18 00:23:02 +0700][ERROR] [2]: ImgController handler class cannot be loaded

[Sun, 08 Apr 18 00:23:02 +0700][ERROR] [2]: ImagesController handler class cannot be loaded

[Sun, 08 Apr 18 00:23:02 +0700][ERROR] [2]: ImagesController handler class cannot be loaded

[Sun, 08 Apr 18 00:23:05 +0700][ERROR] [2]: ImgController handler class cannot be loaded

[Sun, 08 Apr 18 00:23:06 +0700][ERROR] [2]: ImagesController handler class cannot be loaded

[Sun, 08 Apr 18 00:23:06 +0700][ERROR] [2]: ImagesController handler class cannot be loaded

[Sun, 08 Apr 18 00:23:18 +0700][ERROR] [2]: AssetsController handler class cannot be loaded

[Sun, 08 Apr 18 00:23:18 +0700][ERROR] [2]: AssetsController handler class cannot be loaded

[Sun, 08 Apr 18 00:23:18 +0700][ERROR] [2]: AssetsController handler class cannot be loaded

[Sun, 08 Apr 18 00:23:19 +0700][ERROR] [2]: AssetsController handler class cannot be loaded

[Sun, 08 Apr 18 00:23:19 +0700][ERROR] [2]: AssetsController handler class cannot be loaded

[Sun, 08 Apr 18 00:23:44 +0700][ERROR] [2]: ImgController handler class cannot be loaded

[Sun, 08 Apr 18 00:23:44 +0700][ERROR] [2]: ImagesController handler class cannot be loaded

[Sun, 08 Apr 18 00:23:44 +0700][ERROR] [2]: ImagesController handler class cannot be loaded

[Sun, 08 Apr 18 00:23:50 +0700][ERROR] [2]: AssetsController handler class cannot be loaded

[Sun, 08 Apr 18 00:23:50 +0700][ERROR] [2]: AssetsController handler class cannot be loaded

[Sun, 08 Apr 18 00:23:50 +0700][ERROR] [2]: AssetsController handler class cannot be loaded

[Sun, 08 Apr 18 00:23:50 +0700][ERROR] [2]: AssetsController handler class cannot be loaded

[Sun, 08 Apr 18 00:23:51 +0700][ERROR] [2]: AssetsController handler class cannot be loaded

[Sun, 08 Apr 18 00:23:51 +0700][ERROR] [2]: AssetsController handler class cannot be loaded

[Sun, 08 Apr 18 00:23:52 +0700][ERROR] [2]: ImgController handler class cannot be loaded

[Sun, 08 Apr 18 00:23:53 +0700][ERROR] [2]: ImagesController handler class cannot be loaded

[Sun, 08 Apr 18 00:23:53 +0700][ERROR] [2]: ImagesController handler class cannot be loaded

[Sun, 08 Apr 18 00:24:06 +0700][ERROR] [2]: AssetsController handler class cannot be loaded

[Sun, 08 Apr 18 00:24:06 +0700][ERROR] [2]: AssetsController handler class cannot be loaded

[Sun, 08 Apr 18 00:24:06 +0700][ERROR] [2]: AssetsController handler class cannot be loaded

[Sun, 08 Apr 18 00:24:06 +0700][ERROR] [2]: AssetsController handler class cannot be loaded

[Sun, 08 Apr 18 00:24:06 +0700][ERROR] [2]: AssetsController handler class cannot be loaded

[Sun, 08 Apr 18 00:24:06 +0700][ERROR] [2]: AssetsController handler class cannot be loaded

[Sun, 08 Apr 18 00:24:11 +0700][ERROR] [2]: ImgController handler class cannot be loaded

[Sun, 08 Apr 18 00:24:11 +0700][ERROR] [2]: ImagesController handler class cannot be loaded

[Sun, 08 Apr 18 00:24:12 +0700][ERROR] [2]: ImagesController handler class cannot be loaded

[Sun, 08 Apr 18 00:24:29 +0700][ERROR] [2]: ImgController handler class cannot be loaded

[Sun, 08 Apr 18 00:24:30 +0700][ERROR] [2]: ImagesController handler class cannot be loaded

[Sun, 08 Apr 18 00:24:30 +0700][ERROR] [2]: ImagesController handler class cannot be loaded

[Sun, 08 Apr 18 00:24:32 +0700][ERROR] [2]: AssetsController handler class cannot be loaded

[Sun, 08 Apr 18 00:24:33 +0700][ERROR] [2]: AssetsController handler class cannot be loaded

[Sun, 08 Apr 18 00:24:33 +0700][ERROR] [2]: AssetsController handler class cannot be loaded

[Sun, 08 Apr 18 00:24:33 +0700][ERROR] [2]: AssetsController handler class cannot be loaded

[Sun, 08 Apr 18 00:24:33 +0700][ERROR] [2]: AssetsController handler class cannot be loaded

[Sun, 08 Apr 18 00:24:33 +0700][ERROR] [2]: AssetsController handler class cannot be loaded

[Sun, 08 Apr 18 00:24:33 +0700][ERROR] [2]: AssetsController handler class cannot be loaded

[Sun, 08 Apr 18 00:26:23 +0700][ERROR] [2]: AssetsController handler class cannot be loaded

[Sun, 08 Apr 18 00:26:23 +0700][ERROR] [2]: AssetsController handler class cannot be loaded

[Sun, 08 Apr 18 00:26:23 +0700][ERROR] [2]: AssetsController handler class cannot be loaded

[Sun, 08 Apr 18 00:26:50 +0700][ERROR] [2]: AssetsController handler class cannot be loaded

[Sun, 08 Apr 18 00:26:50 +0700][ERROR] [2]: AssetsController handler class cannot be loaded

[Sun, 08 Apr 18 00:26:50 +0700][ERROR] [2]: AssetsController handler class cannot be loaded

[Sun, 08 Apr 18 00:26:50 +0700][ERROR] [2]: AssetsController handler class cannot be loaded

[Sun, 08 Apr 18 00:27:01 +0700][ERROR] [2]: AssetsController handler class cannot be loaded

[Sun, 08 Apr 18 00:27:01 +0700][ERROR] [2]: AssetsController handler class cannot be loaded

[Sun, 08 Apr 18 00:27:01 +0700][ERROR] [2]: AssetsController handler class cannot be loaded

[Sun, 08 Apr 18 00:27:01 +0700][ERROR] [2]: AssetsController handler class cannot be loaded

[Sun, 08 Apr 18 00:27:01 +0700][ERROR] [2]: AssetsController handler class cannot be loaded

[Sun, 08 Apr 18 00:27:01 +0700][ERROR] [2]: AssetsController handler class cannot be loaded

[Sun, 08 Apr 18 00:27:01 +0700][ERROR] [2]: AssetsController handler class cannot be loaded

[Sun, 08 Apr 18 00:27:01 +0700][ERROR] [2]: AssetsController handler class cannot be loaded

[Sun, 08 Apr 18 00:32:23 +0700][ERROR] [2]: ImgController handler class cannot be loaded

[Sun, 08 Apr 18 00:32:32 +0700][ERROR] [2]: ImgController handler class cannot be loaded

[Sun, 08 Apr 18 00:33:28 +0700][ERROR] [2]: ImgController handler class cannot be loaded

[Sun, 08 Apr 18 00:33:28 +0700][ERROR] [2]: ImagesController handler class cannot be loaded

[Sun, 08 Apr 18 00:33:28 +0700][ERROR] [2]: ImagesController handler class cannot be loaded

[Sun, 08 Apr 18 00:33:32 +0700][ERROR] [2]: ImgController handler class cannot be loaded

[Sun, 08 Apr 18 00:57:36 +0700][ERROR] [2]: ImgController handler class cannot be loaded

[Sun, 08 Apr 18 00:57:36 +0700][ERROR] [2]: ImagesController handler class cannot be loaded

[Sun, 08 Apr 18 00:57:37 +0700][ERROR] [2]: ImagesController handler class cannot be loaded

[Sun, 08 Apr 18 01:42:47 +0700][ERROR] [2]: TableController handler class cannot be loaded

[Sun, 08 Apr 18 01:42:48 +0700][ERROR] [2]: ImgController handler class cannot be loaded

[Sun, 08 Apr 18 01:42:53 +0700][ERROR] [2]: ImagesController handler class cannot be loaded

[Sun, 08 Apr 18 01:42:53 +0700][ERROR] [2]: ImagesController handler class cannot be loaded

[Sun, 08 Apr 18 01:43:42 +0700][ERROR] [2]: TableController handler class cannot be loaded

[Sun, 08 Apr 18 01:43:43 +0700][ERROR] [2]: ImgController handler class cannot be loaded

[Sun, 08 Apr 18 01:43:43 +0700][ERROR] [2]: ImagesController handler class cannot be loaded

[Sun, 08 Apr 18 01:43:43 +0700][ERROR] [2]: ImagesController handler class cannot be loaded

[Sun, 08 Apr 18 01:45:19 +0700][ERROR] [2]: TableController handler class cannot be loaded

[Sun, 08 Apr 18 01:45:20 +0700][ERROR] [2]: ImgController handler class cannot be loaded

[Sun, 08 Apr 18 01:45:20 +0700][ERROR] [2]: ImagesController handler class cannot be loaded

[Sun, 08 Apr 18 01:45:20 +0700][ERROR] [2]: ImagesController handler class cannot be loaded

[Sun, 08 Apr 18 01:47:23 +0700][ERROR] [2]: TableController handler class cannot be loaded

[Sun, 08 Apr 18 01:47:24 +0700][ERROR] [2]: ImgController handler class cannot be loaded

[Sun, 08 Apr 18 01:47:24 +0700][ERROR] [2]: ImagesController handler class cannot be loaded

[Sun, 08 Apr 18 01:47:24 +0700][ERROR] [2]: ImagesController handler class cannot be loaded

[Sun, 08 Apr 18 01:51:29 +0700][ERROR] [2]: TableController handler class cannot be loaded

[Sun, 08 Apr 18 01:51:29 +0700][ERROR] [2]: ImgController handler class cannot be loaded

[Sun, 08 Apr 18 01:51:30 +0700][ERROR] [2]: ImagesController handler class cannot be loaded

[Sun, 08 Apr 18 01:51:31 +0700][ERROR] [2]: ImagesController handler class cannot be loaded

[Sun, 08 Apr 18 02:07:35 +0700][ERROR] [2]: TableController handler class cannot be loaded

[Sun, 08 Apr 18 02:07:36 +0700][ERROR] [2]: ImgController handler class cannot be loaded

[Sun, 08 Apr 18 02:07:36 +0700][ERROR] [2]: ImagesController handler class cannot be loaded

[Sun, 08 Apr 18 02:07:36 +0700][ERROR] [2]: ImagesController handler class cannot be loaded

[Sun, 08 Apr 18 02:15:13 +0700][ERROR] [2]: TableController handler class cannot be loaded

[Sun, 08 Apr 18 02:15:13 +0700][ERROR] [2]: ImgController handler class cannot be loaded

[Sun, 08 Apr 18 02:15:14 +0700][ERROR] [2]: ImagesController handler class cannot be loaded

[Sun, 08 Apr 18 02:15:14 +0700][ERROR] [2]: ImagesController handler class cannot be loaded

[Sun, 08 Apr 18 02:18:28 +0700][ERROR] [2]: TableController handler class cannot be loaded

[Sun, 08 Apr 18 02:18:29 +0700][ERROR] [2]: ImgController handler class cannot be loaded

[Sun, 08 Apr 18 02:18:29 +0700][ERROR] [2]: ImagesController handler class cannot be loaded

[Sun, 08 Apr 18 02:18:29 +0700][ERROR] [2]: ImagesController handler class cannot be loaded

[Sun, 08 Apr 18 02:20:04 +0700][ERROR] [2]: TableController handler class cannot be loaded

[Sun, 08 Apr 18 02:20:05 +0700][ERROR] [2]: ImgController handler class cannot be loaded

[Sun, 08 Apr 18 02:20:05 +0700][ERROR] [2]: ImagesController handler class cannot be loaded

[Sun, 08 Apr 18 02:20:05 +0700][ERROR] [2]: ImagesController handler class cannot be loaded

[Sun, 08 Apr 18 02:31:03 +0700][ERROR] [2]: TableController handler class cannot be loaded

[Sun, 08 Apr 18 02:31:04 +0700][ERROR] [2]: ImgController handler class cannot be loaded

[Sun, 08 Apr 18 02:31:04 +0700][ERROR] [2]: ImagesController handler class cannot be loaded

[Sun, 08 Apr 18 02:31:05 +0700][ERROR] [2]: ImagesController handler class cannot be loaded

[Sun, 08 Apr 18 02:34:02 +0700][ERROR] [2]: TableController handler class cannot be loaded

[Sun, 08 Apr 18 02:34:03 +0700][ERROR] [2]: ImgController handler class cannot be loaded

[Sun, 08 Apr 18 02:34:03 +0700][ERROR] [2]: ImagesController handler class cannot be loaded

[Sun, 08 Apr 18 02:34:03 +0700][ERROR] [2]: ImagesController handler class cannot be loaded

[Sun, 08 Apr 18 02:35:40 +0700][ERROR] [2]: TableController handler class cannot be loaded

[Sun, 08 Apr 18 02:35:41 +0700][ERROR] [2]: ImgController handler class cannot be loaded

[Sun, 08 Apr 18 02:35:41 +0700][ERROR] [2]: ImagesController handler class cannot be loaded

[Sun, 08 Apr 18 02:35:41 +0700][ERROR] [2]: ImagesController handler class cannot be loaded

[Sun, 08 Apr 18 02:42:32 +0700][ERROR] [2]: TableController handler class cannot be loaded

[Sun, 08 Apr 18 02:42:32 +0700][ERROR] [2]: ImgController handler class cannot be loaded

[Sun, 08 Apr 18 02:42:33 +0700][ERROR] [2]: ImagesController handler class cannot be loaded

[Sun, 08 Apr 18 02:42:33 +0700][ERROR] [2]: ImagesController handler class cannot be loaded

[Sun, 08 Apr 18 02:47:24 +0700][ERROR] [2]: TableController handler class cannot be loaded

[Sun, 08 Apr 18 02:47:24 +0700][ERROR] [2]: ImgController handler class cannot be loaded

[Sun, 08 Apr 18 02:47:25 +0700][ERROR] [2]: ImagesController handler class cannot be loaded

[Sun, 08 Apr 18 02:47:25 +0700][ERROR] [2]: ImagesController handler class cannot be loaded

[Sun, 08 Apr 18 02:52:23 +0700][ERROR] [2]: TableController handler class cannot be loaded

[Sun, 08 Apr 18 02:52:24 +0700][ERROR] [2]: ImgController handler class cannot be loaded

[Sun, 08 Apr 18 02:52:24 +0700][ERROR] [2]: ImagesController handler class cannot be loaded

[Sun, 08 Apr 18 02:52:25 +0700][ERROR] [2]: ImagesController handler class cannot be loaded

[Sun, 08 Apr 18 02:53:22 +0700][ERROR] [5]: Action 'table' was not found on handler 'event'

[Sun, 08 Apr 18 02:53:22 +0700][ERROR] [5]: Action 'js' was not found on handler 'event'

[Sun, 08 Apr 18 02:53:22 +0700][ERROR] [5]: Action 'js' was not found on handler 'event'

[Sun, 08 Apr 18 02:53:22 +0700][ERROR] [5]: Action 'js' was not found on handler 'event'

[Sun, 08 Apr 18 02:53:23 +0700][ERROR] [5]: Action 'img' was not found on handler 'event'

[Sun, 08 Apr 18 02:53:23 +0700][ERROR] [5]: Action 'js' was not found on handler 'event'

[Sun, 08 Apr 18 02:53:23 +0700][ERROR] [5]: Action 'img' was not found on handler 'event'

[Sun, 08 Apr 18 02:53:23 +0700][ERROR] [5]: Action 'js' was not found on handler 'event'

[Sun, 08 Apr 18 03:01:27 +0700][ERROR] [5]: Action 'event' was not found on handler 'event'

[Sun, 08 Apr 18 03:01:27 +0700][ERROR] [5]: Action 'js' was not found on handler 'event'

[Sun, 08 Apr 18 03:01:27 +0700][ERROR] [5]: Action 'js' was not found on handler 'event'

[Sun, 08 Apr 18 03:01:27 +0700][ERROR] [5]: Action 'js' was not found on handler 'event'

[Sun, 08 Apr 18 03:01:28 +0700][ERROR] [5]: Action 'img' was not found on handler 'event'

[Sun, 08 Apr 18 03:01:28 +0700][ERROR] [5]: Action 'img' was not found on handler 'event'

[Sun, 08 Apr 18 03:01:32 +0700][ERROR] [5]: Action 'event' was not found on handler 'event'

[Sun, 08 Apr 18 03:01:32 +0700][ERROR] [5]: Action 'js' was not found on handler 'event'

[Sun, 08 Apr 18 03:01:32 +0700][ERROR] [5]: Action 'js' was not found on handler 'event'

[Sun, 08 Apr 18 03:01:32 +0700][ERROR] [5]: Action 'js' was not found on handler 'event'

[Sun, 08 Apr 18 03:01:33 +0700][ERROR] [5]: Action 'js' was not found on handler 'event'

[Sun, 08 Apr 18 03:01:33 +0700][ERROR] [5]: Action 'img' was not found on handler 'event'

[Sun, 08 Apr 18 03:01:33 +0700][ERROR] [5]: Action 'js' was not found on handler 'event'

[Sun, 08 Apr 18 03:01:40 +0700][ERROR] [2]: TableController handler class cannot be loaded

[Sun, 08 Apr 18 03:01:41 +0700][ERROR] [2]: ImgController handler class cannot be loaded

[Sun, 08 Apr 18 03:01:41 +0700][ERROR] [2]: ImagesController handler class cannot be loaded

[Sun, 08 Apr 18 03:01:42 +0700][ERROR] [2]: ImagesController handler class cannot be loaded

[Sun, 08 Apr 18 03:04:41 +0700][ERROR] [2]: TableController handler class cannot be loaded

[Sun, 08 Apr 18 03:04:42 +0700][ERROR] [2]: ImgController handler class cannot be loaded

[Sun, 08 Apr 18 03:04:43 +0700][ERROR] [2]: ImagesController handler class cannot be loaded

[Sun, 08 Apr 18 03:04:43 +0700][ERROR] [2]: ImagesController handler class cannot be loaded

[Sun, 08 Apr 18 03:24:41 +0700][ERROR] [2]: TableController handler class cannot be loaded

[Sun, 08 Apr 18 03:24:42 +0700][ERROR] [2]: ImgController handler class cannot be loaded

[Sun, 08 Apr 18 03:24:42 +0700][ERROR] [2]: ImagesController handler class cannot be loaded

[Sun, 08 Apr 18 03:24:42 +0700][ERROR] [2]: ImagesController handler class cannot be loaded

[Sun, 08 Apr 18 03:46:41 +0700][ERROR] [2]: ImgController handler class cannot be loaded

[Sun, 08 Apr 18 03:46:42 +0700][ERROR] [2]: ImagesController handler class cannot be loaded

[Sun, 08 Apr 18 03:46:42 +0700][ERROR] [2]: ImagesController handler class cannot be loaded

[Sun, 08 Apr 18 03:59:14 +0700][ERROR] [2]: ImgController handler class cannot be loaded

[Sun, 08 Apr 18 03:59:16 +0700][ERROR] [2]: ImagesController handler class cannot be loaded

[Sun, 08 Apr 18 03:59:16 +0700][ERROR] [2]: ImagesController handler class cannot be loaded

[Sun, 08 Apr 18 04:02:11 +0700][ERROR] [2]: ImgController handler class cannot be loaded

[Sun, 08 Apr 18 04:02:12 +0700][ERROR] [2]: ImagesController handler class cannot be loaded

[Sun, 08 Apr 18 04:02:12 +0700][ERROR] [2]: ImagesController handler class cannot be loaded

[Sun, 08 Apr 18 04:05:47 +0700][ERROR] [5]: Action 'public' was not found on handler 'event'

[Sun, 08 Apr 18 04:05:48 +0700][ERROR] [5]: Action 'js' was not found on handler 'event'

[Sun, 08 Apr 18 04:05:48 +0700][ERROR] [5]: Action 'js' was not found on handler 'event'

[Sun, 08 Apr 18 04:05:48 +0700][ERROR] [5]: Action 'public' was not found on handler 'event'

[Sun, 08 Apr 18 04:05:48 +0700][ERROR] [5]: Action 'js' was not found on handler 'event'

[Sun, 08 Apr 18 04:05:54 +0700][ERROR] [5]: Action 'event' was not found on handler 'event'

[Sun, 08 Apr 18 04:05:54 +0700][ERROR] [5]: Action 'js' was not found on handler 'event'

[Sun, 08 Apr 18 04:05:54 +0700][ERROR] [5]: Action 'js' was not found on handler 'event'

[Sun, 08 Apr 18 04:05:54 +0700][ERROR] [5]: Action 'js' was not found on handler 'event'

[Sun, 08 Apr 18 04:05:54 +0700][ERROR] [5]: Action 'js' was not found on handler 'event'

[Sun, 08 Apr 18 04:05:54 +0700][ERROR] [5]: Action 'img' was not found on handler 'event'

[Sun, 08 Apr 18 04:05:54 +0700][ERROR] [5]: Action 'js' was not found on handler 'event'

[Sun, 08 Apr 18 04:05:54 +0700][ERROR] [5]: Action 'js' was not found on handler 'event'

[Sun, 08 Apr 18 04:05:54 +0700][ERROR] [5]: Action 'js' was not found on handler 'event'

[Sun, 08 Apr 18 04:05:59 +0700][ERROR] [5]: Action 'event' was not found on handler 'event'

[Sun, 08 Apr 18 04:05:59 +0700][ERROR] [5]: Action 'js' was not found on handler 'event'

[Sun, 08 Apr 18 04:06:00 +0700][ERROR] [5]: Action 'js' was not found on handler 'event'

[Sun, 08 Apr 18 04:06:00 +0700][ERROR] [5]: Action 'js' was not found on handler 'event'

[Sun, 08 Apr 18 04:06:00 +0700][ERROR] [5]: Action 'img' was not found on handler 'event'

[Sun, 08 Apr 18 04:06:05 +0700][ERROR] [2]: ImgController handler class cannot be loaded

[Sun, 08 Apr 18 04:06:05 +0700][ERROR] [2]: ImagesController handler class cannot be loaded

[Sun, 08 Apr 18 04:06:05 +0700][ERROR] [2]: ImagesController handler class cannot be loaded

[Sun, 08 Apr 18 04:06:06 +0700][ERROR] [5]: Action 'public' was not found on handler 'event'

[Sun, 08 Apr 18 04:06:06 +0700][ERROR] [5]: Action 'js' was not found on handler 'event'

[Sun, 08 Apr 18 04:06:06 +0700][ERROR] [5]: Action 'js' was not found on handler 'event'

[Sun, 08 Apr 18 04:06:07 +0700][ERROR] [5]: Action 'public' was not found on handler 'event'

[Sun, 08 Apr 18 04:06:07 +0700][ERROR] [5]: Action 'js' was not found on handler 'event'

[Sun, 08 Apr 18 04:06:07 +0700][ERROR] [5]: Action 'js' was not found on handler 'event'

[Sun, 08 Apr 18 04:06:29 +0700][ERROR] [5]: Action 'public' was not found on handler 'event'

[Sun, 08 Apr 18 04:06:29 +0700][ERROR] [5]: Action 'js' was not found on handler 'event'

[Sun, 08 Apr 18 04:06:29 +0700][ERROR] [5]: Action 'js' was not found on handler 'event'

[Sun, 08 Apr 18 04:06:29 +0700][ERROR] [5]: Action 'js' was not found on handler 'event'

[Sun, 08 Apr 18 04:06:30 +0700][ERROR] [5]: Action 'js' was not found on handler 'event'

[Sun, 08 Apr 18 04:06:30 +0700][ERROR] [5]: Action 'js' was not found on handler 'event'

[Sun, 08 Apr 18 04:06:30 +0700][ERROR] [5]: Action 'js' was not found on handler 'event'

[Sun, 08 Apr 18 04:06:32 +0700][ERROR] [5]: Action 'event' was not found on handler 'event'

[Sun, 08 Apr 18 04:06:33 +0700][ERROR] [5]: Action 'js' was not found on handler 'event'

[Sun, 08 Apr 18 04:06:33 +0700][ERROR] [5]: Action 'js' was not found on handler 'event'

[Sun, 08 Apr 18 04:06:33 +0700][ERROR] [5]: Action 'js' was not found on handler 'event'

[Sun, 08 Apr 18 04:06:33 +0700][ERROR] [2]: ImgController handler class cannot be loaded

[Sun, 08 Apr 18 04:06:33 +0700][ERROR] [5]: Action 'js' was not found on handler 'event'

[Sun, 08 Apr 18 04:06:50 +0700][ERROR] [5]: Action 'public' was not found on handler 'event'

[Sun, 08 Apr 18 04:06:50 +0700][ERROR] [5]: Action 'js' was not found on handler 'event'

[Sun, 08 Apr 18 04:06:50 +0700][ERROR] [5]: Action 'js' was not found on handler 'event'

[Sun, 08 Apr 18 04:06:51 +0700][ERROR] [5]: Action 'public' was not found on handler 'event'

[Sun, 08 Apr 18 04:06:51 +0700][ERROR] [5]: Action 'js' was not found on handler 'event'

[Sun, 08 Apr 18 04:06:51 +0700][ERROR] [5]: Action 'js' was not found on handler 'event'

[Sun, 08 Apr 18 04:07:00 +0700][ERROR] [5]: Action 'public' was not found on handler 'event'

[Sun, 08 Apr 18 04:07:00 +0700][ERROR] [5]: Action 'js' was not found on handler 'event'

[Sun, 08 Apr 18 04:07:00 +0700][ERROR] [5]: Action 'js' was not found on handler 'event'

[Sun, 08 Apr 18 04:07:00 +0700][ERROR] [5]: Action 'js' was not found on handler 'event'

[Sun, 08 Apr 18 04:07:01 +0700][ERROR] [5]: Action 'public' was not found on handler 'event'

[Sun, 08 Apr 18 04:07:01 +0700][ERROR] [5]: Action 'js' was not found on handler 'event'

[Sun, 08 Apr 18 04:07:01 +0700][ERROR] [5]: Action 'js' was not found on handler 'event'

[Sun, 08 Apr 18 04:07:01 +0700][ERROR] [5]: Action 'js' was not found on handler 'event'

[Sun, 08 Apr 18 04:34:45 +0700][ERROR] [5]: Action 'public' was not found on handler 'event'

[Sun, 08 Apr 18 04:34:45 +0700][ERROR] [5]: Action 'js' was not found on handler 'event'

[Sun, 08 Apr 18 04:34:46 +0700][ERROR] [5]: Action 'public' was not found on handler 'event'

[Sun, 08 Apr 18 04:34:46 +0700][ERROR] [5]: Action 'js' was not found on handler 'event'

[Sun, 08 Apr 18 04:35:11 +0700][ERROR] [5]: Action 'public' was not found on handler 'event'

[Sun, 08 Apr 18 04:35:11 +0700][ERROR] [5]: Action 'js' was not found on handler 'event'

[Sun, 08 Apr 18 04:35:12 +0700][ERROR] [5]: Action 'public' was not found on handler 'event'

[Sun, 08 Apr 18 04:35:12 +0700][ERROR] [5]: Action 'js' was not found on handler 'event'

[Sun, 08 Apr 18 04:35:12 +0700][ERROR] [5]: Action 'img' was not found on handler 'event'

[Sun, 08 Apr 18 04:35:26 +0700][ERROR] [5]: Action 'public' was not found on handler 'event'

[Sun, 08 Apr 18 04:35:26 +0700][ERROR] [5]: Action 'js' was not found on handler 'event'

[Sun, 08 Apr 18 04:35:26 +0700][ERROR] [5]: Action 'js' was not found on handler 'event'

[Sun, 08 Apr 18 04:35:26 +0700][ERROR] [5]: Action 'public' was not found on handler 'event'

[Sun, 08 Apr 18 04:35:26 +0700][ERROR] [5]: Action 'js' was not found on handler 'event'

[Sun, 08 Apr 18 04:35:26 +0700][ERROR] [5]: Action 'js' was not found on handler 'event'

[Sun, 08 Apr 18 04:37:19 +0700][ERROR] [5]: Action 'event' was not found on handler 'event'

[Sun, 08 Apr 18 04:37:19 +0700][ERROR] [5]: Action 'js' was not found on handler 'event'

[Sun, 08 Apr 18 04:37:19 +0700][ERROR] [5]: Action 'js' was not found on handler 'event'

[Sun, 08 Apr 18 04:37:19 +0700][ERROR] [5]: Action 'js' was not found on handler 'event'

[Sun, 08 Apr 18 04:37:19 +0700][ERROR] [2]: ImgController handler class cannot be loaded

[Sun, 08 Apr 18 04:37:19 +0700][ERROR] [5]: Action 'js' was not found on handler 'event'

[Sun, 08 Apr 18 04:37:25 +0700][ERROR] [2]: ImgController handler class cannot be loaded

[Sun, 08 Apr 18 04:37:26 +0700][ERROR] [2]: ImagesController handler class cannot be loaded

[Sun, 08 Apr 18 04:37:26 +0700][ERROR] [2]: ImagesController handler class cannot be loaded

[Sun, 08 Apr 18 04:37:35 +0700][ERROR] [5]: Action 'public' was not found on handler 'event'

[Sun, 08 Apr 18 04:37:35 +0700][ERROR] [5]: Action 'js' was not found on handler 'event'

[Sun, 08 Apr 18 04:37:35 +0700][ERROR] [5]: Action 'js' was not found on handler 'event'

[Sun, 08 Apr 18 04:37:35 +0700][ERROR] [5]: Action 'public' was not found on handler 'event'

[Sun, 08 Apr 18 04:37:35 +0700][ERROR] [5]: Action 'js' was not found on handler 'event'

[Sun, 08 Apr 18 04:37:35 +0700][ERROR] [5]: Action 'js' was not found on handler 'event'

[Sun, 08 Apr 18 04:42:46 +0700][ERROR] [5]: Action 'public' was not found on handler 'event'

[Sun, 08 Apr 18 04:42:46 +0700][ERROR] [5]: Action 'js' was not found on handler 'event'

[Sun, 08 Apr 18 04:42:46 +0700][ERROR] [5]: Action 'js' was not found on handler 'event'

[Sun, 08 Apr 18 04:42:46 +0700][ERROR] [5]: Action 'public' was not found on handler 'event'

[Sun, 08 Apr 18 04:42:46 +0700][ERROR] [5]: Action 'js' was not found on handler 'event'

[Sun, 08 Apr 18 04:42:47 +0700][ERROR] [5]: Action 'js' was not found on handler 'event'

[Sun, 08 Apr 18 04:53:26 +0700][ERROR] [5]: Action 'public' was not found on handler 'event'

[Sun, 08 Apr 18 04:53:26 +0700][ERROR] [5]: Action 'js' was not found on handler 'event'

[Sun, 08 Apr 18 04:53:26 +0700][ERROR] [5]: Action 'js' was not found on handler 'event'

[Sun, 08 Apr 18 04:53:26 +0700][ERROR] [5]: Action 'public' was not found on handler 'event'

[Sun, 08 Apr 18 04:53:26 +0700][ERROR] [5]: Action 'js' was not found on handler 'event'

[Sun, 08 Apr 18 04:53:27 +0700][ERROR] [5]: Action 'js' was not found on handler 'event'

[Sun, 08 Apr 18 04:58:29 +0700][ERROR] [5]: Action 'js' was not found on handler 'event'

[Sun, 08 Apr 18 04:58:29 +0700][ERROR] [5]: Action 'public' was not found on handler 'event'

[Sun, 08 Apr 18 04:58:29 +0700][ERROR] [5]: Action 'js' was not found on handler 'event'

[Sun, 08 Apr 18 04:58:29 +0700][ERROR] [5]: Action 'js' was not found on handler 'event'

[Sun, 08 Apr 18 04:58:30 +0700][ERROR] [5]: Action 'public' was not found on handler 'event'

[Sun, 08 Apr 18 04:58:30 +0700][ERROR] [5]: Action 'js' was not found on handler 'event'

[Sun, 08 Apr 18 04:58:30 +0700][ERROR] [5]: Action 'js' was not found on handler 'event'

[Sun, 08 Apr 18 04:59:17 +0700][ERROR] [5]: Action 'public' was not found on handler 'event'

[Sun, 08 Apr 18 04:59:17 +0700][ERROR] [5]: Action 'js' was not found on handler 'event'

[Sun, 08 Apr 18 04:59:17 +0700][ERROR] [5]: Action 'js' was not found on handler 'event'

[Sun, 08 Apr 18 04:59:17 +0700][ERROR] [5]: Action 'js' was not found on handler 'event'

[Sun, 08 Apr 18 04:59:17 +0700][ERROR] [5]: Action 'js' was not found on handler 'event'

[Sun, 08 Apr 18 05:03:55 +0700][ERROR] [5]: Action 'public' was not found on handler 'event'

[Sun, 08 Apr 18 05:03:55 +0700][ERROR] [5]: Action 'js' was not found on handler 'event'

[Sun, 08 Apr 18 05:03:55 +0700][ERROR] [5]: Action 'js' was not found on handler 'event'

[Sun, 08 Apr 18 05:03:55 +0700][ERROR] [5]: Action 'js' was not found on handler 'event'

[Sun, 08 Apr 18 05:03:55 +0700][ERROR] [5]: Action 'js' was not found on handler 'event'

[Sun, 08 Apr 18 05:03:55 +0700][ERROR] [5]: Action 'public' was not found on handler 'event'

[Sun, 08 Apr 18 05:03:55 +0700][ERROR] [5]: Action 'js' was not found on handler 'event'

[Sun, 08 Apr 18 05:03:55 +0700][ERROR] [5]: Action 'js' was not found on handler 'event'

[Sun, 08 Apr 18 05:03:55 +0700][ERROR] [5]: Action 'js' was not found on handler 'event'

[Sun, 08 Apr 18 05:03:55 +0700][ERROR] [5]: Action 'js' was not found on handler 'event'

[Sun, 08 Apr 18 05:04:09 +0700][ERROR] [5]: Action 'public' was not found on handler 'event'

[Sun, 08 Apr 18 05:04:09 +0700][ERROR] [5]: Action 'js' was not found on handler 'event'

[Sun, 08 Apr 18 05:04:09 +0700][ERROR] [5]: Action 'js' was not found on handler 'event'

[Sun, 08 Apr 18 05:04:09 +0700][ERROR] [5]: Action 'public' was not found on handler 'event'

[Sun, 08 Apr 18 05:04:09 +0700][ERROR] [5]: Action 'js' was not found on handler 'event'

[Sun, 08 Apr 18 05:04:09 +0700][ERROR] [5]: Action 'js' was not found on handler 'event'

[Sun, 08 Apr 18 05:04:30 +0700][ERROR] [5]: Action 'public' was not found on handler 'event'

[Sun, 08 Apr 18 05:04:30 +0700][ERROR] [5]: Action 'js' was not found on handler 'event'

[Sun, 08 Apr 18 05:04:30 +0700][ERROR] [5]: Action 'js' was not found on handler 'event'

[Sun, 08 Apr 18 05:04:30 +0700][ERROR] [5]: Action 'public' was not found on handler 'event'

[Sun, 08 Apr 18 05:04:30 +0700][ERROR] [5]: Action 'js' was not found on handler 'event'

[Sun, 08 Apr 18 05:04:30 +0700][ERROR] [5]: Action 'js' was not found on handler 'event'

[Sun, 08 Apr 18 05:05:10 +0700][ERROR] [5]: Action 'public' was not found on handler 'event'

[Sun, 08 Apr 18 05:05:10 +0700][ERROR] [5]: Action 'js' was not found on handler 'event'

[Sun, 08 Apr 18 05:05:10 +0700][ERROR] [5]: Action 'js' was not found on handler 'event'

[Sun, 08 Apr 18 05:05:11 +0700][ERROR] [5]: Action 'js' was not found on handler 'event'

[Sun, 08 Apr 18 05:05:11 +0700][ERROR] [5]: Action 'js' was not found on handler 'event'

[Sun, 08 Apr 18 05:05:11 +0700][ERROR] [5]: Action 'js' was not found on handler 'event'

[Sun, 08 Apr 18 05:05:11 +0700][ERROR] [5]: Action 'js' was not found on handler 'event'

[Sun, 08 Apr 18 05:05:11 +0700][ERROR] [5]: Action 'js' was not found on handler 'event'

[Sun, 08 Apr 18 05:05:11 +0700][ERROR] [5]: Action 'js' was not found on handler 'event'

[Sun, 08 Apr 18 05:05:44 +0700][ERROR] [5]: Action 'public' was not found on handler 'event'

[Sun, 08 Apr 18 05:05:44 +0700][ERROR] [5]: Action 'js' was not found on handler 'event'

[Sun, 08 Apr 18 05:05:44 +0700][ERROR] [5]: Action 'js' was not found on handler 'event'

[Sun, 08 Apr 18 05:05:44 +0700][ERROR] [5]: Action 'js' was not found on handler 'event'

[Sun, 08 Apr 18 05:05:44 +0700][ERROR] [5]: Action 'js' was not found on handler 'event'

[Sun, 08 Apr 18 05:05:45 +0700][ERROR] [5]: Action 'js' was not found on handler 'event'

[Sun, 08 Apr 18 05:05:45 +0700][ERROR] [5]: Action 'js' was not found on handler 'event'

[Sun, 08 Apr 18 05:05:59 +0700][ERROR] [5]: Action 'public' was not found on handler 'event'

[Sun, 08 Apr 18 05:05:59 +0700][ERROR] [5]: Action 'js' was not found on handler 'event'

[Sun, 08 Apr 18 05:05:59 +0700][ERROR] [5]: Action 'public' was not found on handler 'event'

[Sun, 08 Apr 18 05:05:59 +0700][ERROR] [5]: Action 'js' was not found on handler 'event'

[Sun, 08 Apr 18 05:06:13 +0700][ERROR] [5]: Action 'public' was not found on handler 'event'

[Sun, 08 Apr 18 05:06:13 +0700][ERROR] [5]: Action 'js' was not found on handler 'event'

[Sun, 08 Apr 18 05:06:13 +0700][ERROR] [5]: Action 'js' was not found on handler 'event'

[Sun, 08 Apr 18 05:06:13 +0700][ERROR] [5]: Action 'js' was not found on handler 'event'

[Sun, 08 Apr 18 05:06:13 +0700][ERROR] [5]: Action 'js' was not found on handler 'event'

[Sun, 08 Apr 18 05:06:25 +0700][ERROR] [5]: Action 'public' was not found on handler 'event'

[Sun, 08 Apr 18 05:06:25 +0700][ERROR] [5]: Action 'js' was not found on handler 'event'

[Sun, 08 Apr 18 05:06:25 +0700][ERROR] [5]: Action 'js' was not found on handler 'event'

[Sun, 08 Apr 18 05:06:25 +0700][ERROR] [5]: Action 'js' was not found on handler 'event'

[Sun, 08 Apr 18 05:06:25 +0700][ERROR] [5]: Action 'public' was not found on handler 'event'

[Sun, 08 Apr 18 05:06:25 +0700][ERROR] [5]: Action 'js' was not found on handler 'event'

[Sun, 08 Apr 18 05:06:25 +0700][ERROR] [5]: Action 'js' was not found on handler 'event'

[Sun, 08 Apr 18 05:06:25 +0700][ERROR] [5]: Action 'js' was not found on handler 'event'

[Sun, 08 Apr 18 05:06:52 +0700][ERROR] [5]: Action 'public' was not found on handler 'event'

[Sun, 08 Apr 18 05:06:53 +0700][ERROR] [5]: Action 'js' was not found on handler 'event'

[Sun, 08 Apr 18 05:06:53 +0700][ERROR] [5]: Action 'js' was not found on handler 'event'

[Sun, 08 Apr 18 05:06:53 +0700][ERROR] [5]: Action 'public' was not found on handler 'event'

[Sun, 08 Apr 18 05:06:53 +0700][ERROR] [5]: Action 'js' was not found on handler 'event'

[Sun, 08 Apr 18 05:06:53 +0700][ERROR] [5]: Action 'js' was not found on handler 'event'

[Sun, 08 Apr 18 05:07:15 +0700][ERROR] [5]: Action 'public' was not found on handler 'event'

[Sun, 08 Apr 18 05:07:15 +0700][ERROR] [5]: Action 'js' was not found on handler 'event'

[Sun, 08 Apr 18 05:07:15 +0700][ERROR] [5]: Action 'js' was not found on handler 'event'

[Sun, 08 Apr 18 05:07:15 +0700][ERROR] [5]: Action 'public' was not found on handler 'event'

[Sun, 08 Apr 18 05:07:15 +0700][ERROR] [5]: Action 'js' was not found on handler 'event'

[Sun, 08 Apr 18 05:07:15 +0700][ERROR] [5]: Action 'js' was not found on handler 'event'

[Sun, 08 Apr 18 05:07:47 +0700][ERROR] [5]: Action 'public' was not found on handler 'event'

[Sun, 08 Apr 18 05:07:47 +0700][ERROR] [5]: Action 'js' was not found on handler 'event'

[Sun, 08 Apr 18 05:07:48 +0700][ERROR] [5]: Action 'public' was not found on handler 'event'

[Sun, 08 Apr 18 05:07:48 +0700][ERROR] [5]: Action 'js' was not found on handler 'event'

[Sun, 08 Apr 18 05:08:03 +0700][ERROR] [5]: Action 'public' was not found on handler 'event'

[Sun, 08 Apr 18 05:08:03 +0700][ERROR] [5]: Action 'js' was not found on handler 'event'

[Sun, 08 Apr 18 05:08:04 +0700][ERROR] [5]: Action 'js' was not found on handler 'event'

[Sun, 08 Apr 18 05:08:04 +0700][ERROR] [5]: Action 'js' was not found on handler 'event'

[Sun, 08 Apr 18 05:08:06 +0700][ERROR] [5]: Action 'public' was not found on handler 'event'

[Sun, 08 Apr 18 05:08:06 +0700][ERROR] [5]: Action 'js' was not found on handler 'event'

[Sun, 08 Apr 18 05:08:06 +0700][ERROR] [5]: Action 'js' was not found on handler 'event'

[Sun, 08 Apr 18 05:08:07 +0700][ERROR] [5]: Action 'js' was not found on handler 'event'

[Sun, 08 Apr 18 05:08:07 +0700][ERROR] [5]: Action 'js' was not found on handler 'event'

[Sun, 08 Apr 18 05:08:07 +0700][ERROR] [5]: Action 'public' was not found on handler 'event'

[Sun, 08 Apr 18 05:08:07 +0700][ERROR] [5]: Action 'js' was not found on handler 'event'

[Sun, 08 Apr 18 05:08:07 +0700][ERROR] [5]: Action 'js' was not found on handler 'event'

[Sun, 08 Apr 18 05:10:47 +0700][ERROR] [5]: Action 'public' was not found on handler 'event'

[Sun, 08 Apr 18 05:10:47 +0700][ERROR] [5]: Action 'js' was not found on handler 'event'

[Sun, 08 Apr 18 05:10:47 +0700][ERROR] [5]: Action 'js' was not found on handler 'event'

[Sun, 08 Apr 18 05:10:48 +0700][ERROR] [5]: Action 'public' was not found on handler 'event'

[Sun, 08 Apr 18 05:10:48 +0700][ERROR] [5]: Action 'js' was not found on handler 'event'

[Sun, 08 Apr 18 05:10:49 +0700][ERROR] [5]: Action 'js' was not found on handler 'event'

[Sun, 08 Apr 18 05:11:37 +0700][ERROR] [2]: ImgController handler class cannot be loaded

[Sun, 08 Apr 18 05:11:38 +0700][ERROR] [2]: ImagesController handler class cannot be loaded

[Sun, 08 Apr 18 05:11:38 +0700][ERROR] [2]: ImagesController handler class cannot be loaded

[Sun, 08 Apr 18 05:11:52 +0700][ERROR] [2]: ImgController handler class cannot be loaded

[Sun, 08 Apr 18 05:11:53 +0700][ERROR] [2]: ImagesController handler class cannot be loaded

[Sun, 08 Apr 18 05:11:53 +0700][ERROR] [2]: ImagesController handler class cannot be loaded

[Sun, 08 Apr 18 05:30:40 +0700][ERROR] [5]: Action 'public' was not found on handler 'event'

[Sun, 08 Apr 18 05:30:40 +0700][ERROR] [5]: Action 'js' was not found on handler 'event'

[Sun, 08 Apr 18 05:30:41 +0700][ERROR] [5]: Action 'public' was not found on handler 'event'

[Sun, 08 Apr 18 05:30:41 +0700][ERROR] [5]: Action 'js' was not found on handler 'event'

[Sun, 08 Apr 18 05:51:05 +0700][ERROR] [5]: Action 'js' was not found on handler 'event'

[Sun, 08 Apr 18 05:51:05 +0700][ERROR] [5]: Action 'js' was not found on handler 'event'

[Sun, 08 Apr 18 05:52:14 +0700][ERROR] [5]: Action 'public' was not found on handler 'event'

[Sun, 08 Apr 18 05:52:14 +0700][ERROR] [5]: Action 'js' was not found on handler 'event'

[Sun, 08 Apr 18 05:52:14 +0700][ERROR] [5]: Action 'js' was not found on handler 'event'

[Sun, 08 Apr 18 05:52:14 +0700][ERROR] [5]: Action 'js' was not found on handler 'event'

[Sun, 08 Apr 18 05:52:15 +0700][ERROR] [5]: Action 'public' was not found on handler 'event'

[Sun, 08 Apr 18 05:52:15 +0700][ERROR] [5]: Action 'js' was not found on handler 'event'

[Sun, 08 Apr 18 05:52:15 +0700][ERROR] [5]: Action 'js' was not found on handler 'event'

[Sun, 08 Apr 18 05:52:53 +0700][ERROR] [5]: Action 'public' was not found on handler 'event'

[Sun, 08 Apr 18 05:52:53 +0700][ERROR] [5]: Action 'js' was not found on handler 'event'

[Sun, 08 Apr 18 05:52:53 +0700][ERROR] [5]: Action 'js' was not found on handler 'event'

[Sun, 08 Apr 18 05:52:53 +0700][ERROR] [5]: Action 'js' was not found on handler 'event'

[Sun, 08 Apr 18 05:52:53 +0700][ERROR] [5]: Action 'public' was not found on handler 'event'

[Sun, 08 Apr 18 05:52:53 +0700][ERROR] [5]: Action 'js' was not found on handler 'event'

[Sun, 08 Apr 18 05:52:53 +0700][ERROR] [5]: Action 'js' was not found on handler 'event'

[Sun, 08 Apr 18 05:57:37 +0700][ERROR] [5]: Action 'public' was not found on handler 'event'

[Sun, 08 Apr 18 05:57:37 +0700][ERROR] [5]: Action 'js' was not found on handler 'event'

[Sun, 08 Apr 18 05:57:37 +0700][ERROR] [5]: Action 'public' was not found on handler 'event'

[Sun, 08 Apr 18 05:57:37 +0700][ERROR] [5]: Action 'js' was not found on handler 'event'

[Sun, 08 Apr 18 12:32:07 +0700][ERROR] [2]: ImgController handler class cannot be loaded

[Sun, 08 Apr 18 12:32:08 +0700][ERROR] [2]: ImagesController handler class cannot be loaded

[Sun, 08 Apr 18 12:32:08 +0700][ERROR] [2]: ImagesController handler class cannot be loaded

[Sun, 08 Apr 18 12:32:22 +0700][ERROR] [5]: Action 'public' was not found on handler 'event'

[Sun, 08 Apr 18 12:32:22 +0700][ERROR] [5]: Action 'js' was not found on handler 'event'

[Sun, 08 Apr 18 12:32:22 +0700][ERROR] [5]: Action 'public' was not found on handler 'event'

[Sun, 08 Apr 18 12:32:22 +0700][ERROR] [5]: Action 'js' was not found on handler 'event'

[Sun, 08 Apr 18 12:41:20 +0700][ERROR] [5]: Action 'public' was not found on handler 'event'

[Sun, 08 Apr 18 12:41:20 +0700][ERROR] [5]: Action 'js' was not found on handler 'event'

[Sun, 08 Apr 18 12:41:20 +0700][ERROR] [5]: Action 'public' was not found on handler 'event'

[Sun, 08 Apr 18 12:41:20 +0700][ERROR] [5]: Action 'js' was not found on handler 'event'

[Sun, 08 Apr 18 12:42:09 +0700][ERROR] [5]: Action 'public' was not found on handler 'event'

[Sun, 08 Apr 18 12:42:09 +0700][ERROR] [5]: Action 'js' was not found on handler 'event'

[Sun, 08 Apr 18 12:42:09 +0700][ERROR] [5]: Action 'public' was not found on handler 'event'

[Sun, 08 Apr 18 12:42:09 +0700][ERROR] [5]: Action 'js' was not found on handler 'event'

[Sun, 08 Apr 18 12:42:50 +0700][ERROR] [5]: Action 'js' was not found on handler 'event'

[Sun, 08 Apr 18 12:42:50 +0700][ERROR] [5]: Action 'js' was not found on handler 'event'

[Sun, 08 Apr 18 12:42:51 +0700][ERROR] [5]: Action 'js' was not found on handler 'event'

[Sun, 08 Apr 18 12:42:51 +0700][ERROR] [5]: Action 'js' was not found on handler 'event'

[Sun, 08 Apr 18 12:43:04 +0700][ERROR] [5]: Action 'js' was not found on handler 'event'

[Sun, 08 Apr 18 12:43:04 +0700][ERROR] [5]: Action 'js' was not found on handler 'event'

[Sun, 08 Apr 18 12:43:04 +0700][ERROR] [5]: Action 'js' was not found on handler 'event'

[Sun, 08 Apr 18 12:43:04 +0700][ERROR] [5]: Action 'js' was not found on handler 'event'

[Sun, 08 Apr 18 12:43:28 +0700][ERROR] [5]: Action 'js' was not found on handler 'event'

[Sun, 08 Apr 18 12:43:28 +0700][ERROR] [5]: Action 'js' was not found on handler 'event'

[Sun, 08 Apr 18 12:43:58 +0700][ERROR] [5]: Action 'js' was not found on handler 'event'

[Sun, 08 Apr 18 12:43:58 +0700][ERROR] [5]: Action 'js' was not found on handler 'event'

[Sun, 08 Apr 18 12:43:59 +0700][ERROR] [5]: Action 'js' was not found on handler 'event'

[Sun, 08 Apr 18 12:43:59 +0700][ERROR] [5]: Action 'js' was not found on handler 'event'

[Sun, 08 Apr 18 12:44:27 +0700][ERROR] [5]: Action 'public' was not found on handler 'event'

[Sun, 08 Apr 18 12:44:27 +0700][ERROR] [5]: Action 'public' was not found on handler 'event'

[Sun, 08 Apr 18 12:44:48 +0700][ERROR] [5]: Action 'public' was not found on handler 'event'

[Sun, 08 Apr 18 12:44:48 +0700][ERROR] [5]: Action 'js' was not found on handler 'event'

[Sun, 08 Apr 18 12:44:48 +0700][ERROR] [5]: Action 'public' was not found on handler 'event'

[Sun, 08 Apr 18 12:44:48 +0700][ERROR] [5]: Action 'js' was not found on handler 'event'

[Sun, 08 Apr 18 12:45:04 +0700][ERROR] [5]: Action 'js' was not found on handler 'event'

[Sun, 08 Apr 18 12:45:04 +0700][ERROR] [5]: Action 'js' was not found on handler 'event'

[Sun, 08 Apr 18 12:45:14 +0700][ERROR] [5]: Action 'js' was not found on handler 'event'

[Sun, 08 Apr 18 12:45:14 +0700][ERROR] [5]: Action 'js' was not found on handler 'event'

[Sun, 08 Apr 18 12:45:14 +0700][ERROR] [5]: Action 'js' was not found on handler 'event'

[Sun, 08 Apr 18 12:45:14 +0700][ERROR] [5]: Action 'js' was not found on handler 'event'

[Sun, 08 Apr 18 12:45:44 +0700][ERROR] [5]: Action 'public' was not found on handler 'event'

[Sun, 08 Apr 18 12:45:44 +0700][ERROR] [5]: Action 'js' was not found on handler 'event'

[Sun, 08 Apr 18 12:45:45 +0700][ERROR] [5]: Action 'public' was not found on handler 'event'

[Sun, 08 Apr 18 12:45:45 +0700][ERROR] [5]: Action 'js' was not found on handler 'event'

[Sun, 08 Apr 18 12:47:25 +0700][ERROR] [5]: Action 'public' was not found on handler 'event'

[Sun, 08 Apr 18 12:47:25 +0700][ERROR] [5]: Action 'js' was not found on handler 'event'

[Sun, 08 Apr 18 12:47:25 +0700][ERROR] [5]: Action 'public' was not found on handler 'event'

[Sun, 08 Apr 18 12:47:26 +0700][ERROR] [5]: Action 'js' was not found on handler 'event'

[Sun, 08 Apr 18 12:49:12 +0700][ERROR] [5]: Action 'public' was not found on handler 'event'

[Sun, 08 Apr 18 12:49:12 +0700][ERROR] [5]: Action 'js' was not found on handler 'event'

[Sun, 08 Apr 18 12:49:12 +0700][ERROR] [5]: Action 'public' was not found on handler 'event'

[Sun, 08 Apr 18 12:49:12 +0700][ERROR] [5]: Action 'js' was not found on handler 'event'

[Sun, 08 Apr 18 12:49:36 +0700][ERROR] [5]: Action 'public' was not found on handler 'event'

[Sun, 08 Apr 18 12:49:36 +0700][ERROR] [5]: Action 'js' was not found on handler 'event'

[Sun, 08 Apr 18 12:49:36 +0700][ERROR] [5]: Action 'public' was not found on handler 'event'

[Sun, 08 Apr 18 12:49:36 +0700][ERROR] [5]: Action 'js' was not found on handler 'event'

[Sun, 08 Apr 18 12:50:08 +0700][ERROR] [5]: Action 'public' was not found on handler 'event'

[Sun, 08 Apr 18 12:50:08 +0700][ERROR] [5]: Action 'js' was not found on handler 'event'

[Sun, 08 Apr 18 12:50:08 +0700][ERROR] [5]: Action 'public' was not found on handler 'event'

[Sun, 08 Apr 18 12:50:08 +0700][ERROR] [5]: Action 'js' was not found on handler 'event'

[Sun, 08 Apr 18 12:50:44 +0700][ERROR] [5]: Action 'public' was not found on handler 'event'

[Sun, 08 Apr 18 12:50:44 +0700][ERROR] [5]: Action 'public' was not found on handler 'event'

[Sun, 08 Apr 18 12:51:17 +0700][ERROR] [5]: Action 'public' was not found on handler 'event'

[Sun, 08 Apr 18 12:51:17 +0700][ERROR] [5]: Action 'js' was not found on handler 'event'

[Sun, 08 Apr 18 12:51:17 +0700][ERROR] [5]: Action 'public' was not found on handler 'event'

[Sun, 08 Apr 18 12:51:17 +0700][ERROR] [5]: Action 'js' was not found on handler 'event'

[Sun, 08 Apr 18 12:51:50 +0700][ERROR] [5]: Action 'public' was not found on handler 'event'

[Sun, 08 Apr 18 12:51:51 +0700][ERROR] [5]: Action 'js' was not found on handler 'event'

[Sun, 08 Apr 18 12:51:51 +0700][ERROR] [5]: Action 'public' was not found on handler 'event'

[Sun, 08 Apr 18 12:51:51 +0700][ERROR] [5]: Action 'js' was not found on handler 'event'

[Sun, 08 Apr 18 12:52:24 +0700][ERROR] [5]: Action 'public' was not found on handler 'event'

[Sun, 08 Apr 18 12:52:24 +0700][ERROR] [5]: Action 'js' was not found on handler 'event'

[Sun, 08 Apr 18 12:52:24 +0700][ERROR] [5]: Action 'public' was not found on handler 'event'

[Sun, 08 Apr 18 12:52:32 +0700][ERROR] [5]: Action 'js' was not found on handler 'event'

[Sun, 08 Apr 18 12:52:32 +0700][ERROR] [5]: Action 'js' was not found on handler 'event'

[Sun, 08 Apr 18 12:52:33 +0700][ERROR] [5]: Action 'js' was not found on handler 'event'

[Sun, 08 Apr 18 12:52:33 +0700][ERROR] [5]: Action 'js' was not found on handler 'event'

[Sun, 08 Apr 18 13:13:19 +0700][ERROR] [5]: Action 'js' was not found on handler 'event'

[Sun, 08 Apr 18 13:13:19 +0700][ERROR] [5]: Action 'js' was not found on handler 'event'

[Sun, 08 Apr 18 13:13:19 +0700][ERROR] [5]: Action 'js' was not found on handler 'event'

[Sun, 08 Apr 18 13:13:19 +0700][ERROR] [5]: Action 'js' was not found on handler 'event'

[Sun, 08 Apr 18 13:14:22 +0700][ERROR] [5]: Action 'js' was not found on handler 'event'

[Sun, 08 Apr 18 13:14:23 +0700][ERROR] [5]: Action 'js' was not found on handler 'event'

[Sun, 08 Apr 18 13:14:23 +0700][ERROR] [5]: Action 'js' was not found on handler 'event'

[Sun, 08 Apr 18 13:14:23 +0700][ERROR] [5]: Action 'js' was not found on handler 'event'

[Sun, 08 Apr 18 13:14:54 +0700][ERROR] [5]: Action 'public' was not found on handler 'event'

[Sun, 08 Apr 18 13:14:54 +0700][ERROR] [5]: Action 'js' was not found on handler 'event'

[Sun, 08 Apr 18 13:14:54 +0700][ERROR] [5]: Action 'public' was not found on handler 'event'

[Sun, 08 Apr 18 13:14:54 +0700][ERROR] [5]: Action 'js' was not found on handler 'event'

[Sun, 08 Apr 18 13:15:31 +0700][ERROR] [5]: Action 'public' was not found on handler 'event'

[Sun, 08 Apr 18 13:15:31 +0700][ERROR] [5]: Action 'js' was not found on handler 'event'

[Sun, 08 Apr 18 13:15:31 +0700][ERROR] [5]: Action 'public' was not found on handler 'event'

[Sun, 08 Apr 18 13:15:31 +0700][ERROR] [5]: Action 'js' was not found on handler 'event'

[Sun, 08 Apr 18 13:15:49 +0700][ERROR] [5]: Action 'public' was not found on handler 'event'

[Sun, 08 Apr 18 13:15:49 +0700][ERROR] [5]: Action 'js' was not found on handler 'event'

[Sun, 08 Apr 18 13:15:50 +0700][ERROR] [5]: Action 'js' was not found on handler 'event'

[Sun, 08 Apr 18 13:15:50 +0700][ERROR] [5]: Action 'public' was not found on handler 'event'

[Sun, 08 Apr 18 13:15:50 +0700][ERROR] [5]: Action 'js' was not found on handler 'event'

[Sun, 08 Apr 18 13:15:50 +0700][ERROR] [5]: Action 'js' was not found on handler 'event'

[Sun, 08 Apr 18 13:16:07 +0700][ERROR] [5]: Action 'public' was not found on handler 'event'

[Sun, 08 Apr 18 13:16:07 +0700][ERROR] [5]: Action 'js' was not found on handler 'event'

[Sun, 08 Apr 18 13:16:07 +0700][ERROR] [5]: Action 'public' was not found on handler 'event'

[Sun, 08 Apr 18 13:16:07 +0700][ERROR] [5]: Action 'js' was not found on handler 'event'

[Sun, 08 Apr 18 13:16:50 +0700][ERROR] [5]: Action 'public' was not found on handler 'event'

[Sun, 08 Apr 18 13:16:50 +0700][ERROR] [5]: Action 'js' was not found on handler 'event'

[Sun, 08 Apr 18 13:16:51 +0700][ERROR] [5]: Action 'public' was not found on handler 'event'

[Sun, 08 Apr 18 13:16:51 +0700][ERROR] [5]: Action 'js' was not found on handler 'event'

[Sun, 08 Apr 18 13:16:58 +0700][ERROR] [5]: Action 'public' was not found on handler 'event'

[Sun, 08 Apr 18 13:16:58 +0700][ERROR] [5]: Action 'js' was not found on handler 'event'

[Sun, 08 Apr 18 13:16:58 +0700][ERROR] [5]: Action 'js' was not found on handler 'event'

[Sun, 08 Apr 18 13:17:30 +0700][ERROR] [5]: Action 'public' was not found on handler 'event'

[Sun, 08 Apr 18 13:17:30 +0700][ERROR] [5]: Action 'js' was not found on handler 'event'

[Sun, 08 Apr 18 13:17:30 +0700][ERROR] [5]: Action 'js' was not found on handler 'event'

[Sun, 08 Apr 18 13:17:30 +0700][ERROR] [5]: Action 'public' was not found on handler 'event'

[Sun, 08 Apr 18 13:17:30 +0700][ERROR] [5]: Action 'js' was not found on handler 'event'

[Sun, 08 Apr 18 13:17:31 +0700][ERROR] [5]: Action 'js' was not found on handler 'event'

[Sun, 08 Apr 18 13:17:44 +0700][ERROR] [5]: Action 'public' was not found on handler 'event'

[Sun, 08 Apr 18 13:17:44 +0700][ERROR] [5]: Action 'js' was not found on handler 'event'

[Sun, 08 Apr 18 13:17:44 +0700][ERROR] [5]: Action 'public' was not found on handler 'event'

[Sun, 08 Apr 18 13:17:44 +0700][ERROR] [5]: Action 'js' was not found on handler 'event'

[Sun, 08 Apr 18 13:18:13 +0700][ERROR] [5]: Action 'js' was not found on handler 'event'

[Sun, 08 Apr 18 13:18:13 +0700][ERROR] [5]: Action 'js' was not found on handler 'event'

[Sun, 08 Apr 18 13:18:35 +0700][ERROR] [5]: Action 'public' was not found on handler 'event'

[Sun, 08 Apr 18 13:18:35 +0700][ERROR] [5]: Action 'js' was not found on handler 'event'

[Sun, 08 Apr 18 13:18:35 +0700][ERROR] [5]: Action 'public' was not found on handler 'event'

[Sun, 08 Apr 18 13:18:35 +0700][ERROR] [5]: Action 'js' was not found on handler 'event'

[Sun, 08 Apr 18 13:18:58 +0700][ERROR] [5]: Action 'public' was not found on handler 'event'

[Sun, 08 Apr 18 13:18:58 +0700][ERROR] [5]: Action 'js' was not found on handler 'event'

[Sun, 08 Apr 18 13:18:58 +0700][ERROR] [5]: Action 'public' was not found on handler 'event'

[Sun, 08 Apr 18 13:18:58 +0700][ERROR] [5]: Action 'js' was not found on handler 'event'

[Sun, 08 Apr 18 13:19:11 +0700][ERROR] [5]: Action 'public' was not found on handler 'event'

[Sun, 08 Apr 18 13:19:11 +0700][ERROR] [5]: Action 'js' was not found on handler 'event'

[Sun, 08 Apr 18 13:19:11 +0700][ERROR] [5]: Action 'public' was not found on handler 'event'

[Sun, 08 Apr 18 13:19:38 +0700][ERROR] [5]: Action 'public' was not found on handler 'event'

[Sun, 08 Apr 18 13:19:38 +0700][ERROR] [5]: Action 'js' was not found on handler 'event'

[Sun, 08 Apr 18 13:19:38 +0700][ERROR] [5]: Action 'public' was not found on handler 'event'

[Sun, 08 Apr 18 13:19:38 +0700][ERROR] [5]: Action 'js' was not found on handler 'event'

[Sun, 08 Apr 18 13:25:39 +0700][ERROR] [5]: Action 'profile' was not found on handler 'event'

[Sun, 08 Apr 18 13:25:39 +0700][ERROR] [5]: Action 'js' was not found on handler 'event'

[Sun, 08 Apr 18 13:25:39 +0700][ERROR] [5]: Action 'js' was not found on handler 'event'

[Sun, 08 Apr 18 13:25:39 +0700][ERROR] [5]: Action 'img' was not found on handler 'event'

[Sun, 08 Apr 18 13:25:39 +0700][ERROR] [2]: ImgController handler class cannot be loaded

[Sun, 08 Apr 18 13:25:51 +0700][ERROR] [5]: Action 'authen' was not found on handler 'event'

[Sun, 08 Apr 18 13:25:51 +0700][ERROR] [5]: Action 'js' was not found on handler 'event'

[Sun, 08 Apr 18 13:25:51 +0700][ERROR] [5]: Action 'js' was not found on handler 'event'

[Sun, 08 Apr 18 13:25:51 +0700][ERROR] [5]: Action 'js' was not found on handler 'event'

[Sun, 08 Apr 18 13:25:51 +0700][ERROR] [2]: ImgController handler class cannot be loaded

[Sun, 08 Apr 18 13:25:51 +0700][ERROR] [5]: Action 'js' was not found on handler 'event'

[Sun, 08 Apr 18 13:25:52 +0700][ERROR] [5]: Action 'js' was not found on handler 'event'

[Sun, 08 Apr 18 13:25:58 +0700][ERROR] [5]: Action 'authen' was not found on handler 'event'

[Sun, 08 Apr 18 13:25:58 +0700][ERROR] [5]: Action 'js' was not found on handler 'event'

[Sun, 08 Apr 18 13:25:58 +0700][ERROR] [5]: Action 'js' was not found on handler 'event'

[Sun, 08 Apr 18 13:25:58 +0700][ERROR] [5]: Action 'js' was not found on handler 'event'

[Sun, 08 Apr 18 13:25:58 +0700][ERROR] [2]: ImgController handler class cannot be loaded

[Sun, 08 Apr 18 13:25:58 +0700][ERROR] [5]: Action 'js' was not found on handler 'event'

[Sun, 08 Apr 18 13:25:58 +0700][ERROR] [5]: Action 'js' was not found on handler 'event'

[Sun, 08 Apr 18 13:26:03 +0700][ERROR] [2]: ImgController handler class cannot be loaded

[Sun, 08 Apr 18 13:26:03 +0700][ERROR] [2]: ImagesController handler class cannot be loaded

[Sun, 08 Apr 18 13:26:03 +0700][ERROR] [2]: ImagesController handler class cannot be loaded

[Sun, 08 Apr 18 13:26:14 +0700][ERROR] [5]: Action 'public' was not found on handler 'event'

[Sun, 08 Apr 18 13:26:14 +0700][ERROR] [5]: Action 'js' was not found on handler 'event'

[Sun, 08 Apr 18 13:26:14 +0700][ERROR] [5]: Action 'public' was not found on handler 'event'

[Sun, 08 Apr 18 13:26:14 +0700][ERROR] [5]: Action 'js' was not found on handler 'event'

[Sun, 08 Apr 18 13:26:45 +0700][ERROR] [5]: Action 'event' was not found on handler 'event'

[Sun, 08 Apr 18 13:26:45 +0700][ERROR] [5]: Action 'js' was not found on handler 'event'

[Sun, 08 Apr 18 13:26:45 +0700][ERROR] [5]: Action 'js' was not found on handler 'event'

[Sun, 08 Apr 18 13:26:45 +0700][ERROR] [5]: Action 'js' was not found on handler 'event'

[Sun, 08 Apr 18 13:26:45 +0700][ERROR] [2]: ImgController handler class cannot be loaded

[Sun, 08 Apr 18 13:26:45 +0700][ERROR] [5]: Action 'img' was not found on handler 'event'

[Sun, 08 Apr 18 13:26:45 +0700][ERROR] [5]: Action 'js' was not found on handler 'event'

[Sun, 08 Apr 18 13:26:48 +0700][ERROR] [5]: Action 'public' was not found on handler 'event'

[Sun, 08 Apr 18 13:26:50 +0700][ERROR] [5]: Action 'public' was not found on handler 'event'

[Sun, 08 Apr 18 13:26:50 +0700][ERROR] [5]: Action 'js' was not found on handler 'event'

[Sun, 08 Apr 18 13:26:50 +0700][ERROR] [5]: Action 'public' was not found on handler 'event'

[Sun, 08 Apr 18 13:26:50 +0700][ERROR] [5]: Action 'js' was not found on handler 'event'

[Sun, 08 Apr 18 13:26:50 +0700][ERROR] [5]: Action 'selectJson.php' was not found on handler 'event'

[Sun, 08 Apr 18 13:26:52 +0700][ERROR] [5]: Action 'public' was not found on handler 'event'

[Sun, 08 Apr 18 13:27:25 +0700][ERROR] [5]: Action 'public' was not found on handler 'event'

[Sun, 08 Apr 18 13:27:25 +0700][ERROR] [5]: Action 'js' was not found on handler 'event'

[Sun, 08 Apr 18 13:27:25 +0700][ERROR] [5]: Action 'public' was not found on handler 'event'

[Sun, 08 Apr 18 13:27:26 +0700][ERROR] [5]: Action 'js' was not found on handler 'event'

[Sun, 08 Apr 18 13:27:26 +0700][ERROR] [5]: Action 'selectJson.php' was not found on handler 'event'

[Sun, 08 Apr 18 13:28:08 +0700][ERROR] [5]: Action 'authen' was not found on handler 'event'

[Sun, 08 Apr 18 13:28:08 +0700][ERROR] [5]: Action 'authen' was not found on handler 'event'

[Sun, 08 Apr 18 13:28:08 +0700][ERROR] [5]: Action 'authen' was not found on handler 'event'

[Sun, 08 Apr 18 13:28:08 +0700][ERROR] [5]: Action 'authen' was not found on handler 'event'

[Sun, 08 Apr 18 13:28:08 +0700][ERROR] [2]: ImgController handler class cannot be loaded

[Sun, 08 Apr 18 13:28:08 +0700][ERROR] [5]: Action 'authen' was not found on handler 'event'

[Sun, 08 Apr 18 13:28:08 +0700][ERROR] [5]: Action 'authen' was not found on handler 'event'

[Sun, 08 Apr 18 13:28:45 +0700][ERROR] [5]: Action 'authen' was not found on handler 'event'

[Sun, 08 Apr 18 13:28:45 +0700][ERROR] [5]: Action 'authen' was not found on handler 'event'

[Sun, 08 Apr 18 13:28:45 +0700][ERROR] [5]: Action 'authen' was not found on handler 'event'

[Sun, 08 Apr 18 13:28:45 +0700][ERROR] [5]: Action 'authen' was not found on handler 'event'

[Sun, 08 Apr 18 13:28:45 +0700][ERROR] [5]: Action 'authen' was not found on handler 'event'

[Sun, 08 Apr 18 13:28:45 +0700][ERROR] [2]: ImgController handler class cannot be loaded

[Sun, 08 Apr 18 13:28:45 +0700][ERROR] [5]: Action 'authen' was not found on handler 'event'

[Sun, 08 Apr 18 13:28:45 +0700][ERROR] [5]: Action 'authen' was not found on handler 'event'

[Sun, 08 Apr 18 13:28:45 +0700][ERROR] [5]: Action 'authen' was not found on handler 'event'

[Sun, 08 Apr 18 13:28:50 +0700][ERROR] [5]: Action 'authen' was not found on handler 'event'

[Sun, 08 Apr 18 13:28:50 +0700][ERROR] [5]: Action 'authen' was not found on handler 'event'

[Sun, 08 Apr 18 13:28:50 +0700][ERROR] [5]: Action 'authen' was not found on handler 'event'

[Sun, 08 Apr 18 13:28:51 +0700][ERROR] [5]: Action 'authen' was not found on handler 'event'

[Sun, 08 Apr 18 13:28:51 +0700][ERROR] [2]: ImgController handler class cannot be loaded

[Sun, 08 Apr 18 13:28:51 +0700][ERROR] [5]: Action 'authen' was not found on handler 'event'

[Sun, 08 Apr 18 13:28:51 +0700][ERROR] [5]: Action 'authen' was not found on handler 'event'

[Sun, 08 Apr 18 13:28:55 +0700][ERROR] [5]: Action 'authen' was not found on handler 'event'

[Sun, 08 Apr 18 13:28:55 +0700][ERROR] [5]: Action 'authen' was not found on handler 'event'

[Sun, 08 Apr 18 13:28:55 +0700][ERROR] [5]: Action 'authen' was not found on handler 'event'

[Sun, 08 Apr 18 13:28:55 +0700][ERROR] [5]: Action 'authen' was not found on handler 'event'

[Sun, 08 Apr 18 13:28:55 +0700][ERROR] [2]: ImgController handler class cannot be loaded

[Sun, 08 Apr 18 13:28:55 +0700][ERROR] [5]: Action 'authen' was not found on handler 'event'

[Sun, 08 Apr 18 13:28:55 +0700][ERROR] [5]: Action 'authen' was not found on handler 'event'

[Sun, 08 Apr 18 13:29:36 +0700][ERROR] [5]: Action 'authen' was not found on handler 'event'

[Sun, 08 Apr 18 13:29:37 +0700][ERROR] [5]: Action 'authen' was not found on handler 'event'

[Sun, 08 Apr 18 13:29:37 +0700][ERROR] [5]: Action 'authen' was not found on handler 'event'

[Sun, 08 Apr 18 13:29:37 +0700][ERROR] [5]: Action 'authen' was not found on handler 'event'

[Sun, 08 Apr 18 13:29:37 +0700][ERROR] [2]: ImgController handler class cannot be loaded

[Sun, 08 Apr 18 13:29:37 +0700][ERROR] [5]: Action 'authen' was not found on handler 'event'

[Sun, 08 Apr 18 13:29:37 +0700][ERROR] [5]: Action 'authen' was not found on handler 'event'

[Sun, 08 Apr 18 13:29:37 +0700][ERROR] [5]: Action 'authen' was not found on handler 'event'

[Sun, 08 Apr 18 13:30:03 +0700][ERROR] [5]: Action 'authen' was not found on handler 'event'

[Sun, 08 Apr 18 13:30:03 +0700][ERROR] [5]: Action 'authen' was not found on handler 'event'

[Sun, 08 Apr 18 13:30:03 +0700][ERROR] [5]: Action 'authen' was not found on handler 'event'

[Sun, 08 Apr 18 13:30:03 +0700][ERROR] [5]: Action 'authen' was not found on handler 'event'

[Sun, 08 Apr 18 13:30:03 +0700][ERROR] [2]: ImgController handler class cannot be loaded

[Sun, 08 Apr 18 13:30:03 +0700][ERROR] [5]: Action 'authen' was not found on handler 'event'

[Sun, 08 Apr 18 13:30:03 +0700][ERROR] [5]: Action 'authen' was not found on handler 'event'

[Sun, 08 Apr 18 13:30:07 +0700][ERROR] [2]: ImgController handler class cannot be loaded

[Sun, 08 Apr 18 13:30:07 +0700][ERROR] [2]: ImagesController handler class cannot be loaded

[Sun, 08 Apr 18 13:30:07 +0700][ERROR] [2]: ImagesController handler class cannot be loaded

[Sun, 08 Apr 18 13:31:24 +0700][ERROR] [5]: Action 'js' was not found on handler 'event'

[Sun, 08 Apr 18 13:31:24 +0700][ERROR] [5]: Action 'js' was not found on handler 'event'

[Sun, 08 Apr 18 13:31:24 +0700][ERROR] [5]: Action 'js' was not found on handler 'event'

[Sun, 08 Apr 18 13:31:24 +0700][ERROR] [5]: Action 'js' was not found on handler 'event'

[Sun, 08 Apr 18 13:31:25 +0700][ERROR] [5]: Action 'js' was not found on handler 'event'

[Sun, 08 Apr 18 13:31:25 +0700][ERROR] [5]: Action 'js' was not found on handler 'event'

[Sun, 08 Apr 18 13:31:25 +0700][ERROR] [5]: Action 'js' was not found on handler 'event'

[Sun, 08 Apr 18 13:31:25 +0700][ERROR] [2]: ImgController handler class cannot be loaded

[Sun, 08 Apr 18 13:31:25 +0700][ERROR] [5]: Action 'js' was not found on handler 'event'

[Sun, 08 Apr 18 13:31:25 +0700][ERROR] [5]: Action 'js' was not found on handler 'event'

[Sun, 08 Apr 18 13:31:26 +0700][ERROR] [5]: Action 'js' was not found on handler 'event'

[Sun, 08 Apr 18 13:32:00 +0700][ERROR] [5]: Action 'js' was not found on handler 'event'

[Sun, 08 Apr 18 13:32:00 +0700][ERROR] [5]: Action 'js' was not found on handler 'event'

[Sun, 08 Apr 18 13:32:03 +0700][ERROR] [2]: ImgController handler class cannot be loaded

[Sun, 08 Apr 18 13:32:03 +0700][ERROR] [2]: ImagesController handler class cannot be loaded

[Sun, 08 Apr 18 13:32:03 +0700][ERROR] [2]: ImagesController handler class cannot be loaded

[Sun, 08 Apr 18 13:32:36 +0700][ERROR] [5]: Action 'js' was not found on handler 'event'

[Sun, 08 Apr 18 13:32:36 +0700][ERROR] [5]: Action 'js' was not found on handler 'event'

[Sun, 08 Apr 18 13:32:37 +0700][ERROR] [2]: ImgController handler class cannot be loaded

[Sun, 08 Apr 18 13:32:38 +0700][ERROR] [2]: ImagesController handler class cannot be loaded

[Sun, 08 Apr 18 13:32:38 +0700][ERROR] [2]: ImagesController handler class cannot be loaded

[Sun, 08 Apr 18 13:32:59 +0700][ERROR] [2]: ImgController handler class cannot be loaded

[Sun, 08 Apr 18 13:32:59 +0700][ERROR] [2]: ImagesController handler class cannot be loaded

[Sun, 08 Apr 18 13:32:59 +0700][ERROR] [2]: ImagesController handler class cannot be loaded

[Sun, 08 Apr 18 13:34:01 +0700][ERROR] [2]: ImgController handler class cannot be loaded

[Sun, 08 Apr 18 13:34:01 +0700][ERROR] [2]: ImagesController handler class cannot be loaded

[Sun, 08 Apr 18 13:34:01 +0700][ERROR] [2]: ImagesController handler class cannot be loaded

[Sun, 08 Apr 18 13:35:04 +0700][ERROR] [2]: ImgController handler class cannot be loaded

[Sun, 08 Apr 18 13:35:04 +0700][ERROR] [2]: ImagesController handler class cannot be loaded

[Sun, 08 Apr 18 13:35:04 +0700][ERROR] [2]: ImagesController handler class cannot be loaded

[Sun, 08 Apr 18 13:35:56 +0700][ERROR] [2]: ImgController handler class cannot be loaded

[Sun, 08 Apr 18 13:35:57 +0700][ERROR] [2]: ImagesController handler class cannot be loaded

[Sun, 08 Apr 18 13:35:57 +0700][ERROR] [2]: ImagesController handler class cannot be loaded

[Sun, 08 Apr 18 13:36:17 +0700][ERROR] [2]: ImgController handler class cannot be loaded

[Sun, 08 Apr 18 13:36:17 +0700][ERROR] [2]: ImagesController handler class cannot be loaded

[Sun, 08 Apr 18 13:36:17 +0700][ERROR] [2]: ImagesController handler class cannot be loaded

[Sun, 08 Apr 18 13:55:29 +0700][ERROR] [5]: Action 'public' was not found on handler 'event'

[Sun, 08 Apr 18 13:55:29 +0700][ERROR] [5]: Action 'js' was not found on handler 'event'

[Sun, 08 Apr 18 13:55:29 +0700][ERROR] [5]: Action 'public' was not found on handler 'event'

[Sun, 08 Apr 18 13:55:29 +0700][ERROR] [5]: Action 'js' was not found on handler 'event'

[Sun, 08 Apr 18 13:58:31 +0700][ERROR] [5]: Action 'public' was not found on handler 'event'

[Sun, 08 Apr 18 13:58:31 +0700][ERROR] [5]: Action 'js' was not found on handler 'event'

[Sun, 08 Apr 18 13:58:31 +0700][ERROR] [5]: Action 'js' was not found on handler 'event'

[Sun, 08 Apr 18 13:58:32 +0700][ERROR] [5]: Action 'public' was not found on handler 'event'

[Sun, 08 Apr 18 13:58:32 +0700][ERROR] [5]: Action 'js' was not found on handler 'event'

[Sun, 08 Apr 18 13:58:32 +0700][ERROR] [5]: Action 'js' was not found on handler 'event'

[Sun, 08 Apr 18 14:00:45 +0700][ERROR] [5]: Action 'public' was not found on handler 'event'

[Sun, 08 Apr 18 14:03:09 +0700][ERROR] [5]: Action 'public' was not found on handler 'event'

[Sun, 08 Apr 18 14:03:09 +0700][ERROR] [5]: Action 'js' was not found on handler 'event'

[Sun, 08 Apr 18 14:03:09 +0700][ERROR] [5]: Action 'public' was not found on handler 'event'

[Sun, 08 Apr 18 14:03:09 +0700][ERROR] [5]: Action 'js' was not found on handler 'event'

[Sun, 08 Apr 18 14:04:53 +0700][ERROR] [5]: Action 'public' was not found on handler 'event'

[Sun, 08 Apr 18 14:04:53 +0700][ERROR] [5]: Action 'js' was not found on handler 'event'

[Sun, 08 Apr 18 14:04:53 +0700][ERROR] [5]: Action 'public' was not found on handler 'event'

[Sun, 08 Apr 18 14:04:54 +0700][ERROR] [5]: Action 'js' was not found on handler 'event'

[Sun, 08 Apr 18 14:13:27 +0700][ERROR] [5]: Action 'js' was not found on handler 'event'

[Sun, 08 Apr 18 14:13:27 +0700][ERROR] [5]: Action 'js' was not found on handler 'event'

[Sun, 08 Apr 18 14:13:50 +0700][ERROR] [2]: ImgController handler class cannot be loaded

[Sun, 08 Apr 18 14:13:56 +0700][ERROR] [5]: Action 'public' was not found on handler 'event'

[Sun, 08 Apr 18 14:13:56 +0700][ERROR] [5]: Action 'js' was not found on handler 'event'

[Sun, 08 Apr 18 14:13:56 +0700][ERROR] [5]: Action 'js' was not found on handler 'event'

[Sun, 08 Apr 18 14:14:39 +0700][ERROR] [5]: Action 'public' was not found on handler 'event'

[Sun, 08 Apr 18 14:14:39 +0700][ERROR] [5]: Action 'js' was not found on handler 'event'

[Sun, 08 Apr 18 14:14:40 +0700][ERROR] [5]: Action 'public' was not found on handler 'event'

[Sun, 08 Apr 18 14:14:40 +0700][ERROR] [5]: Action 'js' was not found on handler 'event'

[Sun, 08 Apr 18 14:16:40 +0700][ERROR] [2]: ImgController handler class cannot be loaded

[Sun, 08 Apr 18 14:16:46 +0700][ERROR] [5]: Action 'public' was not found on handler 'event'

[Sun, 08 Apr 18 14:16:46 +0700][ERROR] [5]: Action 'public' was not found on handler 'event'

[Sun, 08 Apr 18 14:18:22 +0700][ERROR] [5]: Action 'public' was not found on handler 'event'

[Sun, 08 Apr 18 14:18:23 +0700][ERROR] [5]: Action 'js' was not found on handler 'event'

[Sun, 08 Apr 18 14:18:23 +0700][ERROR] [5]: Action 'public' was not found on handler 'event'

[Sun, 08 Apr 18 14:18:23 +0700][ERROR] [5]: Action 'js' was not found on handler 'event'

[Sun, 08 Apr 18 14:19:27 +0700][ERROR] [5]: Action 'public' was not found on handler 'event'

[Sun, 08 Apr 18 14:19:28 +0700][ERROR] [5]: Action 'js' was not found on handler 'event'

[Sun, 08 Apr 18 14:19:28 +0700][ERROR] [5]: Action 'public' was not found on handler 'event'

[Sun, 08 Apr 18 14:19:28 +0700][ERROR] [5]: Action 'js' was not found on handler 'event'

[Sun, 08 Apr 18 14:22:51 +0700][ERROR] [5]: Action 'public' was not found on handler 'event'

[Sun, 08 Apr 18 14:22:51 +0700][ERROR] [5]: Action 'js' was not found on handler 'event'

[Sun, 08 Apr 18 14:22:51 +0700][ERROR] [5]: Action 'public' was not found on handler 'event'

[Sun, 08 Apr 18 14:22:51 +0700][ERROR] [5]: Action 'js' was not found on handler 'event'

[Sun, 08 Apr 18 14:22:57 +0700][ERROR] [2]: ImgController handler class cannot be loaded

[Sun, 08 Apr 18 14:24:18 +0700][ERROR] [5]: Action 'public' was not found on handler 'event'

[Sun, 08 Apr 18 14:24:18 +0700][ERROR] [5]: Action 'js' was not found on handler 'event'

[Sun, 08 Apr 18 14:24:18 +0700][ERROR] [5]: Action 'public' was not found on handler 'event'

[Sun, 08 Apr 18 14:24:18 +0700][ERROR] [5]: Action 'js' was not found on handler 'event'

[Sun, 08 Apr 18 14:24:24 +0700][ERROR] [2]: ImgController handler class cannot be loaded

[Sun, 08 Apr 18 14:26:39 +0700][ERROR] [5]: Action 'public' was not found on handler 'event'

[Sun, 08 Apr 18 14:26:39 +0700][ERROR] [5]: Action 'js' was not found on handler 'event'

[Sun, 08 Apr 18 14:26:39 +0700][ERROR] [5]: Action 'public' was not found on handler 'event'

[Sun, 08 Apr 18 14:26:39 +0700][ERROR] [5]: Action 'js' was not found on handler 'event'

[Sun, 08 Apr 18 14:26:49 +0700][ERROR] [2]: ImgController handler class cannot be loaded

[Sun, 08 Apr 18 14:30:02 +0700][ERROR] [2]: ImgController handler class cannot be loaded

[Sun, 08 Apr 18 14:30:06 +0700][ERROR] [5]: Action 'public' was not found on handler 'event'

[Sun, 08 Apr 18 14:30:06 +0700][ERROR] [5]: Action 'js' was not found on handler 'event'

[Sun, 08 Apr 18 14:30:06 +0700][ERROR] [5]: Action 'public' was not found on handler 'event'

[Sun, 08 Apr 18 14:30:06 +0700][ERROR] [5]: Action 'js' was not found on handler 'event'

[Sun, 08 Apr 18 14:30:45 +0700][ERROR] [5]: Action 'js' was not found on handler 'event'

[Sun, 08 Apr 18 14:30:46 +0700][ERROR] [5]: Action 'js' was not found on handler 'event'

[Sun, 08 Apr 18 14:36:41 +0700][ERROR] [5]: Action 'js' was not found on handler 'event'

[Sun, 08 Apr 18 14:36:41 +0700][ERROR] [5]: Action 'js' was not found on handler 'event'

[Sun, 08 Apr 18 14:36:42 +0700][ERROR] [5]: Action 'js' was not found on handler 'event'

[Sun, 08 Apr 18 14:36:42 +0700][ERROR] [5]: Action 'js' was not found on handler 'event'

[Sun, 08 Apr 18 14:42:26 +0700][ERROR] [5]: Action 'js' was not found on handler 'event'

[Sun, 08 Apr 18 14:42:26 +0700][ERROR] [5]: Action 'js' was not found on handler 'event'

[Sun, 08 Apr 18 14:42:27 +0700][ERROR] [5]: Action 'js' was not found on handler 'event'

[Sun, 08 Apr 18 14:42:27 +0700][ERROR] [5]: Action 'js' was not found on handler 'event'

[Sun, 08 Apr 18 15:00:48 +0700][ERROR] [5]: Action 'js' was not found on handler 'event'

[Sun, 08 Apr 18 15:00:48 +0700][ERROR] [5]: Action 'js' was not found on handler 'event'

[Sun, 08 Apr 18 15:00:49 +0700][ERROR] [5]: Action 'js' was not found on handler 'event'

[Sun, 08 Apr 18 15:00:49 +0700][ERROR] [5]: Action 'js' was not found on handler 'event'

[Sun, 08 Apr 18 15:00:51 +0700][ERROR] [5]: Action 'event' was not found on handler 'event'

[Sun, 08 Apr 18 15:00:51 +0700][ERROR] [5]: Action 'js' was not found on handler 'event'

[Sun, 08 Apr 18 15:00:51 +0700][ERROR] [5]: Action 'js' was not found on handler 'event'

[Sun, 08 Apr 18 15:00:51 +0700][ERROR] [5]: Action 'js' was not found on handler 'event'

[Sun, 08 Apr 18 15:00:51 +0700][ERROR] [5]: Action 'js' was not found on handler 'event'

[Sun, 08 Apr 18 15:00:51 +0700][ERROR] [5]: Action 'js' was not found on handler 'event'

[Sun, 08 Apr 18 15:00:51 +0700][ERROR] [5]: Action 'js' was not found on handler 'event'

[Sun, 08 Apr 18 15:00:51 +0700][ERROR] [2]: ImgController handler class cannot be loaded

[Sun, 08 Apr 18 15:00:51 +0700][ERROR] [5]: Action 'js' was not found on handler 'event'

[Sun, 08 Apr 18 15:00:52 +0700][ERROR] [5]: Action 'js' was not found on handler 'event'

[Sun, 08 Apr 18 15:00:52 +0700][ERROR] [5]: Action 'js' was not found on handler 'event'

[Sun, 08 Apr 18 15:00:52 +0700][ERROR] [5]: Action 'js' was not found on handler 'event'

[Sun, 08 Apr 18 15:00:52 +0700][ERROR] [5]: Action 'js' was not found on handler 'event'

[Sun, 08 Apr 18 15:00:52 +0700][ERROR] [5]: Action 'js' was not found on handler 'event'

[Sun, 08 Apr 18 15:00:56 +0700][ERROR] [2]: ImgController handler class cannot be loaded

[Sun, 08 Apr 18 16:45:39 +0700][ERROR] [2]: ImgController handler class cannot be loaded

[Sun, 08 Apr 18 16:45:40 +0700][ERROR] [2]: ImagesController handler class cannot be loaded

[Sun, 08 Apr 18 16:45:40 +0700][ERROR] [2]: ImagesController handler class cannot be loaded

[Sun, 08 Apr 18 17:09:09 +0700][ERROR] [5]: Action 'js' was not found on handler 'event'

[Sun, 08 Apr 18 17:09:09 +0700][ERROR] [5]: Action 'js' was not found on handler 'event'

[Sun, 08 Apr 18 17:09:10 +0700][ERROR] [5]: Action 'js' was not found on handler 'event'

[Sun, 08 Apr 18 17:09:10 +0700][ERROR] [5]: Action 'js' was not found on handler 'event'

[Sun, 08 Apr 18 17:12:03 +0700][ERROR] [5]: Action 'public' was not found on handler 'event'

[Sun, 08 Apr 18 17:12:03 +0700][ERROR] [5]: Action 'js' was not found on handler 'event'

[Sun, 08 Apr 18 17:12:03 +0700][ERROR] [5]: Action 'public' was not found on handler 'event'

[Sun, 08 Apr 18 17:12:03 +0700][ERROR] [5]: Action 'js' was not found on handler 'event'

[Sun, 08 Apr 18 17:17:24 +0700][ERROR] [5]: Action 'public' was not found on handler 'event'

[Sun, 08 Apr 18 17:17:24 +0700][ERROR] [5]: Action 'js' was not found on handler 'event'

[Sun, 08 Apr 18 17:17:24 +0700][ERROR] [5]: Action 'public' was not found on handler 'event'

[Sun, 08 Apr 18 17:17:25 +0700][ERROR] [5]: Action 'js' was not found on handler 'event'

[Sun, 08 Apr 18 17:19:21 +0700][ERROR] [5]: Action 'public' was not found on handler 'event'

[Sun, 08 Apr 18 17:19:21 +0700][ERROR] [5]: Action 'js' was not found on handler 'event'

[Sun, 08 Apr 18 17:19:21 +0700][ERROR] [5]: Action 'js' was not found on handler 'event'

[Sun, 08 Apr 18 17:19:21 +0700][ERROR] [5]: Action 'public' was not found on handler 'event'

[Sun, 08 Apr 18 17:19:21 +0700][ERROR] [5]: Action 'js' was not found on handler 'event'

[Sun, 08 Apr 18 17:19:21 +0700][ERROR] [5]: Action 'js' was not found on handler 'event'

[Sun, 08 Apr 18 17:33:47 +0700][ERROR] [5]: Action 'public' was not found on handler 'event'

[Sun, 08 Apr 18 17:33:47 +0700][ERROR] [5]: Action 'js' was not found on handler 'event'

[Sun, 08 Apr 18 17:33:47 +0700][ERROR] [5]: Action 'public' was not found on handler 'event'

[Sun, 08 Apr 18 17:33:47 +0700][ERROR] [5]: Action 'js' was not found on handler 'event'

[Sun, 08 Apr 18 17:34:20 +0700][ERROR] [2]: CssController handler class cannot be loaded

[Sun, 08 Apr 18 17:34:20 +0700][ERROR] [2]: ImagesController handler class cannot be loaded

[Sun, 08 Apr 18 17:34:20 +0700][ERROR] [2]: ImagesController handler class cannot be loaded

[Sun, 08 Apr 18 17:35:54 +0700][ERROR] [2]: ImgController handler class cannot be loaded

[Sun, 08 Apr 18 17:35:55 +0700][ERROR] [2]: ImagesController handler class cannot be loaded

[Sun, 08 Apr 18 17:35:55 +0700][ERROR] [2]: ImagesController handler class cannot be loaded

[Sun, 08 Apr 18 17:48:50 +0700][ERROR] [5]: Action 'public' was not found on handler 'event'

[Sun, 08 Apr 18 17:48:50 +0700][ERROR] [5]: Action 'js' was not found on handler 'event'

[Sun, 08 Apr 18 17:48:50 +0700][ERROR] [5]: Action 'public' was not found on handler 'event'

[Sun, 08 Apr 18 17:48:50 +0700][ERROR] [5]: Action 'js' was not found on handler 'event'

[Sun, 08 Apr 18 17:51:23 +0700][ERROR] [5]: Action 'vendor' was not found on handler 'authen'

[Sun, 08 Apr 18 17:51:23 +0700][ERROR] [5]: Action 'vendor' was not found on handler 'authen'

[Sun, 08 Apr 18 17:51:23 +0700][ERROR] [5]: Action 'vendor' was not found on handler 'authen'

[Sun, 08 Apr 18 17:51:23 +0700][ERROR] [5]: Action 'vendor' was not found on handler 'authen'

[Sun, 08 Apr 18 17:51:23 +0700][ERROR] [5]: Action 'vendor' was not found on handler 'authen'

[Sun, 08 Apr 18 17:51:23 +0700][ERROR] [5]: Action 'vendor' was not found on handler 'authen'

[Sun, 08 Apr 18 17:51:23 +0700][ERROR] [5]: Action 'vendor' was not found on handler 'authen'

[Sun, 08 Apr 18 17:51:44 +0700][ERROR] [2]: ImgController handler class cannot be loaded

[Sun, 08 Apr 18 17:51:45 +0700][ERROR] [2]: ImagesController handler class cannot be loaded

[Sun, 08 Apr 18 17:51:45 +0700][ERROR] [2]: ImagesController handler class cannot be loaded

[Sun, 08 Apr 18 17:52:15 +0700][ERROR] [5]: Action 'public' was not found on handler 'event'

[Sun, 08 Apr 18 17:52:15 +0700][ERROR] [5]: Action 'js' was not found on handler 'event'

[Sun, 08 Apr 18 17:52:15 +0700][ERROR] [5]: Action 'public' was not found on handler 'event'

[Sun, 08 Apr 18 17:52:15 +0700][ERROR] [5]: Action 'js' was not found on handler 'event'

[Sun, 08 Apr 18 17:58:48 +0700][ERROR] [5]: Action 'public' was not found on handler 'event'

[Sun, 08 Apr 18 17:58:48 +0700][ERROR] [5]: Action 'js' was not found on handler 'event'

[Sun, 08 Apr 18 17:58:48 +0700][ERROR] [5]: Action 'public' was not found on handler 'event'

[Sun, 08 Apr 18 17:58:48 +0700][ERROR] [5]: Action 'js' was not found on handler 'event'

[Sun, 08 Apr 18 17:58:59 +0700][ERROR] [2]: ImgController handler class cannot be loaded

[Sun, 08 Apr 18 17:58:59 +0700][ERROR] [2]: ImagesController handler class cannot be loaded

[Sun, 08 Apr 18 17:58:59 +0700][ERROR] [2]: ImagesController handler class cannot be loaded

[Sun, 08 Apr 18 17:59:28 +0700][ERROR] [5]: Action 'public' was not found on handler 'event'

[Sun, 08 Apr 18 17:59:28 +0700][ERROR] [5]: Action 'js' was not found on handler 'event'

[Sun, 08 Apr 18 17:59:28 +0700][ERROR] [5]: Action 'public' was not found on handler 'event'

[Sun, 08 Apr 18 17:59:28 +0700][ERROR] [5]: Action 'js' was not found on handler 'event'

[Sun, 08 Apr 18 18:02:47 +0700][ERROR] [5]: Action 'public' was not found on handler 'event'

[Sun, 08 Apr 18 18:02:47 +0700][ERROR] [5]: Action 'js' was not found on handler 'event'

[Sun, 08 Apr 18 18:02:47 +0700][ERROR] [5]: Action 'js' was not found on handler 'event'

[Sun, 08 Apr 18 18:02:47 +0700][ERROR] [5]: Action 'public' was not found on handler 'event'

[Sun, 08 Apr 18 18:02:47 +0700][ERROR] [5]: Action 'js' was not found on handler 'event'

[Sun, 08 Apr 18 18:02:47 +0700][ERROR] [5]: Action 'js' was not found on handler 'event'

[Sun, 08 Apr 18 18:03:53 +0700][ERROR] [5]: Action 'public' was not found on handler 'event'

[Sun, 08 Apr 18 18:03:53 +0700][ERROR] [5]: Action 'js' was not found on handler 'event'

[Sun, 08 Apr 18 18:03:54 +0700][ERROR] [5]: Action 'public' was not found on handler 'event'

[Sun, 08 Apr 18 18:04:20 +0700][ERROR] [5]: Action 'public' was not found on handler 'event'

[Sun, 08 Apr 18 18:04:20 +0700][ERROR] [5]: Action 'public' was not found on handler 'event'

[Sun, 08 Apr 18 18:05:36 +0700][ERROR] [5]: Action 'public' was not found on handler 'event'

[Sun, 08 Apr 18 18:05:36 +0700][ERROR] [5]: Action 'js' was not found on handler 'event'

[Sun, 08 Apr 18 18:05:37 +0700][ERROR] [5]: Action 'public' was not found on handler 'event'

[Sun, 08 Apr 18 18:05:37 +0700][ERROR] [5]: Action 'js' was not found on handler 'event'

[Sun, 08 Apr 18 18:08:39 +0700][ERROR] [5]: Action 'vendor' was not found on handler 'authen'

[Sun, 08 Apr 18 18:08:39 +0700][ERROR] [5]: Action 'vendor' was not found on handler 'authen'

[Sun, 08 Apr 18 18:08:39 +0700][ERROR] [5]: Action 'vendor' was not found on handler 'authen'

[Sun, 08 Apr 18 18:08:39 +0700][ERROR] [5]: Action 'vendor' was not found on handler 'authen'

[Sun, 08 Apr 18 18:08:39 +0700][ERROR] [5]: Action 'vendor' was not found on handler 'authen'

[Sun, 08 Apr 18 18:08:39 +0700][ERROR] [5]: Action 'vendor' was not found on handler 'authen'

[Sun, 08 Apr 18 18:08:39 +0700][ERROR] [5]: Action 'vendor' was not found on handler 'authen'

[Sun, 08 Apr 18 18:08:39 +0700][ERROR] [5]: Action 'vendor' was not found on handler 'authen'

[Sun, 08 Apr 18 18:08:39 +0700][ERROR] [5]: Action 'vendor' was not found on handler 'authen'

[Sun, 08 Apr 18 18:10:48 +0700][ERROR] [2]: ImgController handler class cannot be loaded

[Sun, 08 Apr 18 18:10:48 +0700][ERROR] [2]: ImagesController handler class cannot be loaded

[Sun, 08 Apr 18 18:10:48 +0700][ERROR] [2]: ImagesController handler class cannot be loaded

[Sun, 08 Apr 18 18:13:28 +0700][ERROR] [5]: Action 'public' was not found on handler 'event'

[Sun, 08 Apr 18 18:13:28 +0700][ERROR] [5]: Action 'js' was not found on handler 'event'

[Sun, 08 Apr 18 18:13:28 +0700][ERROR] [5]: Action 'js' was not found on handler 'event'

[Sun, 08 Apr 18 18:13:28 +0700][ERROR] [5]: Action 'public' was not found on handler 'event'

[Sun, 08 Apr 18 18:13:28 +0700][ERROR] [5]: Action 'js' was not found on handler 'event'

[Sun, 08 Apr 18 18:13:28 +0700][ERROR] [5]: Action 'js' was not found on handler 'event'

[Sun, 08 Apr 18 18:18:17 +0700][ERROR] [5]: Action 'public' was not found on handler 'event'

[Sun, 08 Apr 18 18:18:17 +0700][ERROR] [5]: Action 'js' was not found on handler 'event'

[Sun, 08 Apr 18 18:18:17 +0700][ERROR] [5]: Action 'public' was not found on handler 'event'

[Sun, 08 Apr 18 18:18:17 +0700][ERROR] [5]: Action 'js' was not found on handler 'event'

[Sun, 08 Apr 18 18:18:52 +0700][ERROR] [5]: Action 'public' was not found on handler 'event'

[Sun, 08 Apr 18 18:18:52 +0700][ERROR] [5]: Action 'js' was not found on handler 'event'

[Sun, 08 Apr 18 18:18:52 +0700][ERROR] [5]: Action 'public' was not found on handler 'event'

[Sun, 08 Apr 18 18:18:52 +0700][ERROR] [5]: Action 'js' was not found on handler 'event'

[Sun, 08 Apr 18 18:20:48 +0700][ERROR] [5]: Action 'authen' was not found on handler 'event'

[Sun, 08 Apr 18 18:20:48 +0700][ERROR] [5]: Action 'authen' was not found on handler 'event'

[Sun, 08 Apr 18 18:20:48 +0700][ERROR] [5]: Action 'authen' was not found on handler 'event'

[Sun, 08 Apr 18 18:20:48 +0700][ERROR] [5]: Action 'authen' was not found on handler 'event'

[Sun, 08 Apr 18 18:20:48 +0700][ERROR] [5]: Action 'authen' was not found on handler 'event'

[Sun, 08 Apr 18 18:20:49 +0700][ERROR] [2]: ImgController handler class cannot be loaded

[Sun, 08 Apr 18 18:20:49 +0700][ERROR] [5]: Action 'authen' was not found on handler 'event'

[Sun, 08 Apr 18 18:20:49 +0700][ERROR] [5]: Action 'authen' was not found on handler 'event'

[Sun, 08 Apr 18 18:20:49 +0700][ERROR] [5]: Action 'authen' was not found on handler 'event'

[Sun, 08 Apr 18 18:20:51 +0700][ERROR] [5]: Action 'authen' was not found on handler 'event'

[Sun, 08 Apr 18 18:20:51 +0700][ERROR] [5]: Action 'authen' was not found on handler 'event'

[Sun, 08 Apr 18 18:20:51 +0700][ERROR] [5]: Action 'authen' was not found on handler 'event'

[Sun, 08 Apr 18 18:20:51 +0700][ERROR] [5]: Action 'authen' was not found on handler 'event'

[Sun, 08 Apr 18 18:20:51 +0700][ERROR] [2]: ImgController handler class cannot be loaded

[Sun, 08 Apr 18 18:20:51 +0700][ERROR] [5]: Action 'authen' was not found on handler 'event'

[Sun, 08 Apr 18 18:20:51 +0700][ERROR] [5]: Action 'authen' was not found on handler 'event'

[Sun, 08 Apr 18 18:20:51 +0700][ERROR] [5]: Action 'authen' was not found on handler 'event'

[Sun, 08 Apr 18 18:20:52 +0700][ERROR] [5]: Action 'authen' was not found on handler 'event'

[Sun, 08 Apr 18 18:20:52 +0700][ERROR] [5]: Action 'authen' was not found on handler 'event'

[Sun, 08 Apr 18 18:20:52 +0700][ERROR] [5]: Action 'authen' was not found on handler 'event'

[Sun, 08 Apr 18 18:20:52 +0700][ERROR] [5]: Action 'authen' was not found on handler 'event'

[Sun, 08 Apr 18 18:20:52 +0700][ERROR] [2]: ImgController handler class cannot be loaded

[Sun, 08 Apr 18 18:20:53 +0700][ERROR] [5]: Action 'authen' was not found on handler 'event'

[Sun, 08 Apr 18 18:20:53 +0700][ERROR] [5]: Action 'authen' was not found on handler 'event'

[Sun, 08 Apr 18 18:20:57 +0700][ERROR] [2]: ImgController handler class cannot be loaded

[Sun, 08 Apr 18 18:20:58 +0700][ERROR] [2]: ImagesController handler class cannot be loaded

[Sun, 08 Apr 18 18:20:58 +0700][ERROR] [2]: ImagesController handler class cannot be loaded

[Sun, 08 Apr 18 18:20:59 +0700][ERROR] [2]: ImgController handler class cannot be loaded

[Sun, 08 Apr 18 18:21:00 +0700][ERROR] [2]: ImagesController handler class cannot be loaded

[Sun, 08 Apr 18 18:21:00 +0700][ERROR] [2]: ImagesController handler class cannot be loaded

[Sun, 08 Apr 18 18:21:17 +0700][ERROR] [5]: Action 'vendor' was not found on handler 'authen'

[Sun, 08 Apr 18 18:21:17 +0700][ERROR] [5]: Action 'css' was not found on handler 'authen'

[Sun, 08 Apr 18 18:21:17 +0700][ERROR] [5]: Action 'vendor' was not found on handler 'authen'

[Sun, 08 Apr 18 18:21:17 +0700][ERROR] [5]: Action 'vendor' was not found on handler 'authen'

[Sun, 08 Apr 18 18:21:17 +0700][ERROR] [5]: Action 'vendor' was not found on handler 'authen'

[Sun, 08 Apr 18 18:21:18 +0700][ERROR] [5]: Action 'vendor' was not found on handler 'authen'

[Sun, 08 Apr 18 18:21:18 +0700][ERROR] [5]: Action 'vendor' was not found on handler 'authen'

[Sun, 08 Apr 18 18:21:18 +0700][ERROR] [5]: Action 'vendor' was not found on handler 'authen'

[Sun, 08 Apr 18 18:23:07 +0700][ERROR] [2]: ImgController handler class cannot be loaded

[Sun, 08 Apr 18 18:23:08 +0700][ERROR] [2]: ImagesController handler class cannot be loaded

[Sun, 08 Apr 18 18:23:08 +0700][ERROR] [2]: ImagesController handler class cannot be loaded

[Sun, 08 Apr 18 18:23:10 +0700][ERROR] [5]: Action 'vendor' was not found on handler 'authen'

[Sun, 08 Apr 18 18:23:10 +0700][ERROR] [5]: Action 'vendor' was not found on handler 'authen'

[Sun, 08 Apr 18 18:23:10 +0700][ERROR] [5]: Action 'vendor' was not found on handler 'authen'

[Sun, 08 Apr 18 18:23:50 +0700][ERROR] [2]: ImgController handler class cannot be loaded

[Sun, 08 Apr 18 18:23:51 +0700][ERROR] [2]: ImagesController handler class cannot be loaded

[Sun, 08 Apr 18 18:23:51 +0700][ERROR] [2]: ImagesController handler class cannot be loaded

[Sun, 08 Apr 18 18:23:54 +0700][ERROR] [5]: Action 'fonts' was not found on handler 'authen'

[Sun, 08 Apr 18 18:23:54 +0700][ERROR] [5]: Action 'css' was not found on handler 'authen'

[Sun, 08 Apr 18 18:23:54 +0700][ERROR] [5]: Action 'vendor' was not found on handler 'authen'

[Sun, 08 Apr 18 18:23:54 +0700][ERROR] [5]: Action 'vendor' was not found on handler 'authen'

[Sun, 08 Apr 18 18:23:54 +0700][ERROR] [5]: Action 'js' was not found on handler 'authen'

[Sun, 08 Apr 18 18:23:54 +0700][ERROR] [5]: Action 'vendor' was not found on handler 'authen'

[Sun, 08 Apr 18 18:23:54 +0700][ERROR] [5]: Action 'vendor' was not found on handler 'authen'

[Sun, 08 Apr 18 18:23:54 +0700][ERROR] [5]: Action 'js' was not found on handler 'authen'

[Sun, 08 Apr 18 18:24:09 +0700][ERROR] [2]: ImgController handler class cannot be loaded

[Sun, 08 Apr 18 18:24:09 +0700][ERROR] [2]: ImagesController handler class cannot be loaded

[Sun, 08 Apr 18 18:24:09 +0700][ERROR] [2]: ImagesController handler class cannot be loaded

[Sun, 08 Apr 18 18:25:54 +0700][ERROR] [5]: Action 'public' was not found on handler 'event'

[Sun, 08 Apr 18 18:25:54 +0700][ERROR] [5]: Action 'js' was not found on handler 'event'

[Sun, 08 Apr 18 18:25:54 +0700][ERROR] [5]: Action 'public' was not found on handler 'event'

[Sun, 08 Apr 18 18:25:54 +0700][ERROR] [5]: Action 'js' was not found on handler 'event'

[Sun, 08 Apr 18 18:26:15 +0700][ERROR] [5]: Action 'js' was not found on handler 'event'

[Sun, 08 Apr 18 18:26:15 +0700][ERROR] [5]: Action 'js' was not found on handler 'event'

[Sun, 08 Apr 18 18:26:15 +0700][ERROR] [5]: Action 'js' was not found on handler 'event'

[Sun, 08 Apr 18 18:26:15 +0700][ERROR] [5]: Action 'js' was not found on handler 'event'

[Sun, 08 Apr 18 18:28:36 +0700][ERROR] [5]: Action 'public' was not found on handler 'event'

[Sun, 08 Apr 18 18:28:36 +0700][ERROR] [5]: Action 'js' was not found on handler 'event'

[Sun, 08 Apr 18 18:28:36 +0700][ERROR] [5]: Action 'public' was not found on handler 'event'

[Sun, 08 Apr 18 18:28:36 +0700][ERROR] [5]: Action 'js' was not found on handler 'event'

[Sun, 08 Apr 18 18:31:43 +0700][ERROR] [5]: Action 'public' was not found on handler 'event'

[Sun, 08 Apr 18 18:31:43 +0700][ERROR] [5]: Action 'js' was not found on handler 'event'

[Sun, 08 Apr 18 18:31:43 +0700][ERROR] [5]: Action 'js' was not found on handler 'event'

[Sun, 08 Apr 18 18:31:43 +0700][ERROR] [5]: Action 'public' was not found on handler 'event'

[Sun, 08 Apr 18 18:31:43 +0700][ERROR] [5]: Action 'img' was not found on handler 'event'

[Sun, 08 Apr 18 18:31:43 +0700][ERROR] [5]: Action 'js' was not found on handler 'event'

[Sun, 08 Apr 18 18:31:43 +0700][ERROR] [5]: Action 'img' was not found on handler 'event'

[Sun, 08 Apr 18 18:32:01 +0700][ERROR] [2]: ImgController handler class cannot be loaded

[Sun, 08 Apr 18 18:32:02 +0700][ERROR] [2]: ImagesController handler class cannot be loaded

[Sun, 08 Apr 18 18:32:02 +0700][ERROR] [2]: ImagesController handler class cannot be loaded

[Sun, 08 Apr 18 18:32:02 +0700][ERROR] [2]: ImagesController handler class cannot be loaded

[Sun, 08 Apr 18 18:56:59 +0700][ERROR] [5]: Action 'js' was not found on handler 'event'

[Sun, 08 Apr 18 18:56:59 +0700][ERROR] [5]: Action 'js' was not found on handler 'event'

[Sun, 08 Apr 18 19:08:32 +0700][ERROR] [2]: ImgController handler class cannot be loaded

[Sun, 08 Apr 18 19:08:32 +0700][ERROR] [2]: ImagesController handler class cannot be loaded

[Sun, 08 Apr 18 19:08:32 +0700][ERROR] [2]: ImagesController handler class cannot be loaded

[Sun, 08 Apr 18 19:08:37 +0700][ERROR] [5]: Action 'vendor' was not found on handler 'authen'

[Sun, 08 Apr 18 19:08:37 +0700][ERROR] [5]: Action 'css' was not found on handler 'authen'

[Sun, 08 Apr 18 19:08:37 +0700][ERROR] [5]: Action 'js' was not found on handler 'authen'

[Sun, 08 Apr 18 19:12:48 +0700][ERROR] [5]: Action 'vendor' was not found on handler 'authen'

[Sun, 08 Apr 18 19:12:48 +0700][ERROR] [5]: Action 'vendor' was not found on handler 'authen'

[Sun, 08 Apr 18 19:12:48 +0700][ERROR] [5]: Action 'vendor' was not found on handler 'authen'

[Sun, 08 Apr 18 19:12:48 +0700][ERROR] [5]: Action 'vendor' was not found on handler 'authen'

[Sun, 08 Apr 18 19:12:48 +0700][ERROR] [5]: Action 'vendor' was not found on handler 'authen'

[Sun, 08 Apr 18 19:12:48 +0700][ERROR] [5]: Action 'js' was not found on handler 'authen'

[Sun, 08 Apr 18 19:12:48 +0700][ERROR] [5]: Action 'vendor' was not found on handler 'authen'

[Sun, 08 Apr 18 19:12:49 +0700][ERROR] [5]: Action 'vendor' was not found on handler 'authen'

[Sun, 08 Apr 18 19:12:49 +0700][ERROR] [5]: Action 'vendor' was not found on handler 'authen'

[Sun, 08 Apr 18 19:12:49 +0700][ERROR] [5]: Action 'js' was not found on handler 'authen'

[Sun, 08 Apr 18 20:11:14 +0700][ERROR] [5]: Action 'vendor' was not found on handler 'authen'

[Sun, 08 Apr 18 20:11:14 +0700][ERROR] [5]: Action 'fonts' was not found on handler 'authen'

[Sun, 08 Apr 18 20:11:14 +0700][ERROR] [5]: Action 'vendor' was not found on handler 'authen'

[Sun, 08 Apr 18 20:11:14 +0700][ERROR] [5]: Action 'vendor' was not found on handler 'authen'

[Sun, 08 Apr 18 20:11:40 +0700][ERROR] [2]: ImgController handler class cannot be loaded

[Sun, 08 Apr 18 20:11:41 +0700][ERROR] [2]: ImagesController handler class cannot be loaded

[Sun, 08 Apr 18 20:11:41 +0700][ERROR] [2]: ImagesController handler class cannot be loaded

[Sun, 08 Apr 18 20:11:47 +0700][ERROR] [5]: Action 'public' was not found on handler 'event'

[Sun, 08 Apr 18 20:11:47 +0700][ERROR] [5]: Action 'js' was not found on handler 'event'

[Sun, 08 Apr 18 20:11:48 +0700][ERROR] [5]: Action 'public' was not found on handler 'event'

[Sun, 08 Apr 18 20:11:48 +0700][ERROR] [5]: Action 'js' was not found on handler 'event'

[Sun, 08 Apr 18 21:14:54 +0700][ERROR] [2]: ImgController handler class cannot be loaded

[Sun, 08 Apr 18 21:14:55 +0700][ERROR] [2]: ImagesController handler class cannot be loaded

[Sun, 08 Apr 18 21:14:55 +0700][ERROR] [2]: ImagesController handler class cannot be loaded

[Sun, 08 Apr 18 21:15:10 +0700][ERROR] [5]: Action 'public' was not found on handler 'event'

[Sun, 08 Apr 18 21:15:10 +0700][ERROR] [5]: Action 'js' was not found on handler 'event'

[Sun, 08 Apr 18 21:15:10 +0700][ERROR] [5]: Action 'public' was not found on handler 'event'

[Sun, 08 Apr 18 21:15:10 +0700][ERROR] [5]: Action 'js' was not found on handler 'event'

[Sun, 08 Apr 18 21:15:28 +0700][ERROR] [5]: Action 'authen' was not found on handler 'event'

[Sun, 08 Apr 18 21:15:28 +0700][ERROR] [5]: Action 'authen' was not found on handler 'event'

[Sun, 08 Apr 18 21:15:28 +0700][ERROR] [5]: Action 'authen' was not found on handler 'event'

[Sun, 08 Apr 18 21:15:28 +0700][ERROR] [5]: Action 'authen' was not found on handler 'event'

[Sun, 08 Apr 18 21:15:28 +0700][ERROR] [2]: ImgController handler class cannot be loaded

[Sun, 08 Apr 18 21:15:28 +0700][ERROR] [5]: Action 'authen' was not found on handler 'event'

[Sun, 08 Apr 18 21:15:28 +0700][ERROR] [5]: Action 'authen' was not found on handler 'event'

[Sun, 08 Apr 18 21:15:34 +0700][ERROR] [2]: ImgController handler class cannot be loaded

[Sun, 08 Apr 18 21:15:34 +0700][ERROR] [2]: ImagesController handler class cannot be loaded

[Sun, 08 Apr 18 21:15:34 +0700][ERROR] [2]: ImagesController handler class cannot be loaded

[Sun, 08 Apr 18 21:15:37 +0700][ERROR] [2]: ImgController handler class cannot be loaded

[Sun, 08 Apr 18 21:15:37 +0700][ERROR] [2]: ImgController handler class cannot be loaded

[Sun, 08 Apr 18 21:15:37 +0700][ERROR] [2]: ImagesController handler class cannot be loaded

[Sun, 08 Apr 18 21:15:37 +0700][ERROR] [2]: ImagesController handler class cannot be loaded

[Sun, 08 Apr 18 21:15:44 +0700][ERROR] [5]: Action 'vendor' was not found on handler 'authen'

[Sun, 08 Apr 18 21:15:44 +0700][ERROR] [5]: Action 'css' was not found on handler 'authen'

[Sun, 08 Apr 18 21:15:44 +0700][ERROR] [5]: Action 'vendor' was not found on handler 'authen'

[Sun, 08 Apr 18 21:15:44 +0700][ERROR] [5]: Action 'vendor' was not found on handler 'authen'

[Sun, 08 Apr 18 21:15:44 +0700][ERROR] [5]: Action 'vendor' was not found on handler 'authen'

[Sun, 08 Apr 18 21:15:44 +0700][ERROR] [5]: Action 'vendor' was not found on handler 'authen'

[Sun, 08 Apr 18 21:15:56 +0700][ERROR] [2]: ImgController handler class cannot be loaded

[Sun, 08 Apr 18 21:15:57 +0700][ERROR] [2]: ImagesController handler class cannot be loaded

[Sun, 08 Apr 18 21:15:57 +0700][ERROR] [2]: ImagesController handler class cannot be loaded

[Sun, 08 Apr 18 21:16:04 +0700][ERROR] [2]: ImgController handler class cannot be loaded

[Sun, 08 Apr 18 21:16:04 +0700][ERROR] [2]: ImgController handler class cannot be loaded

[Sun, 08 Apr 18 21:16:04 +0700][ERROR] [2]: ImagesController handler class cannot be loaded

[Sun, 08 Apr 18 21:16:04 +0700][ERROR] [2]: ImagesController handler class cannot be loaded

[Sun, 08 Apr 18 22:48:23 +0700][ERROR] [2]: ImgController handler class cannot be loaded

[Sun, 08 Apr 18 22:48:23 +0700][ERROR] [2]: ImgController handler class cannot be loaded

[Sun, 08 Apr 18 22:48:24 +0700][ERROR] [2]: ImagesController handler class cannot be loaded

[Sun, 08 Apr 18 22:48:24 +0700][ERROR] [2]: ImagesController handler class cannot be loaded

[Sun, 08 Apr 18 22:55:12 +0700][ERROR] [5]: Action 'public' was not found on handler 'event'

[Sun, 08 Apr 18 22:55:13 +0700][ERROR] [5]: Action 'js' was not found on handler 'event'

[Sun, 08 Apr 18 22:55:13 +0700][ERROR] [5]: Action 'public' was not found on handler 'event'

[Sun, 08 Apr 18 22:55:13 +0700][ERROR] [5]: Action 'js' was not found on handler 'event'

