[Mon, 09 Apr 18 00:00:29 +0700][ERROR] [5]: Action 'public' was not found on handler 'event'

[Mon, 09 Apr 18 00:00:29 +0700][ERROR] [5]: Action 'js' was not found on handler 'event'

[Mon, 09 Apr 18 00:00:30 +0700][ERROR] [5]: Action 'public' was not found on handler 'event'

[Mon, 09 Apr 18 00:00:30 +0700][ERROR] [5]: Action 'js' was not found on handler 'event'

[Mon, 09 Apr 18 00:07:17 +0700][ERROR] [5]: Action 'public' was not found on handler 'event'

[Mon, 09 Apr 18 00:07:17 +0700][ERROR] [5]: Action 'js' was not found on handler 'event'

[Mon, 09 Apr 18 00:07:17 +0700][ERROR] [5]: Action 'public' was not found on handler 'event'

[Mon, 09 Apr 18 00:07:17 +0700][ERROR] [5]: Action 'js' was not found on handler 'event'

[Mon, 09 Apr 18 01:01:07 +0700][ERROR] [5]: Action 'public' was not found on handler 'event'

[Mon, 09 Apr 18 01:01:07 +0700][ERROR] [5]: Action 'js' was not found on handler 'event'

[Mon, 09 Apr 18 01:01:07 +0700][ERROR] [5]: Action 'public' was not found on handler 'event'

[Mon, 09 Apr 18 01:01:08 +0700][ERROR] [5]: Action 'js' was not found on handler 'event'

[Mon, 09 Apr 18 01:01:42 +0700][ERROR] [5]: Action 'public' was not found on handler 'event'

[Mon, 09 Apr 18 01:01:42 +0700][ERROR] [5]: Action 'js' was not found on handler 'event'

[Mon, 09 Apr 18 01:01:42 +0700][ERROR] [5]: Action 'public' was not found on handler 'event'

[Mon, 09 Apr 18 01:01:42 +0700][ERROR] [5]: Action 'js' was not found on handler 'event'

[Mon, 09 Apr 18 01:03:05 +0700][ERROR] [5]: Action 'public' was not found on handler 'event'

[Mon, 09 Apr 18 01:03:05 +0700][ERROR] [5]: Action 'js' was not found on handler 'event'

[Mon, 09 Apr 18 01:03:05 +0700][ERROR] [5]: Action 'public' was not found on handler 'event'

[Mon, 09 Apr 18 01:03:05 +0700][ERROR] [5]: Action 'js' was not found on handler 'event'

[Mon, 09 Apr 18 01:09:13 +0700][ERROR] [5]: Action 'authen' was not found on handler 'event'

[Mon, 09 Apr 18 01:09:13 +0700][ERROR] [5]: Action 'authen' was not found on handler 'event'

[Mon, 09 Apr 18 01:09:13 +0700][ERROR] [5]: Action 'authen' was not found on handler 'event'

[Mon, 09 Apr 18 01:09:13 +0700][ERROR] [5]: Action 'authen' was not found on handler 'event'

[Mon, 09 Apr 18 01:09:13 +0700][ERROR] [5]: Action 'authen' was not found on handler 'event'

[Mon, 09 Apr 18 01:09:13 +0700][ERROR] [5]: Action 'authen' was not found on handler 'event'

[Mon, 09 Apr 18 01:09:13 +0700][ERROR] [5]: Action 'authen' was not found on handler 'event'

[Mon, 09 Apr 18 01:09:13 +0700][ERROR] [5]: Action 'authen' was not found on handler 'event'

[Mon, 09 Apr 18 01:09:13 +0700][ERROR] [5]: Action 'authen' was not found on handler 'event'

[Mon, 09 Apr 18 01:09:16 +0700][ERROR] [5]: Action 'authen' was not found on handler 'event'

[Mon, 09 Apr 18 01:09:16 +0700][ERROR] [5]: Action 'authen' was not found on handler 'event'

[Mon, 09 Apr 18 01:09:16 +0700][ERROR] [5]: Action 'authen' was not found on handler 'event'

[Mon, 09 Apr 18 01:09:16 +0700][ERROR] [5]: Action 'authen' was not found on handler 'event'

[Mon, 09 Apr 18 01:09:16 +0700][ERROR] [2]: ImgController handler class cannot be loaded

[Mon, 09 Apr 18 01:09:16 +0700][ERROR] [5]: Action 'authen' was not found on handler 'event'

[Mon, 09 Apr 18 01:09:16 +0700][ERROR] [5]: Action 'authen' was not found on handler 'event'

[Mon, 09 Apr 18 01:09:17 +0700][ERROR] [5]: Action 'authen' was not found on handler 'event'

[Mon, 09 Apr 18 01:09:17 +0700][ERROR] [5]: Action 'authen' was not found on handler 'event'

[Mon, 09 Apr 18 01:09:17 +0700][ERROR] [5]: Action 'authen' was not found on handler 'event'

[Mon, 09 Apr 18 01:09:17 +0700][ERROR] [5]: Action 'authen' was not found on handler 'event'

[Mon, 09 Apr 18 01:09:17 +0700][ERROR] [2]: ImgController handler class cannot be loaded

[Mon, 09 Apr 18 01:09:17 +0700][ERROR] [5]: Action 'authen' was not found on handler 'event'

[Mon, 09 Apr 18 01:09:34 +0700][ERROR] [2]: ImgController handler class cannot be loaded

[Mon, 09 Apr 18 01:09:34 +0700][ERROR] [2]: ImagesController handler class cannot be loaded

[Mon, 09 Apr 18 01:09:34 +0700][ERROR] [2]: ImagesController handler class cannot be loaded

[Mon, 09 Apr 18 01:09:52 +0700][ERROR] [2]: ImgController handler class cannot be loaded

[Mon, 09 Apr 18 01:09:52 +0700][ERROR] [2]: ImgController handler class cannot be loaded

[Mon, 09 Apr 18 01:09:52 +0700][ERROR] [2]: ImagesController handler class cannot be loaded

[Mon, 09 Apr 18 01:09:52 +0700][ERROR] [2]: ImagesController handler class cannot be loaded

[Mon, 09 Apr 18 01:10:42 +0700][ERROR] [2]: ImgController handler class cannot be loaded

[Mon, 09 Apr 18 01:10:42 +0700][ERROR] [2]: ImgController handler class cannot be loaded

[Mon, 09 Apr 18 01:10:43 +0700][ERROR] [2]: ImagesController handler class cannot be loaded

[Mon, 09 Apr 18 01:10:43 +0700][ERROR] [2]: ImagesController handler class cannot be loaded

[Mon, 09 Apr 18 01:10:55 +0700][ERROR] [2]: ImgController handler class cannot be loaded

[Mon, 09 Apr 18 01:10:56 +0700][ERROR] [2]: ImagesController handler class cannot be loaded

[Mon, 09 Apr 18 01:10:56 +0700][ERROR] [2]: ImagesController handler class cannot be loaded

[Mon, 09 Apr 18 01:46:27 +0700][ERROR] [5]: Action 'public' was not found on handler 'event'

[Mon, 09 Apr 18 01:46:27 +0700][ERROR] [5]: Action 'js' was not found on handler 'event'

[Mon, 09 Apr 18 01:46:27 +0700][ERROR] [5]: Action 'js' was not found on handler 'event'

[Mon, 09 Apr 18 01:46:27 +0700][ERROR] [5]: Action 'public' was not found on handler 'event'

[Mon, 09 Apr 18 01:46:28 +0700][ERROR] [5]: Action 'js' was not found on handler 'event'

[Mon, 09 Apr 18 01:46:28 +0700][ERROR] [5]: Action 'js' was not found on handler 'event'

[Mon, 09 Apr 18 01:53:45 +0700][ERROR] [2]: ImgController handler class cannot be loaded

[Mon, 09 Apr 18 01:53:45 +0700][ERROR] [2]: ImagesController handler class cannot be loaded

[Mon, 09 Apr 18 01:53:45 +0700][ERROR] [2]: ImagesController handler class cannot be loaded

[Mon, 09 Apr 18 01:53:56 +0700][ERROR] [2]: ImgController handler class cannot be loaded

[Mon, 09 Apr 18 01:53:56 +0700][ERROR] [2]: ImagesController handler class cannot be loaded

[Mon, 09 Apr 18 01:53:56 +0700][ERROR] [2]: ImagesController handler class cannot be loaded

[Mon, 09 Apr 18 01:54:07 +0700][ERROR] [5]: Action 'public' was not found on handler 'event'

[Mon, 09 Apr 18 01:54:07 +0700][ERROR] [5]: Action 'js' was not found on handler 'event'

[Mon, 09 Apr 18 01:54:07 +0700][ERROR] [5]: Action 'js' was not found on handler 'event'

[Mon, 09 Apr 18 01:54:07 +0700][ERROR] [5]: Action 'public' was not found on handler 'event'

[Mon, 09 Apr 18 01:54:07 +0700][ERROR] [5]: Action 'js' was not found on handler 'event'

[Mon, 09 Apr 18 01:54:07 +0700][ERROR] [5]: Action 'js' was not found on handler 'event'

[Mon, 09 Apr 18 02:09:54 +0700][ERROR] [5]: Action 'public' was not found on handler 'event'

[Mon, 09 Apr 18 02:09:54 +0700][ERROR] [5]: Action 'js' was not found on handler 'event'

[Mon, 09 Apr 18 02:09:54 +0700][ERROR] [5]: Action 'public' was not found on handler 'event'

[Mon, 09 Apr 18 02:09:54 +0700][ERROR] [5]: Action 'js' was not found on handler 'event'

[Mon, 09 Apr 18 02:09:59 +0700][ERROR] [5]: Action 'event' was not found on handler 'event'

[Mon, 09 Apr 18 02:09:59 +0700][ERROR] [5]: Action 'js' was not found on handler 'event'

[Mon, 09 Apr 18 02:09:59 +0700][ERROR] [5]: Action 'js' was not found on handler 'event'

[Mon, 09 Apr 18 02:09:59 +0700][ERROR] [5]: Action 'js' was not found on handler 'event'

[Mon, 09 Apr 18 02:10:00 +0700][ERROR] [2]: ImgController handler class cannot be loaded

[Mon, 09 Apr 18 02:10:00 +0700][ERROR] [5]: Action 'js' was not found on handler 'event'

[Mon, 09 Apr 18 02:10:00 +0700][ERROR] [5]: Action 'js' was not found on handler 'event'

[Mon, 09 Apr 18 02:10:00 +0700][ERROR] [5]: Action 'js' was not found on handler 'event'

[Mon, 09 Apr 18 03:10:30 +0700][ERROR] [2]: ImgController handler class cannot be loaded

[Mon, 09 Apr 18 03:10:30 +0700][ERROR] [2]: ImagesController handler class cannot be loaded

[Mon, 09 Apr 18 03:10:30 +0700][ERROR] [2]: ImagesController handler class cannot be loaded

[Mon, 09 Apr 18 03:11:18 +0700][ERROR] [2]: ImgController handler class cannot be loaded

[Mon, 09 Apr 18 03:11:18 +0700][ERROR] [2]: ImagesController handler class cannot be loaded

[Mon, 09 Apr 18 03:11:18 +0700][ERROR] [2]: ImagesController handler class cannot be loaded

[Mon, 09 Apr 18 03:25:55 +0700][ERROR] [2]: ImgController handler class cannot be loaded

[Mon, 09 Apr 18 03:25:56 +0700][ERROR] [2]: ImagesController handler class cannot be loaded

[Mon, 09 Apr 18 03:25:56 +0700][ERROR] [2]: ImagesController handler class cannot be loaded

[Mon, 09 Apr 18 03:26:08 +0700][ERROR] [2]: ImgController handler class cannot be loaded

[Mon, 09 Apr 18 03:26:09 +0700][ERROR] [2]: ImagesController handler class cannot be loaded

[Mon, 09 Apr 18 03:26:09 +0700][ERROR] [2]: ImagesController handler class cannot be loaded

[Mon, 09 Apr 18 03:26:19 +0700][ERROR] [2]: ImgController handler class cannot be loaded

[Mon, 09 Apr 18 03:26:19 +0700][ERROR] [2]: ImagesController handler class cannot be loaded

[Mon, 09 Apr 18 03:26:19 +0700][ERROR] [2]: ImagesController handler class cannot be loaded

[Mon, 09 Apr 18 04:07:35 +0700][ERROR] [2]: ImgController handler class cannot be loaded

[Mon, 09 Apr 18 04:07:36 +0700][ERROR] [2]: ImagesController handler class cannot be loaded

[Mon, 09 Apr 18 04:07:36 +0700][ERROR] [2]: ImagesController handler class cannot be loaded

[Mon, 09 Apr 18 04:12:00 +0700][ERROR] [5]: Action 'public' was not found on handler 'event'

[Mon, 09 Apr 18 04:12:00 +0700][ERROR] [5]: Action 'js' was not found on handler 'event'

[Mon, 09 Apr 18 04:12:00 +0700][ERROR] [5]: Action 'public' was not found on handler 'event'

[Mon, 09 Apr 18 04:12:01 +0700][ERROR] [5]: Action 'js' was not found on handler 'event'

[Mon, 09 Apr 18 04:12:04 +0700][ERROR] [5]: Action 'event' was not found on handler 'event'

[Mon, 09 Apr 18 04:12:04 +0700][ERROR] [5]: Action 'event' was not found on handler 'event'

[Mon, 09 Apr 18 04:12:04 +0700][ERROR] [5]: Action 'event' was not found on handler 'event'

[Mon, 09 Apr 18 04:12:04 +0700][ERROR] [2]: ImgController handler class cannot be loaded

[Mon, 09 Apr 18 04:12:04 +0700][ERROR] [5]: Action 'event' was not found on handler 'event'

[Mon, 09 Apr 18 04:12:11 +0700][ERROR] [2]: ImgController handler class cannot be loaded

[Mon, 09 Apr 18 04:12:11 +0700][ERROR] [2]: ImagesController handler class cannot be loaded

[Mon, 09 Apr 18 04:12:11 +0700][ERROR] [2]: ImagesController handler class cannot be loaded

[Mon, 09 Apr 18 04:15:30 +0700][ERROR] [2]: ImgController handler class cannot be loaded

[Mon, 09 Apr 18 04:15:30 +0700][ERROR] [2]: ImagesController handler class cannot be loaded

[Mon, 09 Apr 18 04:15:30 +0700][ERROR] [2]: ImagesController handler class cannot be loaded

[Mon, 09 Apr 18 04:43:30 +0700][ERROR] [5]: Action 'public' was not found on handler 'event'

[Mon, 09 Apr 18 04:43:30 +0700][ERROR] [5]: Action 'js' was not found on handler 'event'

[Mon, 09 Apr 18 04:43:30 +0700][ERROR] [5]: Action 'public' was not found on handler 'event'

[Mon, 09 Apr 18 04:43:30 +0700][ERROR] [5]: Action 'js' was not found on handler 'event'

[Mon, 09 Apr 18 04:43:31 +0700][ERROR] [5]: Action 'event' was not found on handler 'event'

[Mon, 09 Apr 18 04:43:31 +0700][ERROR] [5]: Action 'event' was not found on handler 'event'

[Mon, 09 Apr 18 04:43:31 +0700][ERROR] [5]: Action 'event' was not found on handler 'event'

[Mon, 09 Apr 18 04:43:31 +0700][ERROR] [5]: Action 'event' was not found on handler 'event'

[Mon, 09 Apr 18 04:43:32 +0700][ERROR] [5]: Action 'event' was not found on handler 'event'

[Mon, 09 Apr 18 04:43:32 +0700][ERROR] [5]: Action 'event' was not found on handler 'event'

[Mon, 09 Apr 18 04:43:32 +0700][ERROR] [5]: Action 'event' was not found on handler 'event'

[Mon, 09 Apr 18 04:43:45 +0700][ERROR] [5]: Action 'public' was not found on handler 'event'

[Mon, 09 Apr 18 04:43:45 +0700][ERROR] [5]: Action 'public' was not found on handler 'event'

[Mon, 09 Apr 18 04:44:17 +0700][ERROR] [5]: Action 'event' was not found on handler 'event'

[Mon, 09 Apr 18 04:44:17 +0700][ERROR] [5]: Action 'event' was not found on handler 'event'

[Mon, 09 Apr 18 04:44:17 +0700][ERROR] [5]: Action 'event' was not found on handler 'event'

[Mon, 09 Apr 18 04:44:17 +0700][ERROR] [5]: Action 'event' was not found on handler 'event'

[Mon, 09 Apr 18 04:44:17 +0700][ERROR] [5]: Action 'event' was not found on handler 'event'

[Mon, 09 Apr 18 04:44:17 +0700][ERROR] [2]: ImgController handler class cannot be loaded

[Mon, 09 Apr 18 04:44:17 +0700][ERROR] [5]: Action 'event' was not found on handler 'event'

[Mon, 09 Apr 18 04:44:17 +0700][ERROR] [5]: Action 'event' was not found on handler 'event'

[Mon, 09 Apr 18 04:44:17 +0700][ERROR] [5]: Action 'event' was not found on handler 'event'

[Mon, 09 Apr 18 04:44:20 +0700][ERROR] [5]: Action 'public' was not found on handler 'event'

[Mon, 09 Apr 18 04:44:38 +0700][ERROR] [5]: Action 'public' was not found on handler 'event'

[Mon, 09 Apr 18 04:44:38 +0700][ERROR] [5]: Action 'js' was not found on handler 'event'

[Mon, 09 Apr 18 04:44:38 +0700][ERROR] [5]: Action 'public' was not found on handler 'event'

[Mon, 09 Apr 18 04:44:38 +0700][ERROR] [5]: Action 'js' was not found on handler 'event'

[Mon, 09 Apr 18 04:44:40 +0700][ERROR] [5]: Action 'event' was not found on handler 'event'

[Mon, 09 Apr 18 04:44:40 +0700][ERROR] [5]: Action 'event' was not found on handler 'event'

[Mon, 09 Apr 18 04:44:40 +0700][ERROR] [5]: Action 'event' was not found on handler 'event'

[Mon, 09 Apr 18 04:44:40 +0700][ERROR] [2]: ImgController handler class cannot be loaded

[Mon, 09 Apr 18 04:44:40 +0700][ERROR] [5]: Action 'event' was not found on handler 'event'

[Mon, 09 Apr 18 04:45:28 +0700][ERROR] [5]: Action 'event' was not found on handler 'event'

[Mon, 09 Apr 18 04:45:28 +0700][ERROR] [5]: Action 'event' was not found on handler 'event'

[Mon, 09 Apr 18 04:45:28 +0700][ERROR] [5]: Action 'event' was not found on handler 'event'

[Mon, 09 Apr 18 04:45:28 +0700][ERROR] [5]: Action 'event' was not found on handler 'event'

[Mon, 09 Apr 18 04:45:28 +0700][ERROR] [2]: ImgController handler class cannot be loaded

[Mon, 09 Apr 18 04:45:28 +0700][ERROR] [5]: Action 'event' was not found on handler 'event'

[Mon, 09 Apr 18 04:45:29 +0700][ERROR] [5]: Action 'event' was not found on handler 'event'

[Mon, 09 Apr 18 04:45:32 +0700][ERROR] [2]: ImgController handler class cannot be loaded

[Mon, 09 Apr 18 04:45:32 +0700][ERROR] [2]: ImagesController handler class cannot be loaded

[Mon, 09 Apr 18 04:45:32 +0700][ERROR] [2]: ImagesController handler class cannot be loaded

[Mon, 09 Apr 18 04:45:43 +0700][ERROR] [2]: ImgController handler class cannot be loaded

[Mon, 09 Apr 18 04:45:43 +0700][ERROR] [2]: ImagesController handler class cannot be loaded

[Mon, 09 Apr 18 04:45:43 +0700][ERROR] [2]: ImagesController handler class cannot be loaded

[Mon, 09 Apr 18 04:45:49 +0700][ERROR] [2]: ImgController handler class cannot be loaded

[Mon, 09 Apr 18 04:45:49 +0700][ERROR] [2]: ImagesController handler class cannot be loaded

[Mon, 09 Apr 18 04:45:49 +0700][ERROR] [2]: ImagesController handler class cannot be loaded

[Mon, 09 Apr 18 04:46:11 +0700][ERROR] [2]: ImgController handler class cannot be loaded

[Mon, 09 Apr 18 04:46:11 +0700][ERROR] [2]: ImagesController handler class cannot be loaded

[Mon, 09 Apr 18 04:46:11 +0700][ERROR] [2]: ImagesController handler class cannot be loaded

[Mon, 09 Apr 18 05:26:06 +0700][ERROR] [2]: ImgController handler class cannot be loaded

[Mon, 09 Apr 18 05:26:07 +0700][ERROR] [2]: ImagesController handler class cannot be loaded

[Mon, 09 Apr 18 05:26:07 +0700][ERROR] [2]: ImagesController handler class cannot be loaded

[Mon, 09 Apr 18 05:27:31 +0700][ERROR] [2]: ImgController handler class cannot be loaded

[Mon, 09 Apr 18 05:27:32 +0700][ERROR] [2]: ImagesController handler class cannot be loaded

[Mon, 09 Apr 18 05:27:32 +0700][ERROR] [2]: ImagesController handler class cannot be loaded

[Mon, 09 Apr 18 05:29:37 +0700][ERROR] [2]: ImgController handler class cannot be loaded

[Mon, 09 Apr 18 05:29:37 +0700][ERROR] [2]: ImagesController handler class cannot be loaded

[Mon, 09 Apr 18 05:29:37 +0700][ERROR] [2]: ImagesController handler class cannot be loaded

[Mon, 09 Apr 18 05:31:33 +0700][ERROR] [2]: ImgController handler class cannot be loaded

[Mon, 09 Apr 18 05:31:33 +0700][ERROR] [2]: ImagesController handler class cannot be loaded

[Mon, 09 Apr 18 05:31:33 +0700][ERROR] [2]: ImagesController handler class cannot be loaded

[Mon, 09 Apr 18 05:38:02 +0700][ERROR] [2]: ImgController handler class cannot be loaded

[Mon, 09 Apr 18 05:38:02 +0700][ERROR] [2]: ImagesController handler class cannot be loaded

[Mon, 09 Apr 18 05:38:02 +0700][ERROR] [2]: ImagesController handler class cannot be loaded

[Mon, 09 Apr 18 05:38:27 +0700][ERROR] [2]: ImgController handler class cannot be loaded

[Mon, 09 Apr 18 05:38:27 +0700][ERROR] [2]: ImagesController handler class cannot be loaded

[Mon, 09 Apr 18 05:38:27 +0700][ERROR] [2]: ImagesController handler class cannot be loaded

[Mon, 09 Apr 18 05:38:42 +0700][ERROR] [2]: ImgController handler class cannot be loaded

[Mon, 09 Apr 18 05:38:43 +0700][ERROR] [2]: ImagesController handler class cannot be loaded

[Mon, 09 Apr 18 05:38:43 +0700][ERROR] [2]: ImagesController handler class cannot be loaded

[Mon, 09 Apr 18 05:39:05 +0700][ERROR] [2]: ImgController handler class cannot be loaded

[Mon, 09 Apr 18 05:39:05 +0700][ERROR] [2]: ImagesController handler class cannot be loaded

[Mon, 09 Apr 18 05:39:05 +0700][ERROR] [2]: ImagesController handler class cannot be loaded

[Mon, 09 Apr 18 05:39:52 +0700][ERROR] [2]: ImgController handler class cannot be loaded

[Mon, 09 Apr 18 05:39:52 +0700][ERROR] [2]: ImagesController handler class cannot be loaded

[Mon, 09 Apr 18 05:39:53 +0700][ERROR] [2]: ImagesController handler class cannot be loaded

[Mon, 09 Apr 18 05:40:15 +0700][ERROR] [2]: ImgController handler class cannot be loaded

[Mon, 09 Apr 18 05:40:15 +0700][ERROR] [2]: ImagesController handler class cannot be loaded

[Mon, 09 Apr 18 05:40:15 +0700][ERROR] [2]: ImagesController handler class cannot be loaded

[Mon, 09 Apr 18 05:40:55 +0700][ERROR] [2]: ImgController handler class cannot be loaded

[Mon, 09 Apr 18 05:40:56 +0700][ERROR] [2]: ImagesController handler class cannot be loaded

[Mon, 09 Apr 18 05:40:56 +0700][ERROR] [2]: ImagesController handler class cannot be loaded

[Mon, 09 Apr 18 05:45:56 +0700][ERROR] [2]: ImgController handler class cannot be loaded

[Mon, 09 Apr 18 05:45:56 +0700][ERROR] [2]: ImagesController handler class cannot be loaded

[Mon, 09 Apr 18 05:45:56 +0700][ERROR] [2]: ImagesController handler class cannot be loaded

[Mon, 09 Apr 18 05:47:22 +0700][ERROR] [2]: ImgController handler class cannot be loaded

[Mon, 09 Apr 18 05:47:22 +0700][ERROR] [2]: ImagesController handler class cannot be loaded

[Mon, 09 Apr 18 05:47:22 +0700][ERROR] [2]: ImagesController handler class cannot be loaded

[Mon, 09 Apr 18 05:47:37 +0700][ERROR] [2]: ImgController handler class cannot be loaded

[Mon, 09 Apr 18 05:47:37 +0700][ERROR] [2]: ImagesController handler class cannot be loaded

[Mon, 09 Apr 18 05:47:37 +0700][ERROR] [2]: ImagesController handler class cannot be loaded

[Mon, 09 Apr 18 05:49:17 +0700][ERROR] [5]: Action 'public' was not found on handler 'event'

[Mon, 09 Apr 18 05:49:17 +0700][ERROR] [5]: Action 'js' was not found on handler 'event'

[Mon, 09 Apr 18 05:49:17 +0700][ERROR] [5]: Action 'public' was not found on handler 'event'

[Mon, 09 Apr 18 05:49:17 +0700][ERROR] [5]: Action 'js' was not found on handler 'event'

[Mon, 09 Apr 18 05:58:10 +0700][ERROR] [2]: ImgController handler class cannot be loaded

[Mon, 09 Apr 18 05:58:11 +0700][ERROR] [2]: ImagesController handler class cannot be loaded

[Mon, 09 Apr 18 05:58:11 +0700][ERROR] [2]: ImagesController handler class cannot be loaded

[Mon, 09 Apr 18 05:58:26 +0700][ERROR] [2]: ImgController handler class cannot be loaded

[Mon, 09 Apr 18 05:58:26 +0700][ERROR] [2]: ImagesController handler class cannot be loaded

[Mon, 09 Apr 18 05:58:26 +0700][ERROR] [2]: ImagesController handler class cannot be loaded

[Mon, 09 Apr 18 05:58:37 +0700][ERROR] [5]: Action 'js' was not found on handler 'event'

[Mon, 09 Apr 18 05:58:37 +0700][ERROR] [5]: Action 'js' was not found on handler 'event'

[Mon, 09 Apr 18 05:58:38 +0700][ERROR] [5]: Action 'js' was not found on handler 'event'

[Mon, 09 Apr 18 05:58:38 +0700][ERROR] [5]: Action 'js' was not found on handler 'event'

[Mon, 09 Apr 18 06:04:33 +0700][ERROR] [5]: Action 'js' was not found on handler 'event'

[Mon, 09 Apr 18 06:04:33 +0700][ERROR] [5]: Action 'public' was not found on handler 'event'

[Mon, 09 Apr 18 06:04:33 +0700][ERROR] [5]: Action 'public' was not found on handler 'event'

[Mon, 09 Apr 18 06:05:23 +0700][ERROR] [5]: Action 'public' was not found on handler 'event'

[Mon, 09 Apr 18 06:05:23 +0700][ERROR] [5]: Action 'js' was not found on handler 'event'

[Mon, 09 Apr 18 06:05:23 +0700][ERROR] [5]: Action 'js' was not found on handler 'event'

[Mon, 09 Apr 18 06:05:23 +0700][ERROR] [5]: Action 'public' was not found on handler 'event'

[Mon, 09 Apr 18 06:05:23 +0700][ERROR] [5]: Action 'js' was not found on handler 'event'

[Mon, 09 Apr 18 06:05:23 +0700][ERROR] [5]: Action 'js' was not found on handler 'event'

[Mon, 09 Apr 18 06:06:17 +0700][ERROR] [2]: ImgController handler class cannot be loaded

[Mon, 09 Apr 18 06:06:18 +0700][ERROR] [2]: ImagesController handler class cannot be loaded

[Mon, 09 Apr 18 06:06:18 +0700][ERROR] [2]: ImagesController handler class cannot be loaded

[Mon, 09 Apr 18 06:06:22 +0700][ERROR] [2]: ImgController handler class cannot be loaded

[Mon, 09 Apr 18 06:06:23 +0700][ERROR] [2]: ImagesController handler class cannot be loaded

[Mon, 09 Apr 18 06:06:23 +0700][ERROR] [2]: ImagesController handler class cannot be loaded

[Mon, 09 Apr 18 06:06:34 +0700][ERROR] [2]: ImgController handler class cannot be loaded

[Mon, 09 Apr 18 06:06:34 +0700][ERROR] [2]: ImagesController handler class cannot be loaded

[Mon, 09 Apr 18 06:06:34 +0700][ERROR] [2]: ImagesController handler class cannot be loaded

[Mon, 09 Apr 18 06:09:10 +0700][ERROR] [2]: ImgController handler class cannot be loaded

[Mon, 09 Apr 18 06:09:10 +0700][ERROR] [2]: ImagesController handler class cannot be loaded

[Mon, 09 Apr 18 06:09:10 +0700][ERROR] [2]: ImagesController handler class cannot be loaded

[Mon, 09 Apr 18 06:10:18 +0700][ERROR] [2]: ImgController handler class cannot be loaded

[Mon, 09 Apr 18 06:10:19 +0700][ERROR] [2]: ImagesController handler class cannot be loaded

[Mon, 09 Apr 18 06:10:19 +0700][ERROR] [2]: ImagesController handler class cannot be loaded

[Mon, 09 Apr 18 12:22:45 +0700][ERROR] [2]: ImgController handler class cannot be loaded

[Mon, 09 Apr 18 12:22:49 +0700][ERROR] [2]: ImagesController handler class cannot be loaded

[Mon, 09 Apr 18 12:22:49 +0700][ERROR] [2]: ImagesController handler class cannot be loaded

[Mon, 09 Apr 18 12:23:23 +0700][ERROR] [2]: ImgController handler class cannot be loaded

[Mon, 09 Apr 18 12:23:23 +0700][ERROR] [2]: ImagesController handler class cannot be loaded

[Mon, 09 Apr 18 12:23:23 +0700][ERROR] [2]: ImagesController handler class cannot be loaded

[Mon, 09 Apr 18 12:54:47 +0700][ERROR] [2]: ImgController handler class cannot be loaded

[Mon, 09 Apr 18 12:54:47 +0700][ERROR] [2]: ImagesController handler class cannot be loaded

[Mon, 09 Apr 18 12:54:47 +0700][ERROR] [2]: ImagesController handler class cannot be loaded

[Mon, 09 Apr 18 12:54:53 +0700][ERROR] [5]: Action 'public' was not found on handler 'event'

[Mon, 09 Apr 18 12:54:53 +0700][ERROR] [5]: Action 'js' was not found on handler 'event'

[Mon, 09 Apr 18 12:54:53 +0700][ERROR] [5]: Action 'public' was not found on handler 'event'

[Mon, 09 Apr 18 12:54:53 +0700][ERROR] [5]: Action 'js' was not found on handler 'event'

[Mon, 09 Apr 18 12:56:32 +0700][ERROR] [5]: Action 'public' was not found on handler 'event'

[Mon, 09 Apr 18 12:56:32 +0700][ERROR] [5]: Action 'js' was not found on handler 'event'

[Mon, 09 Apr 18 12:56:32 +0700][ERROR] [5]: Action 'public' was not found on handler 'event'

[Mon, 09 Apr 18 12:56:32 +0700][ERROR] [5]: Action 'js' was not found on handler 'event'

[Mon, 09 Apr 18 12:56:36 +0700][ERROR] [5]: Action 'event' was not found on handler 'event'

[Mon, 09 Apr 18 12:56:36 +0700][ERROR] [5]: Action 'js' was not found on handler 'event'

[Mon, 09 Apr 18 12:56:36 +0700][ERROR] [5]: Action 'js' was not found on handler 'event'

[Mon, 09 Apr 18 12:56:36 +0700][ERROR] [5]: Action 'js' was not found on handler 'event'

[Mon, 09 Apr 18 12:56:36 +0700][ERROR] [2]: ImgController handler class cannot be loaded

[Mon, 09 Apr 18 12:56:36 +0700][ERROR] [5]: Action 'js' was not found on handler 'event'

[Mon, 09 Apr 18 12:56:36 +0700][ERROR] [5]: Action 'js' was not found on handler 'event'

[Mon, 09 Apr 18 12:56:36 +0700][ERROR] [5]: Action 'js' was not found on handler 'event'

[Mon, 09 Apr 18 12:56:42 +0700][ERROR] [2]: ImgController handler class cannot be loaded

[Mon, 09 Apr 18 12:56:42 +0700][ERROR] [2]: ImagesController handler class cannot be loaded

[Mon, 09 Apr 18 12:56:42 +0700][ERROR] [2]: ImagesController handler class cannot be loaded

[Mon, 09 Apr 18 13:08:46 +0700][ERROR] [5]: Action 'public' was not found on handler 'event'

[Mon, 09 Apr 18 13:08:46 +0700][ERROR] [5]: Action 'js' was not found on handler 'event'

[Mon, 09 Apr 18 13:08:46 +0700][ERROR] [5]: Action 'js' was not found on handler 'event'

[Mon, 09 Apr 18 13:08:46 +0700][ERROR] [5]: Action 'public' was not found on handler 'event'

[Mon, 09 Apr 18 13:08:46 +0700][ERROR] [5]: Action 'js' was not found on handler 'event'

[Mon, 09 Apr 18 13:08:46 +0700][ERROR] [5]: Action 'js' was not found on handler 'event'

[Mon, 09 Apr 18 13:16:37 +0700][ERROR] [5]: Action 'public' was not found on handler 'event'

[Mon, 09 Apr 18 13:16:37 +0700][ERROR] [5]: Action 'js' was not found on handler 'event'

[Mon, 09 Apr 18 13:16:37 +0700][ERROR] [5]: Action 'public' was not found on handler 'event'

[Mon, 09 Apr 18 13:16:37 +0700][ERROR] [5]: Action 'js' was not found on handler 'event'

[Mon, 09 Apr 18 13:16:40 +0700][ERROR] [5]: Action 'event' was not found on handler 'event'

[Mon, 09 Apr 18 13:16:40 +0700][ERROR] [5]: Action 'event' was not found on handler 'event'

[Mon, 09 Apr 18 13:16:40 +0700][ERROR] [5]: Action 'event' was not found on handler 'event'

[Mon, 09 Apr 18 13:16:40 +0700][ERROR] [5]: Action 'event' was not found on handler 'event'

[Mon, 09 Apr 18 13:16:40 +0700][ERROR] [5]: Action 'event' was not found on handler 'event'

[Mon, 09 Apr 18 13:16:40 +0700][ERROR] [5]: Action 'event' was not found on handler 'event'

[Mon, 09 Apr 18 13:16:40 +0700][ERROR] [5]: Action 'event' was not found on handler 'event'

[Mon, 09 Apr 18 13:16:40 +0700][ERROR] [5]: Action 'event' was not found on handler 'event'

[Mon, 09 Apr 18 13:16:40 +0700][ERROR] [5]: Action 'event' was not found on handler 'event'

[Mon, 09 Apr 18 13:16:45 +0700][ERROR] [5]: Action 'public' was not found on handler 'event'

[Mon, 09 Apr 18 13:16:45 +0700][ERROR] [5]: Action 'public' was not found on handler 'event'

[Mon, 09 Apr 18 13:23:57 +0700][ERROR] [2]: ImgController handler class cannot be loaded

[Mon, 09 Apr 18 13:23:58 +0700][ERROR] [2]: ImagesController handler class cannot be loaded

[Mon, 09 Apr 18 13:23:58 +0700][ERROR] [2]: ImagesController handler class cannot be loaded

[Mon, 09 Apr 18 13:26:48 +0700][ERROR] [2]: ImgController handler class cannot be loaded

[Mon, 09 Apr 18 13:26:49 +0700][ERROR] [2]: ImagesController handler class cannot be loaded

[Mon, 09 Apr 18 13:26:49 +0700][ERROR] [2]: ImagesController handler class cannot be loaded

[Mon, 09 Apr 18 13:28:08 +0700][ERROR] [5]: Action 'public' was not found on handler 'event'

[Mon, 09 Apr 18 13:28:09 +0700][ERROR] [5]: Action 'js' was not found on handler 'event'

[Mon, 09 Apr 18 13:28:09 +0700][ERROR] [5]: Action 'public' was not found on handler 'event'

[Mon, 09 Apr 18 13:28:09 +0700][ERROR] [5]: Action 'js' was not found on handler 'event'

[Mon, 09 Apr 18 13:28:16 +0700][ERROR] [2]: ImgController handler class cannot be loaded

[Mon, 09 Apr 18 13:28:16 +0700][ERROR] [2]: ImagesController handler class cannot be loaded

[Mon, 09 Apr 18 13:28:16 +0700][ERROR] [2]: ImagesController handler class cannot be loaded

[Mon, 09 Apr 18 13:34:14 +0700][ERROR] [2]: ImgController handler class cannot be loaded

[Mon, 09 Apr 18 13:34:14 +0700][ERROR] [2]: ImagesController handler class cannot be loaded

[Mon, 09 Apr 18 13:34:14 +0700][ERROR] [2]: ImagesController handler class cannot be loaded

[Mon, 09 Apr 18 13:43:27 +0700][ERROR] [2]: ImgController handler class cannot be loaded

[Mon, 09 Apr 18 13:43:30 +0700][ERROR] [2]: ImagesController handler class cannot be loaded

[Mon, 09 Apr 18 13:43:30 +0700][ERROR] [2]: ImagesController handler class cannot be loaded

[Mon, 09 Apr 18 13:57:39 +0700][ERROR] [2]: ImgController handler class cannot be loaded

[Mon, 09 Apr 18 13:57:40 +0700][ERROR] [2]: ImagesController handler class cannot be loaded

[Mon, 09 Apr 18 13:57:40 +0700][ERROR] [2]: ImagesController handler class cannot be loaded

[Mon, 09 Apr 18 13:57:43 +0700][ERROR] [2]: ImgController handler class cannot be loaded

[Mon, 09 Apr 18 13:57:43 +0700][ERROR] [2]: ImagesController handler class cannot be loaded

[Mon, 09 Apr 18 13:57:44 +0700][ERROR] [2]: ImagesController handler class cannot be loaded

[Mon, 09 Apr 18 13:57:49 +0700][ERROR] [5]: Action 'public' was not found on handler 'event'

[Mon, 09 Apr 18 13:57:50 +0700][ERROR] [5]: Action 'js' was not found on handler 'event'

[Mon, 09 Apr 18 13:57:50 +0700][ERROR] [5]: Action 'public' was not found on handler 'event'

[Mon, 09 Apr 18 13:57:50 +0700][ERROR] [5]: Action 'js' was not found on handler 'event'

[Mon, 09 Apr 18 14:00:21 +0700][ERROR] [2]: ImgController handler class cannot be loaded

[Mon, 09 Apr 18 14:00:22 +0700][ERROR] [2]: ImagesController handler class cannot be loaded

[Mon, 09 Apr 18 14:00:22 +0700][ERROR] [2]: ImagesController handler class cannot be loaded

[Mon, 09 Apr 18 14:04:39 +0700][ERROR] [2]: ImgController handler class cannot be loaded

[Mon, 09 Apr 18 14:04:40 +0700][ERROR] [2]: ImagesController handler class cannot be loaded

[Mon, 09 Apr 18 14:04:40 +0700][ERROR] [2]: ImagesController handler class cannot be loaded

[Mon, 09 Apr 18 14:07:48 +0700][ERROR] [5]: Action 'public' was not found on handler 'event'

[Mon, 09 Apr 18 14:07:48 +0700][ERROR] [5]: Action 'js' was not found on handler 'event'

[Mon, 09 Apr 18 14:07:48 +0700][ERROR] [5]: Action 'public' was not found on handler 'event'

[Mon, 09 Apr 18 14:07:48 +0700][ERROR] [5]: Action 'js' was not found on handler 'event'

[Mon, 09 Apr 18 14:08:07 +0700][ERROR] [5]: Action 'public' was not found on handler 'event'

[Mon, 09 Apr 18 14:08:07 +0700][ERROR] [5]: Action 'js' was not found on handler 'event'

[Mon, 09 Apr 18 14:08:08 +0700][ERROR] [5]: Action 'public' was not found on handler 'event'

[Mon, 09 Apr 18 14:08:08 +0700][ERROR] [5]: Action 'js' was not found on handler 'event'

[Mon, 09 Apr 18 14:08:24 +0700][ERROR] [2]: ImgController handler class cannot be loaded

[Mon, 09 Apr 18 14:08:24 +0700][ERROR] [2]: ImagesController handler class cannot be loaded

[Mon, 09 Apr 18 14:08:24 +0700][ERROR] [2]: ImagesController handler class cannot be loaded

[Mon, 09 Apr 18 14:16:10 +0700][ERROR] [2]: ImgController handler class cannot be loaded

[Mon, 09 Apr 18 14:16:10 +0700][ERROR] [2]: ImagesController handler class cannot be loaded

[Mon, 09 Apr 18 14:16:10 +0700][ERROR] [2]: ImagesController handler class cannot be loaded

[Mon, 09 Apr 18 14:16:19 +0700][ERROR] [5]: Action 'public' was not found on handler 'event'

[Mon, 09 Apr 18 14:16:20 +0700][ERROR] [5]: Action 'js' was not found on handler 'event'

[Mon, 09 Apr 18 14:16:20 +0700][ERROR] [5]: Action 'js' was not found on handler 'event'

[Mon, 09 Apr 18 14:16:20 +0700][ERROR] [5]: Action 'public' was not found on handler 'event'

[Mon, 09 Apr 18 14:16:20 +0700][ERROR] [5]: Action 'js' was not found on handler 'event'

[Mon, 09 Apr 18 14:16:20 +0700][ERROR] [5]: Action 'js' was not found on handler 'event'

[Mon, 09 Apr 18 14:20:50 +0700][ERROR] [2]: ImgController handler class cannot be loaded

[Mon, 09 Apr 18 14:20:50 +0700][ERROR] [2]: ImagesController handler class cannot be loaded

[Mon, 09 Apr 18 14:20:50 +0700][ERROR] [2]: ImagesController handler class cannot be loaded

[Mon, 09 Apr 18 14:20:52 +0700][ERROR] [2]: ImgController handler class cannot be loaded

[Mon, 09 Apr 18 14:20:52 +0700][ERROR] [2]: ImagesController handler class cannot be loaded

[Mon, 09 Apr 18 14:20:53 +0700][ERROR] [2]: ImagesController handler class cannot be loaded

[Mon, 09 Apr 18 14:23:21 +0700][ERROR] [2]: ImgController handler class cannot be loaded

[Mon, 09 Apr 18 14:23:22 +0700][ERROR] [2]: ImagesController handler class cannot be loaded

[Mon, 09 Apr 18 14:23:22 +0700][ERROR] [2]: ImagesController handler class cannot be loaded

[Mon, 09 Apr 18 14:27:12 +0700][ERROR] [2]: ImgController handler class cannot be loaded

[Mon, 09 Apr 18 14:27:12 +0700][ERROR] [2]: ImagesController handler class cannot be loaded

[Mon, 09 Apr 18 14:27:12 +0700][ERROR] [2]: ImagesController handler class cannot be loaded

[Mon, 09 Apr 18 14:31:31 +0700][ERROR] [2]: ImgController handler class cannot be loaded

[Mon, 09 Apr 18 14:31:31 +0700][ERROR] [2]: ImagesController handler class cannot be loaded

[Mon, 09 Apr 18 14:31:31 +0700][ERROR] [2]: ImagesController handler class cannot be loaded

[Mon, 09 Apr 18 14:32:40 +0700][ERROR] [2]: ImgController handler class cannot be loaded

[Mon, 09 Apr 18 14:32:40 +0700][ERROR] [2]: ImagesController handler class cannot be loaded

[Mon, 09 Apr 18 14:32:41 +0700][ERROR] [2]: ImagesController handler class cannot be loaded

[Mon, 09 Apr 18 14:32:44 +0700][ERROR] [5]: Action 'public' was not found on handler 'event'

[Mon, 09 Apr 18 14:32:44 +0700][ERROR] [5]: Action 'js' was not found on handler 'event'

[Mon, 09 Apr 18 14:32:44 +0700][ERROR] [5]: Action 'public' was not found on handler 'event'

[Mon, 09 Apr 18 14:32:44 +0700][ERROR] [5]: Action 'js' was not found on handler 'event'

[Mon, 09 Apr 18 14:33:20 +0700][ERROR] [2]: ImgController handler class cannot be loaded

[Mon, 09 Apr 18 14:33:20 +0700][ERROR] [2]: ImagesController handler class cannot be loaded

[Mon, 09 Apr 18 14:33:21 +0700][ERROR] [2]: ImagesController handler class cannot be loaded

[Mon, 09 Apr 18 14:33:53 +0700][ERROR] [2]: ImgController handler class cannot be loaded

[Mon, 09 Apr 18 14:33:53 +0700][ERROR] [2]: ImagesController handler class cannot be loaded

[Mon, 09 Apr 18 14:33:53 +0700][ERROR] [2]: ImagesController handler class cannot be loaded

[Mon, 09 Apr 18 14:40:38 +0700][ERROR] [2]: ImgController handler class cannot be loaded

[Mon, 09 Apr 18 14:40:39 +0700][ERROR] [2]: ImagesController handler class cannot be loaded

[Mon, 09 Apr 18 14:40:39 +0700][ERROR] [2]: ImagesController handler class cannot be loaded

[Mon, 09 Apr 18 14:44:57 +0700][ERROR] [2]: ImgController handler class cannot be loaded

[Mon, 09 Apr 18 14:44:58 +0700][ERROR] [2]: ImagesController handler class cannot be loaded

[Mon, 09 Apr 18 14:44:58 +0700][ERROR] [2]: ImagesController handler class cannot be loaded

[Mon, 09 Apr 18 14:45:00 +0700][ERROR] [5]: Action 'fonts' was not found on handler 'authen'

[Mon, 09 Apr 18 14:45:00 +0700][ERROR] [5]: Action 'vendor' was not found on handler 'authen'

[Mon, 09 Apr 18 14:45:01 +0700][ERROR] [5]: Action 'vendor' was not found on handler 'authen'

[Mon, 09 Apr 18 14:45:01 +0700][ERROR] [5]: Action 'vendor' was not found on handler 'authen'

[Mon, 09 Apr 18 14:45:01 +0700][ERROR] [5]: Action 'vendor' was not found on handler 'authen'

[Mon, 09 Apr 18 14:45:01 +0700][ERROR] [5]: Action 'vendor' was not found on handler 'authen'

[Mon, 09 Apr 18 14:45:01 +0700][ERROR] [5]: Action 'vendor' was not found on handler 'authen'

[Mon, 09 Apr 18 14:45:13 +0700][ERROR] [2]: ImgController handler class cannot be loaded

[Mon, 09 Apr 18 14:45:14 +0700][ERROR] [2]: ImagesController handler class cannot be loaded

[Mon, 09 Apr 18 14:45:14 +0700][ERROR] [2]: ImagesController handler class cannot be loaded

[Mon, 09 Apr 18 14:45:26 +0700][ERROR] [2]: ImgController handler class cannot be loaded

[Mon, 09 Apr 18 14:45:26 +0700][ERROR] [2]: ImagesController handler class cannot be loaded

[Mon, 09 Apr 18 14:45:26 +0700][ERROR] [2]: ImagesController handler class cannot be loaded

